›15:17:17.738 [Test worker] WARN fontys.s3.uplifted.business.impl.CourseServiceImpl -- Course has no parts or no uploaded files, skipping file attachment.
›15:17:19.176 [Test worker] WARN fontys.s3.uplifted.business.impl.CourseServiceImpl -- Course has no parts or no uploaded files, skipping file attachment.
›15:17:19.207 [Test worker] WARN fontys.s3.uplifted.business.impl.CourseServiceImpl -- Course has no parts or no uploaded files, skipping file attachment.
x15:17:19.390 [Test worker] INFO fontys.s3.uplifted.business.impl.CourseServiceImpl -- User 10 unenrolled from course 1
t15:17:19.411 [Test worker] INFO fontys.s3.uplifted.business.impl.CourseServiceImpl -- User 10 enrolled in course 1
„15:17:19.427 [Test worker] INFO fontys.s3.uplifted.business.impl.EnrollmentServiceImpl -- Persisted enrollment: course=1, user=100
/.x15:17:19.970 [Test worker] ERROR fontys.s3.uplifted.business.impl.QuizServiceImpl -- Failed to delete quiz with ID: 99
/.`fontys.s3.uplifted.business.impl.exception.EntityNotFoundException: Quiz with ID 99 not found.
/.[	at fontys.s3.uplifted.business.impl.QuizServiceImpl.deleteQuiz(QuizServiceImpl.java:140)
/.p	at fontys.s3.uplifted.business.QuizServiceImplTest.lambda$deleteQuiz_notFound$5(QuizServiceImplTest.java:162)
/.K	at org.junit.jupiter.api.AssertThrows.assertThrows(AssertThrows.java:53)
/.K	at org.junit.jupiter.api.AssertThrows.assertThrows(AssertThrows.java:35)
/.I	at org.junit.jupiter.api.Assertions.assertThrows(Assertions.java:3115)
/.g	at fontys.s3.uplifted.business.QuizServiceImplTest.deleteQuiz_notFound(QuizServiceImplTest.java:162)
/.T	at java.base/jdk.internal.reflect.NativeMethodAccessorImpl.invoke0(Native Method)
/.f	at java.base/jdk.internal.reflect.NativeMethodAccessorImpl.invoke(NativeMethodAccessorImpl.java:77)
/.n	at java.base/jdk.internal.reflect.DelegatingMethodAccessorImpl.invoke(DelegatingMethodAccessorImpl.java:43)
/.@	at java.base/java.lang.reflect.Method.invoke(Method.java:569)
/.\	at org.junit.platform.commons.util.ReflectionUtils.invokeMethod(ReflectionUtils.java:728)
/.[	at org.junit.jupiter.engine.execution.MethodInvocation.proceed(MethodInvocation.java:60)
/.…	at org.junit.jupiter.engine.execution.InvocationInterceptorChain$ValidatingInvocation.proceed(InvocationInterceptorChain.java:131)
/.^	at org.junit.jupiter.engine.extension.TimeoutExtension.intercept(TimeoutExtension.java:156)
/.l	at org.junit.jupiter.engine.extension.TimeoutExtension.interceptTestableMethod(TimeoutExtension.java:147)
/.g	at org.junit.jupiter.engine.extension.TimeoutExtension.interceptTestMethod(TimeoutExtension.java:86)
/.ž	at org.junit.jupiter.engine.execution.InterceptingExecutableInvoker$ReflectiveInterceptorCall.lambda$ofVoidMethod$0(InterceptingExecutableInvoker.java:103)
/.}	at org.junit.jupiter.engine.execution.InterceptingExecutableInvoker.lambda$invoke$0(InterceptingExecutableInvoker.java:93)
/.†	at org.junit.jupiter.engine.execution.InvocationInterceptorChain$InterceptedInvocation.proceed(InvocationInterceptorChain.java:106)
/.o	at org.junit.jupiter.engine.execution.InvocationInterceptorChain.proceed(InvocationInterceptorChain.java:64)
/.v	at org.junit.jupiter.engine.execution.InvocationInterceptorChain.chainAndInvoke(InvocationInterceptorChain.java:45)
/.n	at org.junit.jupiter.engine.execution.InvocationInterceptorChain.invoke(InvocationInterceptorChain.java:37)
/.t	at org.junit.jupiter.engine.execution.InterceptingExecutableInvoker.invoke(InterceptingExecutableInvoker.java:92)
/.t	at org.junit.jupiter.engine.execution.InterceptingExecutableInvoker.invoke(InterceptingExecutableInvoker.java:86)
/.	at org.junit.jupiter.engine.descriptor.TestMethodTestDescriptor.lambda$invokeTestMethod$7(TestMethodTestDescriptor.java:218)
/.k	at org.junit.platform.engine.support.hierarchical.ThrowableCollector.execute(ThrowableCollector.java:73)
/.v	at org.junit.jupiter.engine.descriptor.TestMethodTestDescriptor.invokeTestMethod(TestMethodTestDescriptor.java:214)
/.m	at org.junit.jupiter.engine.descriptor.TestMethodTestDescriptor.execute(TestMethodTestDescriptor.java:139)
/.l	at org.junit.jupiter.engine.descriptor.TestMethodTestDescriptor.execute(TestMethodTestDescriptor.java:69)
/.t	at org.junit.platform.engine.support.hierarchical.NodeTestTask.lambda$executeRecursively$6(NodeTestTask.java:151)
/.k	at org.junit.platform.engine.support.hierarchical.ThrowableCollector.execute(ThrowableCollector.java:73)
/.t	at org.junit.platform.engine.support.hierarchical.NodeTestTask.lambda$executeRecursively$8(NodeTestTask.java:141)
/.O	at org.junit.platform.engine.support.hierarchical.Node.around(Node.java:137)
/.t	at org.junit.platform.engine.support.hierarchical.NodeTestTask.lambda$executeRecursively$9(NodeTestTask.java:139)
/.k	at org.junit.platform.engine.support.hierarchical.ThrowableCollector.execute(ThrowableCollector.java:73)
/.k	at org.junit.platform.engine.support.hierarchical.NodeTestTask.executeRecursively(NodeTestTask.java:138)
/._	at org.junit.platform.engine.support.hierarchical.NodeTestTask.execute(NodeTestTask.java:95)
/.@	at java.base/java.util.ArrayList.forEach(ArrayList.java:1511)
/.›	at org.junit.platform.engine.support.hierarchical.SameThreadHierarchicalTestExecutorService.invokeAll(SameThreadHierarchicalTestExecutorService.java:41)
/.t	at org.junit.platform.engine.support.hierarchical.NodeTestTask.lambda$executeRecursively$6(NodeTestTask.java:155)
/.k	at org.junit.platform.engine.support.hierarchical.ThrowableCollector.execute(ThrowableCollector.java:73)
/.t	at org.junit.platform.engine.support.hierarchical.NodeTestTask.lambda$executeRecursively$8(NodeTestTask.java:141)
/.O	at org.junit.platform.engine.support.hierarchical.Node.around(Node.java:137)
/.t	at org.junit.platform.engine.support.hierarchical.NodeTestTask.lambda$executeRecursively$9(NodeTestTask.java:139)
/.k	at org.junit.platform.engine.support.hierarchical.ThrowableCollector.execute(ThrowableCollector.java:73)
/.k	at org.junit.platform.engine.support.hierarchical.NodeTestTask.executeRecursively(NodeTestTask.java:138)
/._	at org.junit.platform.engine.support.hierarchical.NodeTestTask.execute(NodeTestTask.java:95)
/.@	at java.base/java.util.ArrayList.forEach(ArrayList.java:1511)
/.›	at org.junit.platform.engine.support.hierarchical.SameThreadHierarchicalTestExecutorService.invokeAll(SameThreadHierarchicalTestExecutorService.java:41)
/.t	at org.junit.platform.engine.support.hierarchical.NodeTestTask.lambda$executeRecursively$6(NodeTestTask.java:155)
/.k	at org.junit.platform.engine.support.hierarchical.ThrowableCollector.execute(ThrowableCollector.java:73)
/.t	at org.junit.platform.engine.support.hierarchical.NodeTestTask.lambda$executeRecursively$8(NodeTestTask.java:141)
/.O	at org.junit.platform.engine.support.hierarchical.Node.around(Node.java:137)
/.t	at org.junit.platform.engine.support.hierarchical.NodeTestTask.lambda$executeRecursively$9(NodeTestTask.java:139)
/.k	at org.junit.platform.engine.support.hierarchical.ThrowableCollector.execute(ThrowableCollector.java:73)
/.k	at org.junit.platform.engine.support.hierarchical.NodeTestTask.executeRecursively(NodeTestTask.java:138)
/._	at org.junit.platform.engine.support.hierarchical.NodeTestTask.execute(NodeTestTask.java:95)
/.˜	at org.junit.platform.engine.support.hierarchical.SameThreadHierarchicalTestExecutorService.submit(SameThreadHierarchicalTestExecutorService.java:35)
/.w	at org.junit.platform.engine.support.hierarchical.HierarchicalTestExecutor.execute(HierarchicalTestExecutor.java:57)
/.s	at org.junit.platform.engine.support.hierarchical.HierarchicalTestEngine.execute(HierarchicalTestEngine.java:54)
/.p	at org.junit.platform.launcher.core.EngineExecutionOrchestrator.execute(EngineExecutionOrchestrator.java:107)
/.o	at org.junit.platform.launcher.core.EngineExecutionOrchestrator.execute(EngineExecutionOrchestrator.java:88)
/.x	at org.junit.platform.launcher.core.EngineExecutionOrchestrator.lambda$execute$0(EngineExecutionOrchestrator.java:54)
/.~	at org.junit.platform.launcher.core.EngineExecutionOrchestrator.withInterceptedStreams(EngineExecutionOrchestrator.java:67)
/.o	at org.junit.platform.launcher.core.EngineExecutionOrchestrator.execute(EngineExecutionOrchestrator.java:52)
/.X	at org.junit.platform.launcher.core.DefaultLauncher.execute(DefaultLauncher.java:114)
/.W	at org.junit.platform.launcher.core.DefaultLauncher.execute(DefaultLauncher.java:86)
/.x	at org.junit.platform.launcher.core.DefaultLauncherSession$DelegatingLauncher.execute(DefaultLauncherSession.java:86)
/.·	at org.gradle.api.internal.tasks.testing.junitplatform.JUnitPlatformTestClassProcessor$CollectAllTestClassesExecutor.processAllTestClasses(JUnitPlatformTestClassProcessor.java:119)
/.«	at org.gradle.api.internal.tasks.testing.junitplatform.JUnitPlatformTestClassProcessor$CollectAllTestClassesExecutor.access$000(JUnitPlatformTestClassProcessor.java:94)
/.‡	at org.gradle.api.internal.tasks.testing.junitplatform.JUnitPlatformTestClassProcessor.stop(JUnitPlatformTestClassProcessor.java:89)
/.i	at org.gradle.api.internal.tasks.testing.SuiteTestClassProcessor.stop(SuiteTestClassProcessor.java:62)
/.T	at java.base/jdk.internal.reflect.NativeMethodAccessorImpl.invoke0(Native Method)
/.f	at java.base/jdk.internal.reflect.NativeMethodAccessorImpl.invoke(NativeMethodAccessorImpl.java:77)
/.n	at java.base/jdk.internal.reflect.DelegatingMethodAccessorImpl.invoke(DelegatingMethodAccessorImpl.java:43)
/.@	at java.base/java.lang.reflect.Method.invoke(Method.java:569)
/.Z	at org.gradle.internal.dispatch.ReflectionDispatch.dispatch(ReflectionDispatch.java:36)
/.Z	at org.gradle.internal.dispatch.ReflectionDispatch.dispatch(ReflectionDispatch.java:24)
/.j	at org.gradle.internal.dispatch.ContextClassLoaderDispatch.dispatch(ContextClassLoaderDispatch.java:33)
/.y	at org.gradle.internal.dispatch.ProxyDispatchAdapter$DispatchingInvocationHandler.invoke(ProxyDispatchAdapter.java:94)
/.8	at jdk.proxy2/jdk.proxy2.$Proxy5.stop(Unknown Source)
/.X	at org.gradle.api.internal.tasks.testing.worker.TestWorker$3.run(TestWorker.java:193)
/.o	at org.gradle.api.internal.tasks.testing.worker.TestWorker.executeAndMaintainThreadName(TestWorker.java:129)
/.Z	at org.gradle.api.internal.tasks.testing.worker.TestWorker.execute(TestWorker.java:100)
/.Y	at org.gradle.api.internal.tasks.testing.worker.TestWorker.execute(TestWorker.java:60)
/.k	at org.gradle.process.internal.worker.child.ActionExecutionWorker.execute(ActionExecutionWorker.java:56)
/.ƒ	at org.gradle.process.internal.worker.child.SystemApplicationClassLoaderWorker.call(SystemApplicationClassLoaderWorker.java:113)
/.‚	at org.gradle.process.internal.worker.child.SystemApplicationClassLoaderWorker.call(SystemApplicationClassLoaderWorker.java:65)
/.^	at worker.org.gradle.process.internal.worker.GradleWorkerMain.run(GradleWorkerMain.java:69)
/._	at worker.org.gradle.process.internal.worker.GradleWorkerMain.main(GradleWorkerMain.java:74)
/2w15:17:20.032 [Test worker] ERROR fontys.s3.uplifted.business.impl.QuizServiceImpl -- Failed to delete quiz with ID: 1
/2&java.lang.RuntimeException: DB error
/2[	at fontys.s3.uplifted.business.impl.QuizServiceImpl.deleteQuiz(QuizServiceImpl.java:142)
/2ƒ	at fontys.s3.uplifted.business.QuizServiceImplTest.lambda$deleteQuiz_failure_throwsQuizException$6(QuizServiceImplTest.java:171)
/2K	at org.junit.jupiter.api.AssertThrows.assertThrows(AssertThrows.java:53)
/2K	at org.junit.jupiter.api.AssertThrows.assertThrows(AssertThrows.java:35)
/2I	at org.junit.jupiter.api.Assertions.assertThrows(Assertions.java:3115)
/2z	at fontys.s3.uplifted.business.QuizServiceImplTest.deleteQuiz_failure_throwsQuizException(QuizServiceImplTest.java:171)
/2T	at java.base/jdk.internal.reflect.NativeMethodAccessorImpl.invoke0(Native Method)
/2f	at java.base/jdk.internal.reflect.NativeMethodAccessorImpl.invoke(NativeMethodAccessorImpl.java:77)
/2n	at java.base/jdk.internal.reflect.DelegatingMethodAccessorImpl.invoke(DelegatingMethodAccessorImpl.java:43)
/2@	at java.base/java.lang.reflect.Method.invoke(Method.java:569)
/2\	at org.junit.platform.commons.util.ReflectionUtils.invokeMethod(ReflectionUtils.java:728)
/2[	at org.junit.jupiter.engine.execution.MethodInvocation.proceed(MethodInvocation.java:60)
/2…	at org.junit.jupiter.engine.execution.InvocationInterceptorChain$ValidatingInvocation.proceed(InvocationInterceptorChain.java:131)
/2^	at org.junit.jupiter.engine.extension.TimeoutExtension.intercept(TimeoutExtension.java:156)
/2l	at org.junit.jupiter.engine.extension.TimeoutExtension.interceptTestableMethod(TimeoutExtension.java:147)
/2g	at org.junit.jupiter.engine.extension.TimeoutExtension.interceptTestMethod(TimeoutExtension.java:86)
/2ž	at org.junit.jupiter.engine.execution.InterceptingExecutableInvoker$ReflectiveInterceptorCall.lambda$ofVoidMethod$0(InterceptingExecutableInvoker.java:103)
/2}	at org.junit.jupiter.engine.execution.InterceptingExecutableInvoker.lambda$invoke$0(InterceptingExecutableInvoker.java:93)
/2†	at org.junit.jupiter.engine.execution.InvocationInterceptorChain$InterceptedInvocation.proceed(InvocationInterceptorChain.java:106)
/2o	at org.junit.jupiter.engine.execution.InvocationInterceptorChain.proceed(InvocationInterceptorChain.java:64)
/2v	at org.junit.jupiter.engine.execution.InvocationInterceptorChain.chainAndInvoke(InvocationInterceptorChain.java:45)
/2n	at org.junit.jupiter.engine.execution.InvocationInterceptorChain.invoke(InvocationInterceptorChain.java:37)
/2t	at org.junit.jupiter.engine.execution.InterceptingExecutableInvoker.invoke(InterceptingExecutableInvoker.java:92)
/2t	at org.junit.jupiter.engine.execution.InterceptingExecutableInvoker.invoke(InterceptingExecutableInvoker.java:86)
/2	at org.junit.jupiter.engine.descriptor.TestMethodTestDescriptor.lambda$invokeTestMethod$7(TestMethodTestDescriptor.java:218)
/2k	at org.junit.platform.engine.support.hierarchical.ThrowableCollector.execute(ThrowableCollector.java:73)
/2v	at org.junit.jupiter.engine.descriptor.TestMethodTestDescriptor.invokeTestMethod(TestMethodTestDescriptor.java:214)
/2m	at org.junit.jupiter.engine.descriptor.TestMethodTestDescriptor.execute(TestMethodTestDescriptor.java:139)
/2l	at org.junit.jupiter.engine.descriptor.TestMethodTestDescriptor.execute(TestMethodTestDescriptor.java:69)
/2t	at org.junit.platform.engine.support.hierarchical.NodeTestTask.lambda$executeRecursively$6(NodeTestTask.java:151)
/2k	at org.junit.platform.engine.support.hierarchical.ThrowableCollector.execute(ThrowableCollector.java:73)
/2t	at org.junit.platform.engine.support.hierarchical.NodeTestTask.lambda$executeRecursively$8(NodeTestTask.java:141)
/2O	at org.junit.platform.engine.support.hierarchical.Node.around(Node.java:137)
/2t	at org.junit.platform.engine.support.hierarchical.NodeTestTask.lambda$executeRecursively$9(NodeTestTask.java:139)
/2k	at org.junit.platform.engine.support.hierarchical.ThrowableCollector.execute(ThrowableCollector.java:73)
/2k	at org.junit.platform.engine.support.hierarchical.NodeTestTask.executeRecursively(NodeTestTask.java:138)
/2_	at org.junit.platform.engine.support.hierarchical.NodeTestTask.execute(NodeTestTask.java:95)
/2@	at java.base/java.util.ArrayList.forEach(ArrayList.java:1511)
/2›	at org.junit.platform.engine.support.hierarchical.SameThreadHierarchicalTestExecutorService.invokeAll(SameThreadHierarchicalTestExecutorService.java:41)
/2t	at org.junit.platform.engine.support.hierarchical.NodeTestTask.lambda$executeRecursively$6(NodeTestTask.java:155)
/2k	at org.junit.platform.engine.support.hierarchical.ThrowableCollector.execute(ThrowableCollector.java:73)
/2t	at org.junit.platform.engine.support.hierarchical.NodeTestTask.lambda$executeRecursively$8(NodeTestTask.java:141)
/2O	at org.junit.platform.engine.support.hierarchical.Node.around(Node.java:137)
/2t	at org.junit.platform.engine.support.hierarchical.NodeTestTask.lambda$executeRecursively$9(NodeTestTask.java:139)
/2k	at org.junit.platform.engine.support.hierarchical.ThrowableCollector.execute(ThrowableCollector.java:73)
/2k	at org.junit.platform.engine.support.hierarchical.NodeTestTask.executeRecursively(NodeTestTask.java:138)
/2_	at org.junit.platform.engine.support.hierarchical.NodeTestTask.execute(NodeTestTask.java:95)
/2@	at java.base/java.util.ArrayList.forEach(ArrayList.java:1511)
/2›	at org.junit.platform.engine.support.hierarchical.SameThreadHierarchicalTestExecutorService.invokeAll(SameThreadHierarchicalTestExecutorService.java:41)
/2t	at org.junit.platform.engine.support.hierarchical.NodeTestTask.lambda$executeRecursively$6(NodeTestTask.java:155)
/2k	at org.junit.platform.engine.support.hierarchical.ThrowableCollector.execute(ThrowableCollector.java:73)
/2t	at org.junit.platform.engine.support.hierarchical.NodeTestTask.lambda$executeRecursively$8(NodeTestTask.java:141)
/2O	at org.junit.platform.engine.support.hierarchical.Node.around(Node.java:137)
/2t	at org.junit.platform.engine.support.hierarchical.NodeTestTask.lambda$executeRecursively$9(NodeTestTask.java:139)
/2k	at org.junit.platform.engine.support.hierarchical.ThrowableCollector.execute(ThrowableCollector.java:73)
/2k	at org.junit.platform.engine.support.hierarchical.NodeTestTask.executeRecursively(NodeTestTask.java:138)
/2_	at org.junit.platform.engine.support.hierarchical.NodeTestTask.execute(NodeTestTask.java:95)
/2˜	at org.junit.platform.engine.support.hierarchical.SameThreadHierarchicalTestExecutorService.submit(SameThreadHierarchicalTestExecutorService.java:35)
/2w	at org.junit.platform.engine.support.hierarchical.HierarchicalTestExecutor.execute(HierarchicalTestExecutor.java:57)
/2s	at org.junit.platform.engine.support.hierarchical.HierarchicalTestEngine.execute(HierarchicalTestEngine.java:54)
/2p	at org.junit.platform.launcher.core.EngineExecutionOrchestrator.execute(EngineExecutionOrchestrator.java:107)
/2o	at org.junit.platform.launcher.core.EngineExecutionOrchestrator.execute(EngineExecutionOrchestrator.java:88)
/2x	at org.junit.platform.launcher.core.EngineExecutionOrchestrator.lambda$execute$0(EngineExecutionOrchestrator.java:54)
/2~	at org.junit.platform.launcher.core.EngineExecutionOrchestrator.withInterceptedStreams(EngineExecutionOrchestrator.java:67)
/2o	at org.junit.platform.launcher.core.EngineExecutionOrchestrator.execute(EngineExecutionOrchestrator.java:52)
/2X	at org.junit.platform.launcher.core.DefaultLauncher.execute(DefaultLauncher.java:114)
/2W	at org.junit.platform.launcher.core.DefaultLauncher.execute(DefaultLauncher.java:86)
/2x	at org.junit.platform.launcher.core.DefaultLauncherSession$DelegatingLauncher.execute(DefaultLauncherSession.java:86)
/2·	at org.gradle.api.internal.tasks.testing.junitplatform.JUnitPlatformTestClassProcessor$CollectAllTestClassesExecutor.processAllTestClasses(JUnitPlatformTestClassProcessor.java:119)
/2«	at org.gradle.api.internal.tasks.testing.junitplatform.JUnitPlatformTestClassProcessor$CollectAllTestClassesExecutor.access$000(JUnitPlatformTestClassProcessor.java:94)
/2‡	at org.gradle.api.internal.tasks.testing.junitplatform.JUnitPlatformTestClassProcessor.stop(JUnitPlatformTestClassProcessor.java:89)
/2i	at org.gradle.api.internal.tasks.testing.SuiteTestClassProcessor.stop(SuiteTestClassProcessor.java:62)
/2T	at java.base/jdk.internal.reflect.NativeMethodAccessorImpl.invoke0(Native Method)
/2f	at java.base/jdk.internal.reflect.NativeMethodAccessorImpl.invoke(NativeMethodAccessorImpl.java:77)
/2n	at java.base/jdk.internal.reflect.DelegatingMethodAccessorImpl.invoke(DelegatingMethodAccessorImpl.java:43)
/2@	at java.base/java.lang.reflect.Method.invoke(Method.java:569)
/2Z	at org.gradle.internal.dispatch.ReflectionDispatch.dispatch(ReflectionDispatch.java:36)
/2Z	at org.gradle.internal.dispatch.ReflectionDispatch.dispatch(ReflectionDispatch.java:24)
/2j	at org.gradle.internal.dispatch.ContextClassLoaderDispatch.dispatch(ContextClassLoaderDispatch.java:33)
/2y	at org.gradle.internal.dispatch.ProxyDispatchAdapter$DispatchingInvocationHandler.invoke(ProxyDispatchAdapter.java:94)
/28	at jdk.proxy2/jdk.proxy2.$Proxy5.stop(Unknown Source)
/2X	at org.gradle.api.internal.tasks.testing.worker.TestWorker$3.run(TestWorker.java:193)
/2o	at org.gradle.api.internal.tasks.testing.worker.TestWorker.executeAndMaintainThreadName(TestWorker.java:129)
/2Z	at org.gradle.api.internal.tasks.testing.worker.TestWorker.execute(TestWorker.java:100)
/2Y	at org.gradle.api.internal.tasks.testing.worker.TestWorker.execute(TestWorker.java:60)
/2k	at org.gradle.process.internal.worker.child.ActionExecutionWorker.execute(ActionExecutionWorker.java:56)
/2ƒ	at org.gradle.process.internal.worker.child.SystemApplicationClassLoaderWorker.call(SystemApplicationClassLoaderWorker.java:113)
/2‚	at org.gradle.process.internal.worker.child.SystemApplicationClassLoaderWorker.call(SystemApplicationClassLoaderWorker.java:65)
/2^	at worker.org.gradle.process.internal.worker.GradleWorkerMain.run(GradleWorkerMain.java:69)
/2_	at worker.org.gradle.process.internal.worker.GradleWorkerMain.main(GradleWorkerMain.java:74)
/3{15:17:20.084 [Test worker] INFO fontys.s3.uplifted.business.impl.QuizServiceImpl -- Quiz created successfully with ID: 99
/4l15:17:20.092 [Test worker] ERROR fontys.s3.uplifted.business.impl.QuizServiceImpl -- Failed to create quiz
/4Vfontys.s3.uplifted.business.impl.exception.EntityNotFoundException: Course not found
/4Z	at fontys.s3.uplifted.business.impl.QuizServiceImpl.createQuiz(QuizServiceImpl.java:51)
/4ˆ	at fontys.s3.uplifted.business.QuizServiceImplTest.lambda$createQuiz_missingCourse_throwsQuizException$1(QuizServiceImplTest.java:72)
/4K	at org.junit.jupiter.api.AssertThrows.assertThrows(AssertThrows.java:53)
/4K	at org.junit.jupiter.api.AssertThrows.assertThrows(AssertThrows.java:35)
/4I	at org.junit.jupiter.api.Assertions.assertThrows(Assertions.java:3115)
/4	at fontys.s3.uplifted.business.QuizServiceImplTest.createQuiz_missingCourse_throwsQuizException(QuizServiceImplTest.java:72)
/4T	at java.base/jdk.internal.reflect.NativeMethodAccessorImpl.invoke0(Native Method)
/4f	at java.base/jdk.internal.reflect.NativeMethodAccessorImpl.invoke(NativeMethodAccessorImpl.java:77)
/4n	at java.base/jdk.internal.reflect.DelegatingMethodAccessorImpl.invoke(DelegatingMethodAccessorImpl.java:43)
/4@	at java.base/java.lang.reflect.Method.invoke(Method.java:569)
/4\	at org.junit.platform.commons.util.ReflectionUtils.invokeMethod(ReflectionUtils.java:728)
/4[	at org.junit.jupiter.engine.execution.MethodInvocation.proceed(MethodInvocation.java:60)
/4…	at org.junit.jupiter.engine.execution.InvocationInterceptorChain$ValidatingInvocation.proceed(InvocationInterceptorChain.java:131)
/4^	at org.junit.jupiter.engine.extension.TimeoutExtension.intercept(TimeoutExtension.java:156)
/4l	at org.junit.jupiter.engine.extension.TimeoutExtension.interceptTestableMethod(TimeoutExtension.java:147)
/4g	at org.junit.jupiter.engine.extension.TimeoutExtension.interceptTestMethod(TimeoutExtension.java:86)
/4ž	at org.junit.jupiter.engine.execution.InterceptingExecutableInvoker$ReflectiveInterceptorCall.lambda$ofVoidMethod$0(InterceptingExecutableInvoker.java:103)
/4}	at org.junit.jupiter.engine.execution.InterceptingExecutableInvoker.lambda$invoke$0(InterceptingExecutableInvoker.java:93)
/4†	at org.junit.jupiter.engine.execution.InvocationInterceptorChain$InterceptedInvocation.proceed(InvocationInterceptorChain.java:106)
/4o	at org.junit.jupiter.engine.execution.InvocationInterceptorChain.proceed(InvocationInterceptorChain.java:64)
/4v	at org.junit.jupiter.engine.execution.InvocationInterceptorChain.chainAndInvoke(InvocationInterceptorChain.java:45)
/4n	at org.junit.jupiter.engine.execution.InvocationInterceptorChain.invoke(InvocationInterceptorChain.java:37)
/4t	at org.junit.jupiter.engine.execution.InterceptingExecutableInvoker.invoke(InterceptingExecutableInvoker.java:92)
/4t	at org.junit.jupiter.engine.execution.InterceptingExecutableInvoker.invoke(InterceptingExecutableInvoker.java:86)
/4	at org.junit.jupiter.engine.descriptor.TestMethodTestDescriptor.lambda$invokeTestMethod$7(TestMethodTestDescriptor.java:218)
/4k	at org.junit.platform.engine.support.hierarchical.ThrowableCollector.execute(ThrowableCollector.java:73)
/4v	at org.junit.jupiter.engine.descriptor.TestMethodTestDescriptor.invokeTestMethod(TestMethodTestDescriptor.java:214)
/4m	at org.junit.jupiter.engine.descriptor.TestMethodTestDescriptor.execute(TestMethodTestDescriptor.java:139)
/4l	at org.junit.jupiter.engine.descriptor.TestMethodTestDescriptor.execute(TestMethodTestDescriptor.java:69)
/4t	at org.junit.platform.engine.support.hierarchical.NodeTestTask.lambda$executeRecursively$6(NodeTestTask.java:151)
/4k	at org.junit.platform.engine.support.hierarchical.ThrowableCollector.execute(ThrowableCollector.java:73)
/4t	at org.junit.platform.engine.support.hierarchical.NodeTestTask.lambda$executeRecursively$8(NodeTestTask.java:141)
/4O	at org.junit.platform.engine.support.hierarchical.Node.around(Node.java:137)
/4t	at org.junit.platform.engine.support.hierarchical.NodeTestTask.lambda$executeRecursively$9(NodeTestTask.java:139)
/4k	at org.junit.platform.engine.support.hierarchical.ThrowableCollector.execute(ThrowableCollector.java:73)
/4k	at org.junit.platform.engine.support.hierarchical.NodeTestTask.executeRecursively(NodeTestTask.java:138)
/4_	at org.junit.platform.engine.support.hierarchical.NodeTestTask.execute(NodeTestTask.java:95)
/4@	at java.base/java.util.ArrayList.forEach(ArrayList.java:1511)
/4›	at org.junit.platform.engine.support.hierarchical.SameThreadHierarchicalTestExecutorService.invokeAll(SameThreadHierarchicalTestExecutorService.java:41)
/4t	at org.junit.platform.engine.support.hierarchical.NodeTestTask.lambda$executeRecursively$6(NodeTestTask.java:155)
/4k	at org.junit.platform.engine.support.hierarchical.ThrowableCollector.execute(ThrowableCollector.java:73)
/4t	at org.junit.platform.engine.support.hierarchical.NodeTestTask.lambda$executeRecursively$8(NodeTestTask.java:141)
/4O	at org.junit.platform.engine.support.hierarchical.Node.around(Node.java:137)
/4t	at org.junit.platform.engine.support.hierarchical.NodeTestTask.lambda$executeRecursively$9(NodeTestTask.java:139)
/4k	at org.junit.platform.engine.support.hierarchical.ThrowableCollector.execute(ThrowableCollector.java:73)
/4k	at org.junit.platform.engine.support.hierarchical.NodeTestTask.executeRecursively(NodeTestTask.java:138)
/4_	at org.junit.platform.engine.support.hierarchical.NodeTestTask.execute(NodeTestTask.java:95)
/4@	at java.base/java.util.ArrayList.forEach(ArrayList.java:1511)
/4›	at org.junit.platform.engine.support.hierarchical.SameThreadHierarchicalTestExecutorService.invokeAll(SameThreadHierarchicalTestExecutorService.java:41)
/4t	at org.junit.platform.engine.support.hierarchical.NodeTestTask.lambda$executeRecursively$6(NodeTestTask.java:155)
/4k	at org.junit.platform.engine.support.hierarchical.ThrowableCollector.execute(ThrowableCollector.java:73)
/4t	at org.junit.platform.engine.support.hierarchical.NodeTestTask.lambda$executeRecursively$8(NodeTestTask.java:141)
/4O	at org.junit.platform.engine.support.hierarchical.Node.around(Node.java:137)
/4t	at org.junit.platform.engine.support.hierarchical.NodeTestTask.lambda$executeRecursively$9(NodeTestTask.java:139)
/4k	at org.junit.platform.engine.support.hierarchical.ThrowableCollector.execute(ThrowableCollector.java:73)
/4k	at org.junit.platform.engine.support.hierarchical.NodeTestTask.executeRecursively(NodeTestTask.java:138)
/4_	at org.junit.platform.engine.support.hierarchical.NodeTestTask.execute(NodeTestTask.java:95)
/4˜	at org.junit.platform.engine.support.hierarchical.SameThreadHierarchicalTestExecutorService.submit(SameThreadHierarchicalTestExecutorService.java:35)
/4w	at org.junit.platform.engine.support.hierarchical.HierarchicalTestExecutor.execute(HierarchicalTestExecutor.java:57)
/4s	at org.junit.platform.engine.support.hierarchical.HierarchicalTestEngine.execute(HierarchicalTestEngine.java:54)
/4p	at org.junit.platform.launcher.core.EngineExecutionOrchestrator.execute(EngineExecutionOrchestrator.java:107)
/4o	at org.junit.platform.launcher.core.EngineExecutionOrchestrator.execute(EngineExecutionOrchestrator.java:88)
/4x	at org.junit.platform.launcher.core.EngineExecutionOrchestrator.lambda$execute$0(EngineExecutionOrchestrator.java:54)
/4~	at org.junit.platform.launcher.core.EngineExecutionOrchestrator.withInterceptedStreams(EngineExecutionOrchestrator.java:67)
/4o	at org.junit.platform.launcher.core.EngineExecutionOrchestrator.execute(EngineExecutionOrchestrator.java:52)
/4X	at org.junit.platform.launcher.core.DefaultLauncher.execute(DefaultLauncher.java:114)
/4W	at org.junit.platform.launcher.core.DefaultLauncher.execute(DefaultLauncher.java:86)
/4x	at org.junit.platform.launcher.core.DefaultLauncherSession$DelegatingLauncher.execute(DefaultLauncherSession.java:86)
/4·	at org.gradle.api.internal.tasks.testing.junitplatform.JUnitPlatformTestClassProcessor$CollectAllTestClassesExecutor.processAllTestClasses(JUnitPlatformTestClassProcessor.java:119)
/4«	at org.gradle.api.internal.tasks.testing.junitplatform.JUnitPlatformTestClassProcessor$CollectAllTestClassesExecutor.access$000(JUnitPlatformTestClassProcessor.java:94)
/4‡	at org.gradle.api.internal.tasks.testing.junitplatform.JUnitPlatformTestClassProcessor.stop(JUnitPlatformTestClassProcessor.java:89)
/4i	at org.gradle.api.internal.tasks.testing.SuiteTestClassProcessor.stop(SuiteTestClassProcessor.java:62)
/4T	at java.base/jdk.internal.reflect.NativeMethodAccessorImpl.invoke0(Native Method)
/4f	at java.base/jdk.internal.reflect.NativeMethodAccessorImpl.invoke(NativeMethodAccessorImpl.java:77)
/4n	at java.base/jdk.internal.reflect.DelegatingMethodAccessorImpl.invoke(DelegatingMethodAccessorImpl.java:43)
/4@	at java.base/java.lang.reflect.Method.invoke(Method.java:569)
/4Z	at org.gradle.internal.dispatch.ReflectionDispatch.dispatch(ReflectionDispatch.java:36)
/4Z	at org.gradle.internal.dispatch.ReflectionDispatch.dispatch(ReflectionDispatch.java:24)
/4j	at org.gradle.internal.dispatch.ContextClassLoaderDispatch.dispatch(ContextClassLoaderDispatch.java:33)
/4y	at org.gradle.internal.dispatch.ProxyDispatchAdapter$DispatchingInvocationHandler.invoke(ProxyDispatchAdapter.java:94)
/48	at jdk.proxy2/jdk.proxy2.$Proxy5.stop(Unknown Source)
/4X	at org.gradle.api.internal.tasks.testing.worker.TestWorker$3.run(TestWorker.java:193)
/4o	at org.gradle.api.internal.tasks.testing.worker.TestWorker.executeAndMaintainThreadName(TestWorker.java:129)
/4Z	at org.gradle.api.internal.tasks.testing.worker.TestWorker.execute(TestWorker.java:100)
/4Y	at org.gradle.api.internal.tasks.testing.worker.TestWorker.execute(TestWorker.java:60)
/4k	at org.gradle.process.internal.worker.child.ActionExecutionWorker.execute(ActionExecutionWorker.java:56)
/4ƒ	at org.gradle.process.internal.worker.child.SystemApplicationClassLoaderWorker.call(SystemApplicationClassLoaderWorker.java:113)
/4‚	at org.gradle.process.internal.worker.child.SystemApplicationClassLoaderWorker.call(SystemApplicationClassLoaderWorker.java:65)
/4^	at worker.org.gradle.process.internal.worker.GradleWorkerMain.run(GradleWorkerMain.java:69)
/4_	at worker.org.gradle.process.internal.worker.GradleWorkerMain.main(GradleWorkerMain.java:74)
/5w15:17:20.105 [Test worker] ERROR fontys.s3.uplifted.business.impl.QuizServiceImpl -- Failed to update quiz with ID: 1
/5&java.lang.RuntimeException: DB error
/5[	at fontys.s3.uplifted.business.impl.QuizServiceImpl.updateQuiz(QuizServiceImpl.java:109)
/5ƒ	at fontys.s3.uplifted.business.QuizServiceImplTest.lambda$updateQuiz_failure_throwsQuizException$4(QuizServiceImplTest.java:149)
/5K	at org.junit.jupiter.api.AssertThrows.assertThrows(AssertThrows.java:53)
/5K	at org.junit.jupiter.api.AssertThrows.assertThrows(AssertThrows.java:35)
/5I	at org.junit.jupiter.api.Assertions.assertThrows(Assertions.java:3115)
/5z	at fontys.s3.uplifted.business.QuizServiceImplTest.updateQuiz_failure_throwsQuizException(QuizServiceImplTest.java:149)
/5T	at java.base/jdk.internal.reflect.NativeMethodAccessorImpl.invoke0(Native Method)
/5f	at java.base/jdk.internal.reflect.NativeMethodAccessorImpl.invoke(NativeMethodAccessorImpl.java:77)
/5n	at java.base/jdk.internal.reflect.DelegatingMethodAccessorImpl.invoke(DelegatingMethodAccessorImpl.java:43)
/5@	at java.base/java.lang.reflect.Method.invoke(Method.java:569)
/5\	at org.junit.platform.commons.util.ReflectionUtils.invokeMethod(ReflectionUtils.java:728)
/5[	at org.junit.jupiter.engine.execution.MethodInvocation.proceed(MethodInvocation.java:60)
/5…	at org.junit.jupiter.engine.execution.InvocationInterceptorChain$ValidatingInvocation.proceed(InvocationInterceptorChain.java:131)
/5^	at org.junit.jupiter.engine.extension.TimeoutExtension.intercept(TimeoutExtension.java:156)
/5l	at org.junit.jupiter.engine.extension.TimeoutExtension.interceptTestableMethod(TimeoutExtension.java:147)
/5g	at org.junit.jupiter.engine.extension.TimeoutExtension.interceptTestMethod(TimeoutExtension.java:86)
/5ž	at org.junit.jupiter.engine.execution.InterceptingExecutableInvoker$ReflectiveInterceptorCall.lambda$ofVoidMethod$0(InterceptingExecutableInvoker.java:103)
/5}	at org.junit.jupiter.engine.execution.InterceptingExecutableInvoker.lambda$invoke$0(InterceptingExecutableInvoker.java:93)
/5†	at org.junit.jupiter.engine.execution.InvocationInterceptorChain$InterceptedInvocation.proceed(InvocationInterceptorChain.java:106)
/5o	at org.junit.jupiter.engine.execution.InvocationInterceptorChain.proceed(InvocationInterceptorChain.java:64)
/5v	at org.junit.jupiter.engine.execution.InvocationInterceptorChain.chainAndInvoke(InvocationInterceptorChain.java:45)
/5n	at org.junit.jupiter.engine.execution.InvocationInterceptorChain.invoke(InvocationInterceptorChain.java:37)
/5t	at org.junit.jupiter.engine.execution.InterceptingExecutableInvoker.invoke(InterceptingExecutableInvoker.java:92)
/5t	at org.junit.jupiter.engine.execution.InterceptingExecutableInvoker.invoke(InterceptingExecutableInvoker.java:86)
/5	at org.junit.jupiter.engine.descriptor.TestMethodTestDescriptor.lambda$invokeTestMethod$7(TestMethodTestDescriptor.java:218)
/5k	at org.junit.platform.engine.support.hierarchical.ThrowableCollector.execute(ThrowableCollector.java:73)
/5v	at org.junit.jupiter.engine.descriptor.TestMethodTestDescriptor.invokeTestMethod(TestMethodTestDescriptor.java:214)
/5m	at org.junit.jupiter.engine.descriptor.TestMethodTestDescriptor.execute(TestMethodTestDescriptor.java:139)
/5l	at org.junit.jupiter.engine.descriptor.TestMethodTestDescriptor.execute(TestMethodTestDescriptor.java:69)
/5t	at org.junit.platform.engine.support.hierarchical.NodeTestTask.lambda$executeRecursively$6(NodeTestTask.java:151)
/5k	at org.junit.platform.engine.support.hierarchical.ThrowableCollector.execute(ThrowableCollector.java:73)
/5t	at org.junit.platform.engine.support.hierarchical.NodeTestTask.lambda$executeRecursively$8(NodeTestTask.java:141)
/5O	at org.junit.platform.engine.support.hierarchical.Node.around(Node.java:137)
/5t	at org.junit.platform.engine.support.hierarchical.NodeTestTask.lambda$executeRecursively$9(NodeTestTask.java:139)
/5k	at org.junit.platform.engine.support.hierarchical.ThrowableCollector.execute(ThrowableCollector.java:73)
/5k	at org.junit.platform.engine.support.hierarchical.NodeTestTask.executeRecursively(NodeTestTask.java:138)
/5_	at org.junit.platform.engine.support.hierarchical.NodeTestTask.execute(NodeTestTask.java:95)
/5@	at java.base/java.util.ArrayList.forEach(ArrayList.java:1511)
/5›	at org.junit.platform.engine.support.hierarchical.SameThreadHierarchicalTestExecutorService.invokeAll(SameThreadHierarchicalTestExecutorService.java:41)
/5t	at org.junit.platform.engine.support.hierarchical.NodeTestTask.lambda$executeRecursively$6(NodeTestTask.java:155)
/5k	at org.junit.platform.engine.support.hierarchical.ThrowableCollector.execute(ThrowableCollector.java:73)
/5t	at org.junit.platform.engine.support.hierarchical.NodeTestTask.lambda$executeRecursively$8(NodeTestTask.java:141)
/5O	at org.junit.platform.engine.support.hierarchical.Node.around(Node.java:137)
/5t	at org.junit.platform.engine.support.hierarchical.NodeTestTask.lambda$executeRecursively$9(NodeTestTask.java:139)
/5k	at org.junit.platform.engine.support.hierarchical.ThrowableCollector.execute(ThrowableCollector.java:73)
/5k	at org.junit.platform.engine.support.hierarchical.NodeTestTask.executeRecursively(NodeTestTask.java:138)
/5_	at org.junit.platform.engine.support.hierarchical.NodeTestTask.execute(NodeTestTask.java:95)
/5@	at java.base/java.util.ArrayList.forEach(ArrayList.java:1511)
/5›	at org.junit.platform.engine.support.hierarchical.SameThreadHierarchicalTestExecutorService.invokeAll(SameThreadHierarchicalTestExecutorService.java:41)
/5t	at org.junit.platform.engine.support.hierarchical.NodeTestTask.lambda$executeRecursively$6(NodeTestTask.java:155)
/5k	at org.junit.platform.engine.support.hierarchical.ThrowableCollector.execute(ThrowableCollector.java:73)
/5t	at org.junit.platform.engine.support.hierarchical.NodeTestTask.lambda$executeRecursively$8(NodeTestTask.java:141)
/5O	at org.junit.platform.engine.support.hierarchical.Node.around(Node.java:137)
/5t	at org.junit.platform.engine.support.hierarchical.NodeTestTask.lambda$executeRecursively$9(NodeTestTask.java:139)
/5k	at org.junit.platform.engine.support.hierarchical.ThrowableCollector.execute(ThrowableCollector.java:73)
/5k	at org.junit.platform.engine.support.hierarchical.NodeTestTask.executeRecursively(NodeTestTask.java:138)
/5_	at org.junit.platform.engine.support.hierarchical.NodeTestTask.execute(NodeTestTask.java:95)
/5˜	at org.junit.platform.engine.support.hierarchical.SameThreadHierarchicalTestExecutorService.submit(SameThreadHierarchicalTestExecutorService.java:35)
/5w	at org.junit.platform.engine.support.hierarchical.HierarchicalTestExecutor.execute(HierarchicalTestExecutor.java:57)
/5s	at org.junit.platform.engine.support.hierarchical.HierarchicalTestEngine.execute(HierarchicalTestEngine.java:54)
/5p	at org.junit.platform.launcher.core.EngineExecutionOrchestrator.execute(EngineExecutionOrchestrator.java:107)
/5o	at org.junit.platform.launcher.core.EngineExecutionOrchestrator.execute(EngineExecutionOrchestrator.java:88)
/5x	at org.junit.platform.launcher.core.EngineExecutionOrchestrator.lambda$execute$0(EngineExecutionOrchestrator.java:54)
/5~	at org.junit.platform.launcher.core.EngineExecutionOrchestrator.withInterceptedStreams(EngineExecutionOrchestrator.java:67)
/5o	at org.junit.platform.launcher.core.EngineExecutionOrchestrator.execute(EngineExecutionOrchestrator.java:52)
/5X	at org.junit.platform.launcher.core.DefaultLauncher.execute(DefaultLauncher.java:114)
/5W	at org.junit.platform.launcher.core.DefaultLauncher.execute(DefaultLauncher.java:86)
/5x	at org.junit.platform.launcher.core.DefaultLauncherSession$DelegatingLauncher.execute(DefaultLauncherSession.java:86)
/5·	at org.gradle.api.internal.tasks.testing.junitplatform.JUnitPlatformTestClassProcessor$CollectAllTestClassesExecutor.processAllTestClasses(JUnitPlatformTestClassProcessor.java:119)
/5«	at org.gradle.api.internal.tasks.testing.junitplatform.JUnitPlatformTestClassProcessor$CollectAllTestClassesExecutor.access$000(JUnitPlatformTestClassProcessor.java:94)
/5‡	at org.gradle.api.internal.tasks.testing.junitplatform.JUnitPlatformTestClassProcessor.stop(JUnitPlatformTestClassProcessor.java:89)
/5i	at org.gradle.api.internal.tasks.testing.SuiteTestClassProcessor.stop(SuiteTestClassProcessor.java:62)
/5T	at java.base/jdk.internal.reflect.NativeMethodAccessorImpl.invoke0(Native Method)
/5f	at java.base/jdk.internal.reflect.NativeMethodAccessorImpl.invoke(NativeMethodAccessorImpl.java:77)
/5n	at java.base/jdk.internal.reflect.DelegatingMethodAccessorImpl.invoke(DelegatingMethodAccessorImpl.java:43)
/5@	at java.base/java.lang.reflect.Method.invoke(Method.java:569)
/5Z	at org.gradle.internal.dispatch.ReflectionDispatch.dispatch(ReflectionDispatch.java:36)
/5Z	at org.gradle.internal.dispatch.ReflectionDispatch.dispatch(ReflectionDispatch.java:24)
/5j	at org.gradle.internal.dispatch.ContextClassLoaderDispatch.dispatch(ContextClassLoaderDispatch.java:33)
/5y	at org.gradle.internal.dispatch.ProxyDispatchAdapter$DispatchingInvocationHandler.invoke(ProxyDispatchAdapter.java:94)
/58	at jdk.proxy2/jdk.proxy2.$Proxy5.stop(Unknown Source)
/5X	at org.gradle.api.internal.tasks.testing.worker.TestWorker$3.run(TestWorker.java:193)
/5o	at org.gradle.api.internal.tasks.testing.worker.TestWorker.executeAndMaintainThreadName(TestWorker.java:129)
/5Z	at org.gradle.api.internal.tasks.testing.worker.TestWorker.execute(TestWorker.java:100)
/5Y	at org.gradle.api.internal.tasks.testing.worker.TestWorker.execute(TestWorker.java:60)
/5k	at org.gradle.process.internal.worker.child.ActionExecutionWorker.execute(ActionExecutionWorker.java:56)
/5ƒ	at org.gradle.process.internal.worker.child.SystemApplicationClassLoaderWorker.call(SystemApplicationClassLoaderWorker.java:113)
/5‚	at org.gradle.process.internal.worker.child.SystemApplicationClassLoaderWorker.call(SystemApplicationClassLoaderWorker.java:65)
/5^	at worker.org.gradle.process.internal.worker.GradleWorkerMain.run(GradleWorkerMain.java:69)
/5_	at worker.org.gradle.process.internal.worker.GradleWorkerMain.main(GradleWorkerMain.java:74)
/6w15:17:20.117 [Test worker] ERROR fontys.s3.uplifted.business.impl.QuizServiceImpl -- Failed to update quiz with ID: 1
/6ufontys.s3.uplifted.business.impl.exception.UnauthorizedAccessException: You are not authorized to update this quiz.
/6[	at fontys.s3.uplifted.business.impl.QuizServiceImpl.updateQuiz(QuizServiceImpl.java:113)
/6t	at fontys.s3.uplifted.business.QuizServiceImplTest.lambda$updateQuiz_unauthorized$3(QuizServiceImplTest.java:140)
/6K	at org.junit.jupiter.api.AssertThrows.assertThrows(AssertThrows.java:53)
/6K	at org.junit.jupiter.api.AssertThrows.assertThrows(AssertThrows.java:35)
/6I	at org.junit.jupiter.api.Assertions.assertThrows(Assertions.java:3115)
/6k	at fontys.s3.uplifted.business.QuizServiceImplTest.updateQuiz_unauthorized(QuizServiceImplTest.java:140)
/6T	at java.base/jdk.internal.reflect.NativeMethodAccessorImpl.invoke0(Native Method)
/6f	at java.base/jdk.internal.reflect.NativeMethodAccessorImpl.invoke(NativeMethodAccessorImpl.java:77)
/6n	at java.base/jdk.internal.reflect.DelegatingMethodAccessorImpl.invoke(DelegatingMethodAccessorImpl.java:43)
/6@	at java.base/java.lang.reflect.Method.invoke(Method.java:569)
/6\	at org.junit.platform.commons.util.ReflectionUtils.invokeMethod(ReflectionUtils.java:728)
/6[	at org.junit.jupiter.engine.execution.MethodInvocation.proceed(MethodInvocation.java:60)
/6…	at org.junit.jupiter.engine.execution.InvocationInterceptorChain$ValidatingInvocation.proceed(InvocationInterceptorChain.java:131)
/6^	at org.junit.jupiter.engine.extension.TimeoutExtension.intercept(TimeoutExtension.java:156)
/6l	at org.junit.jupiter.engine.extension.TimeoutExtension.interceptTestableMethod(TimeoutExtension.java:147)
/6g	at org.junit.jupiter.engine.extension.TimeoutExtension.interceptTestMethod(TimeoutExtension.java:86)
/6ž	at org.junit.jupiter.engine.execution.InterceptingExecutableInvoker$ReflectiveInterceptorCall.lambda$ofVoidMethod$0(InterceptingExecutableInvoker.java:103)
/6}	at org.junit.jupiter.engine.execution.InterceptingExecutableInvoker.lambda$invoke$0(InterceptingExecutableInvoker.java:93)
/6†	at org.junit.jupiter.engine.execution.InvocationInterceptorChain$InterceptedInvocation.proceed(InvocationInterceptorChain.java:106)
/6o	at org.junit.jupiter.engine.execution.InvocationInterceptorChain.proceed(InvocationInterceptorChain.java:64)
/6v	at org.junit.jupiter.engine.execution.InvocationInterceptorChain.chainAndInvoke(InvocationInterceptorChain.java:45)
/6n	at org.junit.jupiter.engine.execution.InvocationInterceptorChain.invoke(InvocationInterceptorChain.java:37)
/6t	at org.junit.jupiter.engine.execution.InterceptingExecutableInvoker.invoke(InterceptingExecutableInvoker.java:92)
/6t	at org.junit.jupiter.engine.execution.InterceptingExecutableInvoker.invoke(InterceptingExecutableInvoker.java:86)
/6	at org.junit.jupiter.engine.descriptor.TestMethodTestDescriptor.lambda$invokeTestMethod$7(TestMethodTestDescriptor.java:218)
/6k	at org.junit.platform.engine.support.hierarchical.ThrowableCollector.execute(ThrowableCollector.java:73)
/6v	at org.junit.jupiter.engine.descriptor.TestMethodTestDescriptor.invokeTestMethod(TestMethodTestDescriptor.java:214)
/6m	at org.junit.jupiter.engine.descriptor.TestMethodTestDescriptor.execute(TestMethodTestDescriptor.java:139)
/6l	at org.junit.jupiter.engine.descriptor.TestMethodTestDescriptor.execute(TestMethodTestDescriptor.java:69)
/6t	at org.junit.platform.engine.support.hierarchical.NodeTestTask.lambda$executeRecursively$6(NodeTestTask.java:151)
/6k	at org.junit.platform.engine.support.hierarchical.ThrowableCollector.execute(ThrowableCollector.java:73)
/6t	at org.junit.platform.engine.support.hierarchical.NodeTestTask.lambda$executeRecursively$8(NodeTestTask.java:141)
/6O	at org.junit.platform.engine.support.hierarchical.Node.around(Node.java:137)
/6t	at org.junit.platform.engine.support.hierarchical.NodeTestTask.lambda$executeRecursively$9(NodeTestTask.java:139)
/6k	at org.junit.platform.engine.support.hierarchical.ThrowableCollector.execute(ThrowableCollector.java:73)
/6k	at org.junit.platform.engine.support.hierarchical.NodeTestTask.executeRecursively(NodeTestTask.java:138)
/6_	at org.junit.platform.engine.support.hierarchical.NodeTestTask.execute(NodeTestTask.java:95)
/6@	at java.base/java.util.ArrayList.forEach(ArrayList.java:1511)
/6›	at org.junit.platform.engine.support.hierarchical.SameThreadHierarchicalTestExecutorService.invokeAll(SameThreadHierarchicalTestExecutorService.java:41)
/6t	at org.junit.platform.engine.support.hierarchical.NodeTestTask.lambda$executeRecursively$6(NodeTestTask.java:155)
/6k	at org.junit.platform.engine.support.hierarchical.ThrowableCollector.execute(ThrowableCollector.java:73)
/6t	at org.junit.platform.engine.support.hierarchical.NodeTestTask.lambda$executeRecursively$8(NodeTestTask.java:141)
/6O	at org.junit.platform.engine.support.hierarchical.Node.around(Node.java:137)
/6t	at org.junit.platform.engine.support.hierarchical.NodeTestTask.lambda$executeRecursively$9(NodeTestTask.java:139)
/6k	at org.junit.platform.engine.support.hierarchical.ThrowableCollector.execute(ThrowableCollector.java:73)
/6k	at org.junit.platform.engine.support.hierarchical.NodeTestTask.executeRecursively(NodeTestTask.java:138)
/6_	at org.junit.platform.engine.support.hierarchical.NodeTestTask.execute(NodeTestTask.java:95)
/6@	at java.base/java.util.ArrayList.forEach(ArrayList.java:1511)
/6›	at org.junit.platform.engine.support.hierarchical.SameThreadHierarchicalTestExecutorService.invokeAll(SameThreadHierarchicalTestExecutorService.java:41)
/6t	at org.junit.platform.engine.support.hierarchical.NodeTestTask.lambda$executeRecursively$6(NodeTestTask.java:155)
/6k	at org.junit.platform.engine.support.hierarchical.ThrowableCollector.execute(ThrowableCollector.java:73)
/6t	at org.junit.platform.engine.support.hierarchical.NodeTestTask.lambda$executeRecursively$8(NodeTestTask.java:141)
/6O	at org.junit.platform.engine.support.hierarchical.Node.around(Node.java:137)
/6t	at org.junit.platform.engine.support.hierarchical.NodeTestTask.lambda$executeRecursively$9(NodeTestTask.java:139)
/6k	at org.junit.platform.engine.support.hierarchical.ThrowableCollector.execute(ThrowableCollector.java:73)
/6k	at org.junit.platform.engine.support.hierarchical.NodeTestTask.executeRecursively(NodeTestTask.java:138)
/6_	at org.junit.platform.engine.support.hierarchical.NodeTestTask.execute(NodeTestTask.java:95)
/6˜	at org.junit.platform.engine.support.hierarchical.SameThreadHierarchicalTestExecutorService.submit(SameThreadHierarchicalTestExecutorService.java:35)
/6w	at org.junit.platform.engine.support.hierarchical.HierarchicalTestExecutor.execute(HierarchicalTestExecutor.java:57)
/6s	at org.junit.platform.engine.support.hierarchical.HierarchicalTestEngine.execute(HierarchicalTestEngine.java:54)
/6p	at org.junit.platform.launcher.core.EngineExecutionOrchestrator.execute(EngineExecutionOrchestrator.java:107)
/6o	at org.junit.platform.launcher.core.EngineExecutionOrchestrator.execute(EngineExecutionOrchestrator.java:88)
/6x	at org.junit.platform.launcher.core.EngineExecutionOrchestrator.lambda$execute$0(EngineExecutionOrchestrator.java:54)
/6~	at org.junit.platform.launcher.core.EngineExecutionOrchestrator.withInterceptedStreams(EngineExecutionOrchestrator.java:67)
/6o	at org.junit.platform.launcher.core.EngineExecutionOrchestrator.execute(EngineExecutionOrchestrator.java:52)
/6X	at org.junit.platform.launcher.core.DefaultLauncher.execute(DefaultLauncher.java:114)
/6W	at org.junit.platform.launcher.core.DefaultLauncher.execute(DefaultLauncher.java:86)
/6x	at org.junit.platform.launcher.core.DefaultLauncherSession$DelegatingLauncher.execute(DefaultLauncherSession.java:86)
/6·	at org.gradle.api.internal.tasks.testing.junitplatform.JUnitPlatformTestClassProcessor$CollectAllTestClassesExecutor.processAllTestClasses(JUnitPlatformTestClassProcessor.java:119)
/6«	at org.gradle.api.internal.tasks.testing.junitplatform.JUnitPlatformTestClassProcessor$CollectAllTestClassesExecutor.access$000(JUnitPlatformTestClassProcessor.java:94)
/6‡	at org.gradle.api.internal.tasks.testing.junitplatform.JUnitPlatformTestClassProcessor.stop(JUnitPlatformTestClassProcessor.java:89)
/6i	at org.gradle.api.internal.tasks.testing.SuiteTestClassProcessor.stop(SuiteTestClassProcessor.java:62)
/6T	at java.base/jdk.internal.reflect.NativeMethodAccessorImpl.invoke0(Native Method)
/6f	at java.base/jdk.internal.reflect.NativeMethodAccessorImpl.invoke(NativeMethodAccessorImpl.java:77)
/6n	at java.base/jdk.internal.reflect.DelegatingMethodAccessorImpl.invoke(DelegatingMethodAccessorImpl.java:43)
/6@	at java.base/java.lang.reflect.Method.invoke(Method.java:569)
/6Z	at org.gradle.internal.dispatch.ReflectionDispatch.dispatch(ReflectionDispatch.java:36)
/6Z	at org.gradle.internal.dispatch.ReflectionDispatch.dispatch(ReflectionDispatch.java:24)
/6j	at org.gradle.internal.dispatch.ContextClassLoaderDispatch.dispatch(ContextClassLoaderDispatch.java:33)
/6y	at org.gradle.internal.dispatch.ProxyDispatchAdapter$DispatchingInvocationHandler.invoke(ProxyDispatchAdapter.java:94)
/68	at jdk.proxy2/jdk.proxy2.$Proxy5.stop(Unknown Source)
/6X	at org.gradle.api.internal.tasks.testing.worker.TestWorker$3.run(TestWorker.java:193)
/6o	at org.gradle.api.internal.tasks.testing.worker.TestWorker.executeAndMaintainThreadName(TestWorker.java:129)
/6Z	at org.gradle.api.internal.tasks.testing.worker.TestWorker.execute(TestWorker.java:100)
/6Y	at org.gradle.api.internal.tasks.testing.worker.TestWorker.execute(TestWorker.java:60)
/6k	at org.gradle.process.internal.worker.child.ActionExecutionWorker.execute(ActionExecutionWorker.java:56)
/6ƒ	at org.gradle.process.internal.worker.child.SystemApplicationClassLoaderWorker.call(SystemApplicationClassLoaderWorker.java:113)
/6‚	at org.gradle.process.internal.worker.child.SystemApplicationClassLoaderWorker.call(SystemApplicationClassLoaderWorker.java:65)
/6^	at worker.org.gradle.process.internal.worker.GradleWorkerMain.run(GradleWorkerMain.java:69)
/6_	at worker.org.gradle.process.internal.worker.GradleWorkerMain.main(GradleWorkerMain.java:74)
/7‚15:17:20.132 [Test worker] ERROR fontys.s3.uplifted.business.impl.QuizServiceImpl -- Failed to retrieve quizzes for course ID: 1
/7%java.lang.RuntimeException: DB down
/7d	at fontys.s3.uplifted.business.impl.QuizServiceImpl.getQuizzesByCourseId(QuizServiceImpl.java:96)
/7y	at fontys.s3.uplifted.business.QuizServiceImplTest.lambda$getQuizzesByCourseId_failure$2(QuizServiceImplTest.java:113)
/7K	at org.junit.jupiter.api.AssertThrows.assertThrows(AssertThrows.java:53)
/7K	at org.junit.jupiter.api.AssertThrows.assertThrows(AssertThrows.java:35)
/7I	at org.junit.jupiter.api.Assertions.assertThrows(Assertions.java:3115)
/7p	at fontys.s3.uplifted.business.QuizServiceImplTest.getQuizzesByCourseId_failure(QuizServiceImplTest.java:113)
/7T	at java.base/jdk.internal.reflect.NativeMethodAccessorImpl.invoke0(Native Method)
/7f	at java.base/jdk.internal.reflect.NativeMethodAccessorImpl.invoke(NativeMethodAccessorImpl.java:77)
/7n	at java.base/jdk.internal.reflect.DelegatingMethodAccessorImpl.invoke(DelegatingMethodAccessorImpl.java:43)
/7@	at java.base/java.lang.reflect.Method.invoke(Method.java:569)
/7\	at org.junit.platform.commons.util.ReflectionUtils.invokeMethod(ReflectionUtils.java:728)
/7[	at org.junit.jupiter.engine.execution.MethodInvocation.proceed(MethodInvocation.java:60)
/7…	at org.junit.jupiter.engine.execution.InvocationInterceptorChain$ValidatingInvocation.proceed(InvocationInterceptorChain.java:131)
/7^	at org.junit.jupiter.engine.extension.TimeoutExtension.intercept(TimeoutExtension.java:156)
/7l	at org.junit.jupiter.engine.extension.TimeoutExtension.interceptTestableMethod(TimeoutExtension.java:147)
/7g	at org.junit.jupiter.engine.extension.TimeoutExtension.interceptTestMethod(TimeoutExtension.java:86)
/7ž	at org.junit.jupiter.engine.execution.InterceptingExecutableInvoker$ReflectiveInterceptorCall.lambda$ofVoidMethod$0(InterceptingExecutableInvoker.java:103)
/7}	at org.junit.jupiter.engine.execution.InterceptingExecutableInvoker.lambda$invoke$0(InterceptingExecutableInvoker.java:93)
/7†	at org.junit.jupiter.engine.execution.InvocationInterceptorChain$InterceptedInvocation.proceed(InvocationInterceptorChain.java:106)
/7o	at org.junit.jupiter.engine.execution.InvocationInterceptorChain.proceed(InvocationInterceptorChain.java:64)
/7v	at org.junit.jupiter.engine.execution.InvocationInterceptorChain.chainAndInvoke(InvocationInterceptorChain.java:45)
/7n	at org.junit.jupiter.engine.execution.InvocationInterceptorChain.invoke(InvocationInterceptorChain.java:37)
/7t	at org.junit.jupiter.engine.execution.InterceptingExecutableInvoker.invoke(InterceptingExecutableInvoker.java:92)
/7t	at org.junit.jupiter.engine.execution.InterceptingExecutableInvoker.invoke(InterceptingExecutableInvoker.java:86)
/7	at org.junit.jupiter.engine.descriptor.TestMethodTestDescriptor.lambda$invokeTestMethod$7(TestMethodTestDescriptor.java:218)
/7k	at org.junit.platform.engine.support.hierarchical.ThrowableCollector.execute(ThrowableCollector.java:73)
/7v	at org.junit.jupiter.engine.descriptor.TestMethodTestDescriptor.invokeTestMethod(TestMethodTestDescriptor.java:214)
/7m	at org.junit.jupiter.engine.descriptor.TestMethodTestDescriptor.execute(TestMethodTestDescriptor.java:139)
/7l	at org.junit.jupiter.engine.descriptor.TestMethodTestDescriptor.execute(TestMethodTestDescriptor.java:69)
/7t	at org.junit.platform.engine.support.hierarchical.NodeTestTask.lambda$executeRecursively$6(NodeTestTask.java:151)
/7k	at org.junit.platform.engine.support.hierarchical.ThrowableCollector.execute(ThrowableCollector.java:73)
/7t	at org.junit.platform.engine.support.hierarchical.NodeTestTask.lambda$executeRecursively$8(NodeTestTask.java:141)
/7O	at org.junit.platform.engine.support.hierarchical.Node.around(Node.java:137)
/7t	at org.junit.platform.engine.support.hierarchical.NodeTestTask.lambda$executeRecursively$9(NodeTestTask.java:139)
/7k	at org.junit.platform.engine.support.hierarchical.ThrowableCollector.execute(ThrowableCollector.java:73)
/7k	at org.junit.platform.engine.support.hierarchical.NodeTestTask.executeRecursively(NodeTestTask.java:138)
/7_	at org.junit.platform.engine.support.hierarchical.NodeTestTask.execute(NodeTestTask.java:95)
/7@	at java.base/java.util.ArrayList.forEach(ArrayList.java:1511)
/7›	at org.junit.platform.engine.support.hierarchical.SameThreadHierarchicalTestExecutorService.invokeAll(SameThreadHierarchicalTestExecutorService.java:41)
/7t	at org.junit.platform.engine.support.hierarchical.NodeTestTask.lambda$executeRecursively$6(NodeTestTask.java:155)
/7k	at org.junit.platform.engine.support.hierarchical.ThrowableCollector.execute(ThrowableCollector.java:73)
/7t	at org.junit.platform.engine.support.hierarchical.NodeTestTask.lambda$executeRecursively$8(NodeTestTask.java:141)
/7O	at org.junit.platform.engine.support.hierarchical.Node.around(Node.java:137)
/7t	at org.junit.platform.engine.support.hierarchical.NodeTestTask.lambda$executeRecursively$9(NodeTestTask.java:139)
/7k	at org.junit.platform.engine.support.hierarchical.ThrowableCollector.execute(ThrowableCollector.java:73)
/7k	at org.junit.platform.engine.support.hierarchical.NodeTestTask.executeRecursively(NodeTestTask.java:138)
/7_	at org.junit.platform.engine.support.hierarchical.NodeTestTask.execute(NodeTestTask.java:95)
/7@	at java.base/java.util.ArrayList.forEach(ArrayList.java:1511)
/7›	at org.junit.platform.engine.support.hierarchical.SameThreadHierarchicalTestExecutorService.invokeAll(SameThreadHierarchicalTestExecutorService.java:41)
/7t	at org.junit.platform.engine.support.hierarchical.NodeTestTask.lambda$executeRecursively$6(NodeTestTask.java:155)
/7k	at org.junit.platform.engine.support.hierarchical.ThrowableCollector.execute(ThrowableCollector.java:73)
/7t	at org.junit.platform.engine.support.hierarchical.NodeTestTask.lambda$executeRecursively$8(NodeTestTask.java:141)
/7O	at org.junit.platform.engine.support.hierarchical.Node.around(Node.java:137)
/7t	at org.junit.platform.engine.support.hierarchical.NodeTestTask.lambda$executeRecursively$9(NodeTestTask.java:139)
/7k	at org.junit.platform.engine.support.hierarchical.ThrowableCollector.execute(ThrowableCollector.java:73)
/7k	at org.junit.platform.engine.support.hierarchical.NodeTestTask.executeRecursively(NodeTestTask.java:138)
/7_	at org.junit.platform.engine.support.hierarchical.NodeTestTask.execute(NodeTestTask.java:95)
/7˜	at org.junit.platform.engine.support.hierarchical.SameThreadHierarchicalTestExecutorService.submit(SameThreadHierarchicalTestExecutorService.java:35)
/7w	at org.junit.platform.engine.support.hierarchical.HierarchicalTestExecutor.execute(HierarchicalTestExecutor.java:57)
/7s	at org.junit.platform.engine.support.hierarchical.HierarchicalTestEngine.execute(HierarchicalTestEngine.java:54)
/7p	at org.junit.platform.launcher.core.EngineExecutionOrchestrator.execute(EngineExecutionOrchestrator.java:107)
/7o	at org.junit.platform.launcher.core.EngineExecutionOrchestrator.execute(EngineExecutionOrchestrator.java:88)
/7x	at org.junit.platform.launcher.core.EngineExecutionOrchestrator.lambda$execute$0(EngineExecutionOrchestrator.java:54)
/7~	at org.junit.platform.launcher.core.EngineExecutionOrchestrator.withInterceptedStreams(EngineExecutionOrchestrator.java:67)
/7o	at org.junit.platform.launcher.core.EngineExecutionOrchestrator.execute(EngineExecutionOrchestrator.java:52)
/7X	at org.junit.platform.launcher.core.DefaultLauncher.execute(DefaultLauncher.java:114)
/7W	at org.junit.platform.launcher.core.DefaultLauncher.execute(DefaultLauncher.java:86)
/7x	at org.junit.platform.launcher.core.DefaultLauncherSession$DelegatingLauncher.execute(DefaultLauncherSession.java:86)
/7·	at org.gradle.api.internal.tasks.testing.junitplatform.JUnitPlatformTestClassProcessor$CollectAllTestClassesExecutor.processAllTestClasses(JUnitPlatformTestClassProcessor.java:119)
/7«	at org.gradle.api.internal.tasks.testing.junitplatform.JUnitPlatformTestClassProcessor$CollectAllTestClassesExecutor.access$000(JUnitPlatformTestClassProcessor.java:94)
/7‡	at org.gradle.api.internal.tasks.testing.junitplatform.JUnitPlatformTestClassProcessor.stop(JUnitPlatformTestClassProcessor.java:89)
/7i	at org.gradle.api.internal.tasks.testing.SuiteTestClassProcessor.stop(SuiteTestClassProcessor.java:62)
/7T	at java.base/jdk.internal.reflect.NativeMethodAccessorImpl.invoke0(Native Method)
/7f	at java.base/jdk.internal.reflect.NativeMethodAccessorImpl.invoke(NativeMethodAccessorImpl.java:77)
/7n	at java.base/jdk.internal.reflect.DelegatingMethodAccessorImpl.invoke(DelegatingMethodAccessorImpl.java:43)
/7@	at java.base/java.lang.reflect.Method.invoke(Method.java:569)
/7Z	at org.gradle.internal.dispatch.ReflectionDispatch.dispatch(ReflectionDispatch.java:36)
/7Z	at org.gradle.internal.dispatch.ReflectionDispatch.dispatch(ReflectionDispatch.java:24)
/7j	at org.gradle.internal.dispatch.ContextClassLoaderDispatch.dispatch(ContextClassLoaderDispatch.java:33)
/7y	at org.gradle.internal.dispatch.ProxyDispatchAdapter$DispatchingInvocationHandler.invoke(ProxyDispatchAdapter.java:94)
/78	at jdk.proxy2/jdk.proxy2.$Proxy5.stop(Unknown Source)
/7X	at org.gradle.api.internal.tasks.testing.worker.TestWorker$3.run(TestWorker.java:193)
/7o	at org.gradle.api.internal.tasks.testing.worker.TestWorker.executeAndMaintainThreadName(TestWorker.java:129)
/7Z	at org.gradle.api.internal.tasks.testing.worker.TestWorker.execute(TestWorker.java:100)
/7Y	at org.gradle.api.internal.tasks.testing.worker.TestWorker.execute(TestWorker.java:60)
/7k	at org.gradle.process.internal.worker.child.ActionExecutionWorker.execute(ActionExecutionWorker.java:56)
/7ƒ	at org.gradle.process.internal.worker.child.SystemApplicationClassLoaderWorker.call(SystemApplicationClassLoaderWorker.java:113)
/7‚	at org.gradle.process.internal.worker.child.SystemApplicationClassLoaderWorker.call(SystemApplicationClassLoaderWorker.java:65)
/7^	at worker.org.gradle.process.internal.worker.GradleWorkerMain.run(GradleWorkerMain.java:69)
/7_	at worker.org.gradle.process.internal.worker.GradleWorkerMain.main(GradleWorkerMain.java:74)
/8y15:17:20.145 [Test worker] INFO fontys.s3.uplifted.business.impl.QuizServiceImpl -- Quiz with ID 1 deleted successfully
<;}15:17:20.309 [Test worker] INFO fontys.s3.uplifted.business.impl.ReviewServiceImpl -- Review with ID 1 deleted successfully
<=ƒ15:17:20.321 [Test worker] INFO fontys.s3.uplifted.business.impl.ReviewServiceImpl -- Review created for course ID: 1, user ID: 1
KLu15:17:20.668 [Test worker] ERROR fontys.s3.uplifted.business.impl.UserServiceImpl -- Error deleting user with ID: 1
KL&java.lang.RuntimeException: DB error
KL[	at fontys.s3.uplifted.business.impl.UserServiceImpl.deleteUser(UserServiceImpl.java:106)
KLz	at fontys.s3.uplifted.business.UserServiceImplTest.lambda$testDeleteUserThrowsException$5(UserServiceImplTest.java:164)
KLK	at org.junit.jupiter.api.AssertThrows.assertThrows(AssertThrows.java:53)
KLK	at org.junit.jupiter.api.AssertThrows.assertThrows(AssertThrows.java:35)
KLI	at org.junit.jupiter.api.Assertions.assertThrows(Assertions.java:3115)
KLq	at fontys.s3.uplifted.business.UserServiceImplTest.testDeleteUserThrowsException(UserServiceImplTest.java:164)
KLT	at java.base/jdk.internal.reflect.NativeMethodAccessorImpl.invoke0(Native Method)
KLf	at java.base/jdk.internal.reflect.NativeMethodAccessorImpl.invoke(NativeMethodAccessorImpl.java:77)
KLn	at java.base/jdk.internal.reflect.DelegatingMethodAccessorImpl.invoke(DelegatingMethodAccessorImpl.java:43)
KL@	at java.base/java.lang.reflect.Method.invoke(Method.java:569)
KL\	at org.junit.platform.commons.util.ReflectionUtils.invokeMethod(ReflectionUtils.java:728)
KL[	at org.junit.jupiter.engine.execution.MethodInvocation.proceed(MethodInvocation.java:60)
KL…	at org.junit.jupiter.engine.execution.InvocationInterceptorChain$ValidatingInvocation.proceed(InvocationInterceptorChain.java:131)
KL^	at org.junit.jupiter.engine.extension.TimeoutExtension.intercept(TimeoutExtension.java:156)
KLl	at org.junit.jupiter.engine.extension.TimeoutExtension.interceptTestableMethod(TimeoutExtension.java:147)
KLg	at org.junit.jupiter.engine.extension.TimeoutExtension.interceptTestMethod(TimeoutExtension.java:86)
KLž	at org.junit.jupiter.engine.execution.InterceptingExecutableInvoker$ReflectiveInterceptorCall.lambda$ofVoidMethod$0(InterceptingExecutableInvoker.java:103)
KL}	at org.junit.jupiter.engine.execution.InterceptingExecutableInvoker.lambda$invoke$0(InterceptingExecutableInvoker.java:93)
KL†	at org.junit.jupiter.engine.execution.InvocationInterceptorChain$InterceptedInvocation.proceed(InvocationInterceptorChain.java:106)
KLo	at org.junit.jupiter.engine.execution.InvocationInterceptorChain.proceed(InvocationInterceptorChain.java:64)
KLv	at org.junit.jupiter.engine.execution.InvocationInterceptorChain.chainAndInvoke(InvocationInterceptorChain.java:45)
KLn	at org.junit.jupiter.engine.execution.InvocationInterceptorChain.invoke(InvocationInterceptorChain.java:37)
KLt	at org.junit.jupiter.engine.execution.InterceptingExecutableInvoker.invoke(InterceptingExecutableInvoker.java:92)
KLt	at org.junit.jupiter.engine.execution.InterceptingExecutableInvoker.invoke(InterceptingExecutableInvoker.java:86)
KL	at org.junit.jupiter.engine.descriptor.TestMethodTestDescriptor.lambda$invokeTestMethod$7(TestMethodTestDescriptor.java:218)
KLk	at org.junit.platform.engine.support.hierarchical.ThrowableCollector.execute(ThrowableCollector.java:73)
KLv	at org.junit.jupiter.engine.descriptor.TestMethodTestDescriptor.invokeTestMethod(TestMethodTestDescriptor.java:214)
KLm	at org.junit.jupiter.engine.descriptor.TestMethodTestDescriptor.execute(TestMethodTestDescriptor.java:139)
KLl	at org.junit.jupiter.engine.descriptor.TestMethodTestDescriptor.execute(TestMethodTestDescriptor.java:69)
KLt	at org.junit.platform.engine.support.hierarchical.NodeTestTask.lambda$executeRecursively$6(NodeTestTask.java:151)
KLk	at org.junit.platform.engine.support.hierarchical.ThrowableCollector.execute(ThrowableCollector.java:73)
KLt	at org.junit.platform.engine.support.hierarchical.NodeTestTask.lambda$executeRecursively$8(NodeTestTask.java:141)
KLO	at org.junit.platform.engine.support.hierarchical.Node.around(Node.java:137)
KLt	at org.junit.platform.engine.support.hierarchical.NodeTestTask.lambda$executeRecursively$9(NodeTestTask.java:139)
KLk	at org.junit.platform.engine.support.hierarchical.ThrowableCollector.execute(ThrowableCollector.java:73)
KLk	at org.junit.platform.engine.support.hierarchical.NodeTestTask.executeRecursively(NodeTestTask.java:138)
KL_	at org.junit.platform.engine.support.hierarchical.NodeTestTask.execute(NodeTestTask.java:95)
KL@	at java.base/java.util.ArrayList.forEach(ArrayList.java:1511)
KL›	at org.junit.platform.engine.support.hierarchical.SameThreadHierarchicalTestExecutorService.invokeAll(SameThreadHierarchicalTestExecutorService.java:41)
KLt	at org.junit.platform.engine.support.hierarchical.NodeTestTask.lambda$executeRecursively$6(NodeTestTask.java:155)
KLk	at org.junit.platform.engine.support.hierarchical.ThrowableCollector.execute(ThrowableCollector.java:73)
KLt	at org.junit.platform.engine.support.hierarchical.NodeTestTask.lambda$executeRecursively$8(NodeTestTask.java:141)
KLO	at org.junit.platform.engine.support.hierarchical.Node.around(Node.java:137)
KLt	at org.junit.platform.engine.support.hierarchical.NodeTestTask.lambda$executeRecursively$9(NodeTestTask.java:139)
KLk	at org.junit.platform.engine.support.hierarchical.ThrowableCollector.execute(ThrowableCollector.java:73)
KLk	at org.junit.platform.engine.support.hierarchical.NodeTestTask.executeRecursively(NodeTestTask.java:138)
KL_	at org.junit.platform.engine.support.hierarchical.NodeTestTask.execute(NodeTestTask.java:95)
KL@	at java.base/java.util.ArrayList.forEach(ArrayList.java:1511)
KL›	at org.junit.platform.engine.support.hierarchical.SameThreadHierarchicalTestExecutorService.invokeAll(SameThreadHierarchicalTestExecutorService.java:41)
KLt	at org.junit.platform.engine.support.hierarchical.NodeTestTask.lambda$executeRecursively$6(NodeTestTask.java:155)
KLk	at org.junit.platform.engine.support.hierarchical.ThrowableCollector.execute(ThrowableCollector.java:73)
KLt	at org.junit.platform.engine.support.hierarchical.NodeTestTask.lambda$executeRecursively$8(NodeTestTask.java:141)
KLO	at org.junit.platform.engine.support.hierarchical.Node.around(Node.java:137)
KLt	at org.junit.platform.engine.support.hierarchical.NodeTestTask.lambda$executeRecursively$9(NodeTestTask.java:139)
KLk	at org.junit.platform.engine.support.hierarchical.ThrowableCollector.execute(ThrowableCollector.java:73)
KLk	at org.junit.platform.engine.support.hierarchical.NodeTestTask.executeRecursively(NodeTestTask.java:138)
KL_	at org.junit.platform.engine.support.hierarchical.NodeTestTask.execute(NodeTestTask.java:95)
KL˜	at org.junit.platform.engine.support.hierarchical.SameThreadHierarchicalTestExecutorService.submit(SameThreadHierarchicalTestExecutorService.java:35)
KLw	at org.junit.platform.engine.support.hierarchical.HierarchicalTestExecutor.execute(HierarchicalTestExecutor.java:57)
KLs	at org.junit.platform.engine.support.hierarchical.HierarchicalTestEngine.execute(HierarchicalTestEngine.java:54)
KLp	at org.junit.platform.launcher.core.EngineExecutionOrchestrator.execute(EngineExecutionOrchestrator.java:107)
KLo	at org.junit.platform.launcher.core.EngineExecutionOrchestrator.execute(EngineExecutionOrchestrator.java:88)
KLx	at org.junit.platform.launcher.core.EngineExecutionOrchestrator.lambda$execute$0(EngineExecutionOrchestrator.java:54)
KL~	at org.junit.platform.launcher.core.EngineExecutionOrchestrator.withInterceptedStreams(EngineExecutionOrchestrator.java:67)
KLo	at org.junit.platform.launcher.core.EngineExecutionOrchestrator.execute(EngineExecutionOrchestrator.java:52)
KLX	at org.junit.platform.launcher.core.DefaultLauncher.execute(DefaultLauncher.java:114)
KLW	at org.junit.platform.launcher.core.DefaultLauncher.execute(DefaultLauncher.java:86)
KLx	at org.junit.platform.launcher.core.DefaultLauncherSession$DelegatingLauncher.execute(DefaultLauncherSession.java:86)
KL·	at org.gradle.api.internal.tasks.testing.junitplatform.JUnitPlatformTestClassProcessor$CollectAllTestClassesExecutor.processAllTestClasses(JUnitPlatformTestClassProcessor.java:119)
KL«	at org.gradle.api.internal.tasks.testing.junitplatform.JUnitPlatformTestClassProcessor$CollectAllTestClassesExecutor.access$000(JUnitPlatformTestClassProcessor.java:94)
KL‡	at org.gradle.api.internal.tasks.testing.junitplatform.JUnitPlatformTestClassProcessor.stop(JUnitPlatformTestClassProcessor.java:89)
KLi	at org.gradle.api.internal.tasks.testing.SuiteTestClassProcessor.stop(SuiteTestClassProcessor.java:62)
KLT	at java.base/jdk.internal.reflect.NativeMethodAccessorImpl.invoke0(Native Method)
KLf	at java.base/jdk.internal.reflect.NativeMethodAccessorImpl.invoke(NativeMethodAccessorImpl.java:77)
KLn	at java.base/jdk.internal.reflect.DelegatingMethodAccessorImpl.invoke(DelegatingMethodAccessorImpl.java:43)
KL@	at java.base/java.lang.reflect.Method.invoke(Method.java:569)
KLZ	at org.gradle.internal.dispatch.ReflectionDispatch.dispatch(ReflectionDispatch.java:36)
KLZ	at org.gradle.internal.dispatch.ReflectionDispatch.dispatch(ReflectionDispatch.java:24)
KLj	at org.gradle.internal.dispatch.ContextClassLoaderDispatch.dispatch(ContextClassLoaderDispatch.java:33)
KLy	at org.gradle.internal.dispatch.ProxyDispatchAdapter$DispatchingInvocationHandler.invoke(ProxyDispatchAdapter.java:94)
KL8	at jdk.proxy2/jdk.proxy2.$Proxy5.stop(Unknown Source)
KLX	at org.gradle.api.internal.tasks.testing.worker.TestWorker$3.run(TestWorker.java:193)
KLo	at org.gradle.api.internal.tasks.testing.worker.TestWorker.executeAndMaintainThreadName(TestWorker.java:129)
KLZ	at org.gradle.api.internal.tasks.testing.worker.TestWorker.execute(TestWorker.java:100)
KLY	at org.gradle.api.internal.tasks.testing.worker.TestWorker.execute(TestWorker.java:60)
KLk	at org.gradle.process.internal.worker.child.ActionExecutionWorker.execute(ActionExecutionWorker.java:56)
KLƒ	at org.gradle.process.internal.worker.child.SystemApplicationClassLoaderWorker.call(SystemApplicationClassLoaderWorker.java:113)
KL‚	at org.gradle.process.internal.worker.child.SystemApplicationClassLoaderWorker.call(SystemApplicationClassLoaderWorker.java:65)
KL^	at worker.org.gradle.process.internal.worker.GradleWorkerMain.run(GradleWorkerMain.java:69)
KL_	at worker.org.gradle.process.internal.worker.GradleWorkerMain.main(GradleWorkerMain.java:74)
KOj15:17:20.691 [Test worker] ERROR fontys.s3.uplifted.business.impl.UserServiceImpl -- Error creating user
KO&java.lang.RuntimeException: DB error
KOZ	at fontys.s3.uplifted.business.impl.UserServiceImpl.createUser(UserServiceImpl.java:72)
KOz	at fontys.s3.uplifted.business.UserServiceImplTest.lambda$testCreateUserThrowsException$3(UserServiceImplTest.java:119)
KOK	at org.junit.jupiter.api.AssertThrows.assertThrows(AssertThrows.java:53)
KOK	at org.junit.jupiter.api.AssertThrows.assertThrows(AssertThrows.java:35)
KOI	at org.junit.jupiter.api.Assertions.assertThrows(Assertions.java:3115)
KOq	at fontys.s3.uplifted.business.UserServiceImplTest.testCreateUserThrowsException(UserServiceImplTest.java:119)
KOT	at java.base/jdk.internal.reflect.NativeMethodAccessorImpl.invoke0(Native Method)
KOf	at java.base/jdk.internal.reflect.NativeMethodAccessorImpl.invoke(NativeMethodAccessorImpl.java:77)
KOn	at java.base/jdk.internal.reflect.DelegatingMethodAccessorImpl.invoke(DelegatingMethodAccessorImpl.java:43)
KO@	at java.base/java.lang.reflect.Method.invoke(Method.java:569)
KO\	at org.junit.platform.commons.util.ReflectionUtils.invokeMethod(ReflectionUtils.java:728)
KO[	at org.junit.jupiter.engine.execution.MethodInvocation.proceed(MethodInvocation.java:60)
KO…	at org.junit.jupiter.engine.execution.InvocationInterceptorChain$ValidatingInvocation.proceed(InvocationInterceptorChain.java:131)
KO^	at org.junit.jupiter.engine.extension.TimeoutExtension.intercept(TimeoutExtension.java:156)
KOl	at org.junit.jupiter.engine.extension.TimeoutExtension.interceptTestableMethod(TimeoutExtension.java:147)
KOg	at org.junit.jupiter.engine.extension.TimeoutExtension.interceptTestMethod(TimeoutExtension.java:86)
KOž	at org.junit.jupiter.engine.execution.InterceptingExecutableInvoker$ReflectiveInterceptorCall.lambda$ofVoidMethod$0(InterceptingExecutableInvoker.java:103)
KO}	at org.junit.jupiter.engine.execution.InterceptingExecutableInvoker.lambda$invoke$0(InterceptingExecutableInvoker.java:93)
KO†	at org.junit.jupiter.engine.execution.InvocationInterceptorChain$InterceptedInvocation.proceed(InvocationInterceptorChain.java:106)
KOo	at org.junit.jupiter.engine.execution.InvocationInterceptorChain.proceed(InvocationInterceptorChain.java:64)
KOv	at org.junit.jupiter.engine.execution.InvocationInterceptorChain.chainAndInvoke(InvocationInterceptorChain.java:45)
KOn	at org.junit.jupiter.engine.execution.InvocationInterceptorChain.invoke(InvocationInterceptorChain.java:37)
KOt	at org.junit.jupiter.engine.execution.InterceptingExecutableInvoker.invoke(InterceptingExecutableInvoker.java:92)
KOt	at org.junit.jupiter.engine.execution.InterceptingExecutableInvoker.invoke(InterceptingExecutableInvoker.java:86)
KO	at org.junit.jupiter.engine.descriptor.TestMethodTestDescriptor.lambda$invokeTestMethod$7(TestMethodTestDescriptor.java:218)
KOk	at org.junit.platform.engine.support.hierarchical.ThrowableCollector.execute(ThrowableCollector.java:73)
KOv	at org.junit.jupiter.engine.descriptor.TestMethodTestDescriptor.invokeTestMethod(TestMethodTestDescriptor.java:214)
KOm	at org.junit.jupiter.engine.descriptor.TestMethodTestDescriptor.execute(TestMethodTestDescriptor.java:139)
KOl	at org.junit.jupiter.engine.descriptor.TestMethodTestDescriptor.execute(TestMethodTestDescriptor.java:69)
KOt	at org.junit.platform.engine.support.hierarchical.NodeTestTask.lambda$executeRecursively$6(NodeTestTask.java:151)
KOk	at org.junit.platform.engine.support.hierarchical.ThrowableCollector.execute(ThrowableCollector.java:73)
KOt	at org.junit.platform.engine.support.hierarchical.NodeTestTask.lambda$executeRecursively$8(NodeTestTask.java:141)
KOO	at org.junit.platform.engine.support.hierarchical.Node.around(Node.java:137)
KOt	at org.junit.platform.engine.support.hierarchical.NodeTestTask.lambda$executeRecursively$9(NodeTestTask.java:139)
KOk	at org.junit.platform.engine.support.hierarchical.ThrowableCollector.execute(ThrowableCollector.java:73)
KOk	at org.junit.platform.engine.support.hierarchical.NodeTestTask.executeRecursively(NodeTestTask.java:138)
KO_	at org.junit.platform.engine.support.hierarchical.NodeTestTask.execute(NodeTestTask.java:95)
KO@	at java.base/java.util.ArrayList.forEach(ArrayList.java:1511)
KO›	at org.junit.platform.engine.support.hierarchical.SameThreadHierarchicalTestExecutorService.invokeAll(SameThreadHierarchicalTestExecutorService.java:41)
KOt	at org.junit.platform.engine.support.hierarchical.NodeTestTask.lambda$executeRecursively$6(NodeTestTask.java:155)
KOk	at org.junit.platform.engine.support.hierarchical.ThrowableCollector.execute(ThrowableCollector.java:73)
KOt	at org.junit.platform.engine.support.hierarchical.NodeTestTask.lambda$executeRecursively$8(NodeTestTask.java:141)
KOO	at org.junit.platform.engine.support.hierarchical.Node.around(Node.java:137)
KOt	at org.junit.platform.engine.support.hierarchical.NodeTestTask.lambda$executeRecursively$9(NodeTestTask.java:139)
KOk	at org.junit.platform.engine.support.hierarchical.ThrowableCollector.execute(ThrowableCollector.java:73)
KOk	at org.junit.platform.engine.support.hierarchical.NodeTestTask.executeRecursively(NodeTestTask.java:138)
KO_	at org.junit.platform.engine.support.hierarchical.NodeTestTask.execute(NodeTestTask.java:95)
KO@	at java.base/java.util.ArrayList.forEach(ArrayList.java:1511)
KO›	at org.junit.platform.engine.support.hierarchical.SameThreadHierarchicalTestExecutorService.invokeAll(SameThreadHierarchicalTestExecutorService.java:41)
KOt	at org.junit.platform.engine.support.hierarchical.NodeTestTask.lambda$executeRecursively$6(NodeTestTask.java:155)
KOk	at org.junit.platform.engine.support.hierarchical.ThrowableCollector.execute(ThrowableCollector.java:73)
KOt	at org.junit.platform.engine.support.hierarchical.NodeTestTask.lambda$executeRecursively$8(NodeTestTask.java:141)
KOO	at org.junit.platform.engine.support.hierarchical.Node.around(Node.java:137)
KOt	at org.junit.platform.engine.support.hierarchical.NodeTestTask.lambda$executeRecursively$9(NodeTestTask.java:139)
KOk	at org.junit.platform.engine.support.hierarchical.ThrowableCollector.execute(ThrowableCollector.java:73)
KOk	at org.junit.platform.engine.support.hierarchical.NodeTestTask.executeRecursively(NodeTestTask.java:138)
KO_	at org.junit.platform.engine.support.hierarchical.NodeTestTask.execute(NodeTestTask.java:95)
KO˜	at org.junit.platform.engine.support.hierarchical.SameThreadHierarchicalTestExecutorService.submit(SameThreadHierarchicalTestExecutorService.java:35)
KOw	at org.junit.platform.engine.support.hierarchical.HierarchicalTestExecutor.execute(HierarchicalTestExecutor.java:57)
KOs	at org.junit.platform.engine.support.hierarchical.HierarchicalTestEngine.execute(HierarchicalTestEngine.java:54)
KOp	at org.junit.platform.launcher.core.EngineExecutionOrchestrator.execute(EngineExecutionOrchestrator.java:107)
KOo	at org.junit.platform.launcher.core.EngineExecutionOrchestrator.execute(EngineExecutionOrchestrator.java:88)
KOx	at org.junit.platform.launcher.core.EngineExecutionOrchestrator.lambda$execute$0(EngineExecutionOrchestrator.java:54)
KO~	at org.junit.platform.launcher.core.EngineExecutionOrchestrator.withInterceptedStreams(EngineExecutionOrchestrator.java:67)
KOo	at org.junit.platform.launcher.core.EngineExecutionOrchestrator.execute(EngineExecutionOrchestrator.java:52)
KOX	at org.junit.platform.launcher.core.DefaultLauncher.execute(DefaultLauncher.java:114)
KOW	at org.junit.platform.launcher.core.DefaultLauncher.execute(DefaultLauncher.java:86)
KOx	at org.junit.platform.launcher.core.DefaultLauncherSession$DelegatingLauncher.execute(DefaultLauncherSession.java:86)
KO·	at org.gradle.api.internal.tasks.testing.junitplatform.JUnitPlatformTestClassProcessor$CollectAllTestClassesExecutor.processAllTestClasses(JUnitPlatformTestClassProcessor.java:119)
KO«	at org.gradle.api.internal.tasks.testing.junitplatform.JUnitPlatformTestClassProcessor$CollectAllTestClassesExecutor.access$000(JUnitPlatformTestClassProcessor.java:94)
KO‡	at org.gradle.api.internal.tasks.testing.junitplatform.JUnitPlatformTestClassProcessor.stop(JUnitPlatformTestClassProcessor.java:89)
KOi	at org.gradle.api.internal.tasks.testing.SuiteTestClassProcessor.stop(SuiteTestClassProcessor.java:62)
KOT	at java.base/jdk.internal.reflect.NativeMethodAccessorImpl.invoke0(Native Method)
KOf	at java.base/jdk.internal.reflect.NativeMethodAccessorImpl.invoke(NativeMethodAccessorImpl.java:77)
KOn	at java.base/jdk.internal.reflect.DelegatingMethodAccessorImpl.invoke(DelegatingMethodAccessorImpl.java:43)
KO@	at java.base/java.lang.reflect.Method.invoke(Method.java:569)
KOZ	at org.gradle.internal.dispatch.ReflectionDispatch.dispatch(ReflectionDispatch.java:36)
KOZ	at org.gradle.internal.dispatch.ReflectionDispatch.dispatch(ReflectionDispatch.java:24)
KOj	at org.gradle.internal.dispatch.ContextClassLoaderDispatch.dispatch(ContextClassLoaderDispatch.java:33)
KOy	at org.gradle.internal.dispatch.ProxyDispatchAdapter$DispatchingInvocationHandler.invoke(ProxyDispatchAdapter.java:94)
KO8	at jdk.proxy2/jdk.proxy2.$Proxy5.stop(Unknown Source)
KOX	at org.gradle.api.internal.tasks.testing.worker.TestWorker$3.run(TestWorker.java:193)
KOo	at org.gradle.api.internal.tasks.testing.worker.TestWorker.executeAndMaintainThreadName(TestWorker.java:129)
KOZ	at org.gradle.api.internal.tasks.testing.worker.TestWorker.execute(TestWorker.java:100)
KOY	at org.gradle.api.internal.tasks.testing.worker.TestWorker.execute(TestWorker.java:60)
KOk	at org.gradle.process.internal.worker.child.ActionExecutionWorker.execute(ActionExecutionWorker.java:56)
KOƒ	at org.gradle.process.internal.worker.child.SystemApplicationClassLoaderWorker.call(SystemApplicationClassLoaderWorker.java:113)
KO‚	at org.gradle.process.internal.worker.child.SystemApplicationClassLoaderWorker.call(SystemApplicationClassLoaderWorker.java:65)
KO^	at worker.org.gradle.process.internal.worker.GradleWorkerMain.run(GradleWorkerMain.java:69)
KO_	at worker.org.gradle.process.internal.worker.GradleWorkerMain.main(GradleWorkerMain.java:74)
KPu15:17:20.699 [Test worker] ERROR fontys.s3.uplifted.business.impl.UserServiceImpl -- Error updating user with ID: 1
KP&java.lang.RuntimeException: DB error
KPZ	at fontys.s3.uplifted.business.impl.UserServiceImpl.updateUser(UserServiceImpl.java:84)
KPz	at fontys.s3.uplifted.business.UserServiceImplTest.lambda$testUpdateUserThrowsException$4(UserServiceImplTest.java:139)
KPK	at org.junit.jupiter.api.AssertThrows.assertThrows(AssertThrows.java:53)
KPK	at org.junit.jupiter.api.AssertThrows.assertThrows(AssertThrows.java:35)
KPI	at org.junit.jupiter.api.Assertions.assertThrows(Assertions.java:3115)
KPq	at fontys.s3.uplifted.business.UserServiceImplTest.testUpdateUserThrowsException(UserServiceImplTest.java:139)
KPT	at java.base/jdk.internal.reflect.NativeMethodAccessorImpl.invoke0(Native Method)
KPf	at java.base/jdk.internal.reflect.NativeMethodAccessorImpl.invoke(NativeMethodAccessorImpl.java:77)
KPn	at java.base/jdk.internal.reflect.DelegatingMethodAccessorImpl.invoke(DelegatingMethodAccessorImpl.java:43)
KP@	at java.base/java.lang.reflect.Method.invoke(Method.java:569)
KP\	at org.junit.platform.commons.util.ReflectionUtils.invokeMethod(ReflectionUtils.java:728)
KP[	at org.junit.jupiter.engine.execution.MethodInvocation.proceed(MethodInvocation.java:60)
KP…	at org.junit.jupiter.engine.execution.InvocationInterceptorChain$ValidatingInvocation.proceed(InvocationInterceptorChain.java:131)
KP^	at org.junit.jupiter.engine.extension.TimeoutExtension.intercept(TimeoutExtension.java:156)
KPl	at org.junit.jupiter.engine.extension.TimeoutExtension.interceptTestableMethod(TimeoutExtension.java:147)
KPg	at org.junit.jupiter.engine.extension.TimeoutExtension.interceptTestMethod(TimeoutExtension.java:86)
KPž	at org.junit.jupiter.engine.execution.InterceptingExecutableInvoker$ReflectiveInterceptorCall.lambda$ofVoidMethod$0(InterceptingExecutableInvoker.java:103)
KP}	at org.junit.jupiter.engine.execution.InterceptingExecutableInvoker.lambda$invoke$0(InterceptingExecutableInvoker.java:93)
KP†	at org.junit.jupiter.engine.execution.InvocationInterceptorChain$InterceptedInvocation.proceed(InvocationInterceptorChain.java:106)
KPo	at org.junit.jupiter.engine.execution.InvocationInterceptorChain.proceed(InvocationInterceptorChain.java:64)
KPv	at org.junit.jupiter.engine.execution.InvocationInterceptorChain.chainAndInvoke(InvocationInterceptorChain.java:45)
KPn	at org.junit.jupiter.engine.execution.InvocationInterceptorChain.invoke(InvocationInterceptorChain.java:37)
KPt	at org.junit.jupiter.engine.execution.InterceptingExecutableInvoker.invoke(InterceptingExecutableInvoker.java:92)
KPt	at org.junit.jupiter.engine.execution.InterceptingExecutableInvoker.invoke(InterceptingExecutableInvoker.java:86)
KP	at org.junit.jupiter.engine.descriptor.TestMethodTestDescriptor.lambda$invokeTestMethod$7(TestMethodTestDescriptor.java:218)
KPk	at org.junit.platform.engine.support.hierarchical.ThrowableCollector.execute(ThrowableCollector.java:73)
KPv	at org.junit.jupiter.engine.descriptor.TestMethodTestDescriptor.invokeTestMethod(TestMethodTestDescriptor.java:214)
KPm	at org.junit.jupiter.engine.descriptor.TestMethodTestDescriptor.execute(TestMethodTestDescriptor.java:139)
KPl	at org.junit.jupiter.engine.descriptor.TestMethodTestDescriptor.execute(TestMethodTestDescriptor.java:69)
KPt	at org.junit.platform.engine.support.hierarchical.NodeTestTask.lambda$executeRecursively$6(NodeTestTask.java:151)
KPk	at org.junit.platform.engine.support.hierarchical.ThrowableCollector.execute(ThrowableCollector.java:73)
KPt	at org.junit.platform.engine.support.hierarchical.NodeTestTask.lambda$executeRecursively$8(NodeTestTask.java:141)
KPO	at org.junit.platform.engine.support.hierarchical.Node.around(Node.java:137)
KPt	at org.junit.platform.engine.support.hierarchical.NodeTestTask.lambda$executeRecursively$9(NodeTestTask.java:139)
KPk	at org.junit.platform.engine.support.hierarchical.ThrowableCollector.execute(ThrowableCollector.java:73)
KPk	at org.junit.platform.engine.support.hierarchical.NodeTestTask.executeRecursively(NodeTestTask.java:138)
KP_	at org.junit.platform.engine.support.hierarchical.NodeTestTask.execute(NodeTestTask.java:95)
KP@	at java.base/java.util.ArrayList.forEach(ArrayList.java:1511)
KP›	at org.junit.platform.engine.support.hierarchical.SameThreadHierarchicalTestExecutorService.invokeAll(SameThreadHierarchicalTestExecutorService.java:41)
KPt	at org.junit.platform.engine.support.hierarchical.NodeTestTask.lambda$executeRecursively$6(NodeTestTask.java:155)
KPk	at org.junit.platform.engine.support.hierarchical.ThrowableCollector.execute(ThrowableCollector.java:73)
KPt	at org.junit.platform.engine.support.hierarchical.NodeTestTask.lambda$executeRecursively$8(NodeTestTask.java:141)
KPO	at org.junit.platform.engine.support.hierarchical.Node.around(Node.java:137)
KPt	at org.junit.platform.engine.support.hierarchical.NodeTestTask.lambda$executeRecursively$9(NodeTestTask.java:139)
KPk	at org.junit.platform.engine.support.hierarchical.ThrowableCollector.execute(ThrowableCollector.java:73)
KPk	at org.junit.platform.engine.support.hierarchical.NodeTestTask.executeRecursively(NodeTestTask.java:138)
KP_	at org.junit.platform.engine.support.hierarchical.NodeTestTask.execute(NodeTestTask.java:95)
KP@	at java.base/java.util.ArrayList.forEach(ArrayList.java:1511)
KP›	at org.junit.platform.engine.support.hierarchical.SameThreadHierarchicalTestExecutorService.invokeAll(SameThreadHierarchicalTestExecutorService.java:41)
KPt	at org.junit.platform.engine.support.hierarchical.NodeTestTask.lambda$executeRecursively$6(NodeTestTask.java:155)
KPk	at org.junit.platform.engine.support.hierarchical.ThrowableCollector.execute(ThrowableCollector.java:73)
KPt	at org.junit.platform.engine.support.hierarchical.NodeTestTask.lambda$executeRecursively$8(NodeTestTask.java:141)
KPO	at org.junit.platform.engine.support.hierarchical.Node.around(Node.java:137)
KPt	at org.junit.platform.engine.support.hierarchical.NodeTestTask.lambda$executeRecursively$9(NodeTestTask.java:139)
KPk	at org.junit.platform.engine.support.hierarchical.ThrowableCollector.execute(ThrowableCollector.java:73)
KPk	at org.junit.platform.engine.support.hierarchical.NodeTestTask.executeRecursively(NodeTestTask.java:138)
KP_	at org.junit.platform.engine.support.hierarchical.NodeTestTask.execute(NodeTestTask.java:95)
KP˜	at org.junit.platform.engine.support.hierarchical.SameThreadHierarchicalTestExecutorService.submit(SameThreadHierarchicalTestExecutorService.java:35)
KPw	at org.junit.platform.engine.support.hierarchical.HierarchicalTestExecutor.execute(HierarchicalTestExecutor.java:57)
KPs	at org.junit.platform.engine.support.hierarchical.HierarchicalTestEngine.execute(HierarchicalTestEngine.java:54)
KPp	at org.junit.platform.launcher.core.EngineExecutionOrchestrator.execute(EngineExecutionOrchestrator.java:107)
KPo	at org.junit.platform.launcher.core.EngineExecutionOrchestrator.execute(EngineExecutionOrchestrator.java:88)
KPx	at org.junit.platform.launcher.core.EngineExecutionOrchestrator.lambda$execute$0(EngineExecutionOrchestrator.java:54)
KP~	at org.junit.platform.launcher.core.EngineExecutionOrchestrator.withInterceptedStreams(EngineExecutionOrchestrator.java:67)
KPo	at org.junit.platform.launcher.core.EngineExecutionOrchestrator.execute(EngineExecutionOrchestrator.java:52)
KPX	at org.junit.platform.launcher.core.DefaultLauncher.execute(DefaultLauncher.java:114)
KPW	at org.junit.platform.launcher.core.DefaultLauncher.execute(DefaultLauncher.java:86)
KPx	at org.junit.platform.launcher.core.DefaultLauncherSession$DelegatingLauncher.execute(DefaultLauncherSession.java:86)
KP·	at org.gradle.api.internal.tasks.testing.junitplatform.JUnitPlatformTestClassProcessor$CollectAllTestClassesExecutor.processAllTestClasses(JUnitPlatformTestClassProcessor.java:119)
KP«	at org.gradle.api.internal.tasks.testing.junitplatform.JUnitPlatformTestClassProcessor$CollectAllTestClassesExecutor.access$000(JUnitPlatformTestClassProcessor.java:94)
KP‡	at org.gradle.api.internal.tasks.testing.junitplatform.JUnitPlatformTestClassProcessor.stop(JUnitPlatformTestClassProcessor.java:89)
KPi	at org.gradle.api.internal.tasks.testing.SuiteTestClassProcessor.stop(SuiteTestClassProcessor.java:62)
KPT	at java.base/jdk.internal.reflect.NativeMethodAccessorImpl.invoke0(Native Method)
KPf	at java.base/jdk.internal.reflect.NativeMethodAccessorImpl.invoke(NativeMethodAccessorImpl.java:77)
KPn	at java.base/jdk.internal.reflect.DelegatingMethodAccessorImpl.invoke(DelegatingMethodAccessorImpl.java:43)
KP@	at java.base/java.lang.reflect.Method.invoke(Method.java:569)
KPZ	at org.gradle.internal.dispatch.ReflectionDispatch.dispatch(ReflectionDispatch.java:36)
KPZ	at org.gradle.internal.dispatch.ReflectionDispatch.dispatch(ReflectionDispatch.java:24)
KPj	at org.gradle.internal.dispatch.ContextClassLoaderDispatch.dispatch(ContextClassLoaderDispatch.java:33)
KPy	at org.gradle.internal.dispatch.ProxyDispatchAdapter$DispatchingInvocationHandler.invoke(ProxyDispatchAdapter.java:94)
KP8	at jdk.proxy2/jdk.proxy2.$Proxy5.stop(Unknown Source)
KPX	at org.gradle.api.internal.tasks.testing.worker.TestWorker$3.run(TestWorker.java:193)
KPo	at org.gradle.api.internal.tasks.testing.worker.TestWorker.executeAndMaintainThreadName(TestWorker.java:129)
KPZ	at org.gradle.api.internal.tasks.testing.worker.TestWorker.execute(TestWorker.java:100)
KPY	at org.gradle.api.internal.tasks.testing.worker.TestWorker.execute(TestWorker.java:60)
KPk	at org.gradle.process.internal.worker.child.ActionExecutionWorker.execute(ActionExecutionWorker.java:56)
KPƒ	at org.gradle.process.internal.worker.child.SystemApplicationClassLoaderWorker.call(SystemApplicationClassLoaderWorker.java:113)
KP‚	at org.gradle.process.internal.worker.child.SystemApplicationClassLoaderWorker.call(SystemApplicationClassLoaderWorker.java:65)
KP^	at worker.org.gradle.process.internal.worker.GradleWorkerMain.run(GradleWorkerMain.java:69)
KP_	at worker.org.gradle.process.internal.worker.GradleWorkerMain.main(GradleWorkerMain.java:74)
KRm15:17:20.709 [Test worker] INFO fontys.s3.uplifted.business.impl.UserServiceImpl -- User created with ID: 1
KSo15:17:20.718 [Test worker] ERROR fontys.s3.uplifted.business.impl.UserServiceImpl -- Error fetching all users
KS&java.lang.RuntimeException: DB error
KS[	at fontys.s3.uplifted.business.impl.UserServiceImpl.getAllUsers(UserServiceImpl.java:33)
KSz	at fontys.s3.uplifted.business.UserServiceImplTest.lambda$testGetAllUsersThrowsException$0(UserServiceImplTest.java:69)
KSK	at org.junit.jupiter.api.AssertThrows.assertThrows(AssertThrows.java:53)
KSK	at org.junit.jupiter.api.AssertThrows.assertThrows(AssertThrows.java:35)
KSI	at org.junit.jupiter.api.Assertions.assertThrows(Assertions.java:3115)
KSq	at fontys.s3.uplifted.business.UserServiceImplTest.testGetAllUsersThrowsException(UserServiceImplTest.java:69)
KST	at java.base/jdk.internal.reflect.NativeMethodAccessorImpl.invoke0(Native Method)
KSf	at java.base/jdk.internal.reflect.NativeMethodAccessorImpl.invoke(NativeMethodAccessorImpl.java:77)
KSn	at java.base/jdk.internal.reflect.DelegatingMethodAccessorImpl.invoke(DelegatingMethodAccessorImpl.java:43)
KS@	at java.base/java.lang.reflect.Method.invoke(Method.java:569)
KS\	at org.junit.platform.commons.util.ReflectionUtils.invokeMethod(ReflectionUtils.java:728)
KS[	at org.junit.jupiter.engine.execution.MethodInvocation.proceed(MethodInvocation.java:60)
KS…	at org.junit.jupiter.engine.execution.InvocationInterceptorChain$ValidatingInvocation.proceed(InvocationInterceptorChain.java:131)
KS^	at org.junit.jupiter.engine.extension.TimeoutExtension.intercept(TimeoutExtension.java:156)
KSl	at org.junit.jupiter.engine.extension.TimeoutExtension.interceptTestableMethod(TimeoutExtension.java:147)
KSg	at org.junit.jupiter.engine.extension.TimeoutExtension.interceptTestMethod(TimeoutExtension.java:86)
KSž	at org.junit.jupiter.engine.execution.InterceptingExecutableInvoker$ReflectiveInterceptorCall.lambda$ofVoidMethod$0(InterceptingExecutableInvoker.java:103)
KS}	at org.junit.jupiter.engine.execution.InterceptingExecutableInvoker.lambda$invoke$0(InterceptingExecutableInvoker.java:93)
KS†	at org.junit.jupiter.engine.execution.InvocationInterceptorChain$InterceptedInvocation.proceed(InvocationInterceptorChain.java:106)
KSo	at org.junit.jupiter.engine.execution.InvocationInterceptorChain.proceed(InvocationInterceptorChain.java:64)
KSv	at org.junit.jupiter.engine.execution.InvocationInterceptorChain.chainAndInvoke(InvocationInterceptorChain.java:45)
KSn	at org.junit.jupiter.engine.execution.InvocationInterceptorChain.invoke(InvocationInterceptorChain.java:37)
KSt	at org.junit.jupiter.engine.execution.InterceptingExecutableInvoker.invoke(InterceptingExecutableInvoker.java:92)
KSt	at org.junit.jupiter.engine.execution.InterceptingExecutableInvoker.invoke(InterceptingExecutableInvoker.java:86)
KS	at org.junit.jupiter.engine.descriptor.TestMethodTestDescriptor.lambda$invokeTestMethod$7(TestMethodTestDescriptor.java:218)
KSk	at org.junit.platform.engine.support.hierarchical.ThrowableCollector.execute(ThrowableCollector.java:73)
KSv	at org.junit.jupiter.engine.descriptor.TestMethodTestDescriptor.invokeTestMethod(TestMethodTestDescriptor.java:214)
KSm	at org.junit.jupiter.engine.descriptor.TestMethodTestDescriptor.execute(TestMethodTestDescriptor.java:139)
KSl	at org.junit.jupiter.engine.descriptor.TestMethodTestDescriptor.execute(TestMethodTestDescriptor.java:69)
KSt	at org.junit.platform.engine.support.hierarchical.NodeTestTask.lambda$executeRecursively$6(NodeTestTask.java:151)
KSk	at org.junit.platform.engine.support.hierarchical.ThrowableCollector.execute(ThrowableCollector.java:73)
KSt	at org.junit.platform.engine.support.hierarchical.NodeTestTask.lambda$executeRecursively$8(NodeTestTask.java:141)
KSO	at org.junit.platform.engine.support.hierarchical.Node.around(Node.java:137)
KSt	at org.junit.platform.engine.support.hierarchical.NodeTestTask.lambda$executeRecursively$9(NodeTestTask.java:139)
KSk	at org.junit.platform.engine.support.hierarchical.ThrowableCollector.execute(ThrowableCollector.java:73)
KSk	at org.junit.platform.engine.support.hierarchical.NodeTestTask.executeRecursively(NodeTestTask.java:138)
KS_	at org.junit.platform.engine.support.hierarchical.NodeTestTask.execute(NodeTestTask.java:95)
KS@	at java.base/java.util.ArrayList.forEach(ArrayList.java:1511)
KS›	at org.junit.platform.engine.support.hierarchical.SameThreadHierarchicalTestExecutorService.invokeAll(SameThreadHierarchicalTestExecutorService.java:41)
KSt	at org.junit.platform.engine.support.hierarchical.NodeTestTask.lambda$executeRecursively$6(NodeTestTask.java:155)
KSk	at org.junit.platform.engine.support.hierarchical.ThrowableCollector.execute(ThrowableCollector.java:73)
KSt	at org.junit.platform.engine.support.hierarchical.NodeTestTask.lambda$executeRecursively$8(NodeTestTask.java:141)
KSO	at org.junit.platform.engine.support.hierarchical.Node.around(Node.java:137)
KSt	at org.junit.platform.engine.support.hierarchical.NodeTestTask.lambda$executeRecursively$9(NodeTestTask.java:139)
KSk	at org.junit.platform.engine.support.hierarchical.ThrowableCollector.execute(ThrowableCollector.java:73)
KSk	at org.junit.platform.engine.support.hierarchical.NodeTestTask.executeRecursively(NodeTestTask.java:138)
KS_	at org.junit.platform.engine.support.hierarchical.NodeTestTask.execute(NodeTestTask.java:95)
KS@	at java.base/java.util.ArrayList.forEach(ArrayList.java:1511)
KS›	at org.junit.platform.engine.support.hierarchical.SameThreadHierarchicalTestExecutorService.invokeAll(SameThreadHierarchicalTestExecutorService.java:41)
KSt	at org.junit.platform.engine.support.hierarchical.NodeTestTask.lambda$executeRecursively$6(NodeTestTask.java:155)
KSk	at org.junit.platform.engine.support.hierarchical.ThrowableCollector.execute(ThrowableCollector.java:73)
KSt	at org.junit.platform.engine.support.hierarchical.NodeTestTask.lambda$executeRecursively$8(NodeTestTask.java:141)
KSO	at org.junit.platform.engine.support.hierarchical.Node.around(Node.java:137)
KSt	at org.junit.platform.engine.support.hierarchical.NodeTestTask.lambda$executeRecursively$9(NodeTestTask.java:139)
KSk	at org.junit.platform.engine.support.hierarchical.ThrowableCollector.execute(ThrowableCollector.java:73)
KSk	at org.junit.platform.engine.support.hierarchical.NodeTestTask.executeRecursively(NodeTestTask.java:138)
KS_	at org.junit.platform.engine.support.hierarchical.NodeTestTask.execute(NodeTestTask.java:95)
KS˜	at org.junit.platform.engine.support.hierarchical.SameThreadHierarchicalTestExecutorService.submit(SameThreadHierarchicalTestExecutorService.java:35)
KSw	at org.junit.platform.engine.support.hierarchical.HierarchicalTestExecutor.execute(HierarchicalTestExecutor.java:57)
KSs	at org.junit.platform.engine.support.hierarchical.HierarchicalTestEngine.execute(HierarchicalTestEngine.java:54)
KSp	at org.junit.platform.launcher.core.EngineExecutionOrchestrator.execute(EngineExecutionOrchestrator.java:107)
KSo	at org.junit.platform.launcher.core.EngineExecutionOrchestrator.execute(EngineExecutionOrchestrator.java:88)
KSx	at org.junit.platform.launcher.core.EngineExecutionOrchestrator.lambda$execute$0(EngineExecutionOrchestrator.java:54)
KS~	at org.junit.platform.launcher.core.EngineExecutionOrchestrator.withInterceptedStreams(EngineExecutionOrchestrator.java:67)
KSo	at org.junit.platform.launcher.core.EngineExecutionOrchestrator.execute(EngineExecutionOrchestrator.java:52)
KSX	at org.junit.platform.launcher.core.DefaultLauncher.execute(DefaultLauncher.java:114)
KSW	at org.junit.platform.launcher.core.DefaultLauncher.execute(DefaultLauncher.java:86)
KSx	at org.junit.platform.launcher.core.DefaultLauncherSession$DelegatingLauncher.execute(DefaultLauncherSession.java:86)
KS·	at org.gradle.api.internal.tasks.testing.junitplatform.JUnitPlatformTestClassProcessor$CollectAllTestClassesExecutor.processAllTestClasses(JUnitPlatformTestClassProcessor.java:119)
KS«	at org.gradle.api.internal.tasks.testing.junitplatform.JUnitPlatformTestClassProcessor$CollectAllTestClassesExecutor.access$000(JUnitPlatformTestClassProcessor.java:94)
KS‡	at org.gradle.api.internal.tasks.testing.junitplatform.JUnitPlatformTestClassProcessor.stop(JUnitPlatformTestClassProcessor.java:89)
KSi	at org.gradle.api.internal.tasks.testing.SuiteTestClassProcessor.stop(SuiteTestClassProcessor.java:62)
KST	at java.base/jdk.internal.reflect.NativeMethodAccessorImpl.invoke0(Native Method)
KSf	at java.base/jdk.internal.reflect.NativeMethodAccessorImpl.invoke(NativeMethodAccessorImpl.java:77)
KSn	at java.base/jdk.internal.reflect.DelegatingMethodAccessorImpl.invoke(DelegatingMethodAccessorImpl.java:43)
KS@	at java.base/java.lang.reflect.Method.invoke(Method.java:569)
KSZ	at org.gradle.internal.dispatch.ReflectionDispatch.dispatch(ReflectionDispatch.java:36)
KSZ	at org.gradle.internal.dispatch.ReflectionDispatch.dispatch(ReflectionDispatch.java:24)
KSj	at org.gradle.internal.dispatch.ContextClassLoaderDispatch.dispatch(ContextClassLoaderDispatch.java:33)
KSy	at org.gradle.internal.dispatch.ProxyDispatchAdapter$DispatchingInvocationHandler.invoke(ProxyDispatchAdapter.java:94)
KS8	at jdk.proxy2/jdk.proxy2.$Proxy5.stop(Unknown Source)
KSX	at org.gradle.api.internal.tasks.testing.worker.TestWorker$3.run(TestWorker.java:193)
KSo	at org.gradle.api.internal.tasks.testing.worker.TestWorker.executeAndMaintainThreadName(TestWorker.java:129)
KSZ	at org.gradle.api.internal.tasks.testing.worker.TestWorker.execute(TestWorker.java:100)
KSY	at org.gradle.api.internal.tasks.testing.worker.TestWorker.execute(TestWorker.java:60)
KSk	at org.gradle.process.internal.worker.child.ActionExecutionWorker.execute(ActionExecutionWorker.java:56)
KSƒ	at org.gradle.process.internal.worker.child.SystemApplicationClassLoaderWorker.call(SystemApplicationClassLoaderWorker.java:113)
KS‚	at org.gradle.process.internal.worker.child.SystemApplicationClassLoaderWorker.call(SystemApplicationClassLoaderWorker.java:65)
KS^	at worker.org.gradle.process.internal.worker.GradleWorkerMain.run(GradleWorkerMain.java:69)
KS_	at worker.org.gradle.process.internal.worker.GradleWorkerMain.main(GradleWorkerMain.java:74)
KT‡15:17:20.724 [Test worker] ERROR fontys.s3.uplifted.business.impl.UserServiceImpl -- Error fetching user with email: john@example.com
KT&java.lang.RuntimeException: DB error
KT^	at fontys.s3.uplifted.business.impl.UserServiceImpl.getUserByEmail(UserServiceImpl.java:57)
KT}	at fontys.s3.uplifted.business.UserServiceImplTest.lambda$testGetUserByEmailThrowsException$2(UserServiceImplTest.java:99)
KTK	at org.junit.jupiter.api.AssertThrows.assertThrows(AssertThrows.java:53)
KTK	at org.junit.jupiter.api.AssertThrows.assertThrows(AssertThrows.java:35)
KTI	at org.junit.jupiter.api.Assertions.assertThrows(Assertions.java:3115)
KTt	at fontys.s3.uplifted.business.UserServiceImplTest.testGetUserByEmailThrowsException(UserServiceImplTest.java:99)
KTT	at java.base/jdk.internal.reflect.NativeMethodAccessorImpl.invoke0(Native Method)
KTf	at java.base/jdk.internal.reflect.NativeMethodAccessorImpl.invoke(NativeMethodAccessorImpl.java:77)
KTn	at java.base/jdk.internal.reflect.DelegatingMethodAccessorImpl.invoke(DelegatingMethodAccessorImpl.java:43)
KT@	at java.base/java.lang.reflect.Method.invoke(Method.java:569)
KT\	at org.junit.platform.commons.util.ReflectionUtils.invokeMethod(ReflectionUtils.java:728)
KT[	at org.junit.jupiter.engine.execution.MethodInvocation.proceed(MethodInvocation.java:60)
KT…	at org.junit.jupiter.engine.execution.InvocationInterceptorChain$ValidatingInvocation.proceed(InvocationInterceptorChain.java:131)
KT^	at org.junit.jupiter.engine.extension.TimeoutExtension.intercept(TimeoutExtension.java:156)
KTl	at org.junit.jupiter.engine.extension.TimeoutExtension.interceptTestableMethod(TimeoutExtension.java:147)
KTg	at org.junit.jupiter.engine.extension.TimeoutExtension.interceptTestMethod(TimeoutExtension.java:86)
KTž	at org.junit.jupiter.engine.execution.InterceptingExecutableInvoker$ReflectiveInterceptorCall.lambda$ofVoidMethod$0(InterceptingExecutableInvoker.java:103)
KT}	at org.junit.jupiter.engine.execution.InterceptingExecutableInvoker.lambda$invoke$0(InterceptingExecutableInvoker.java:93)
KT†	at org.junit.jupiter.engine.execution.InvocationInterceptorChain$InterceptedInvocation.proceed(InvocationInterceptorChain.java:106)
KTo	at org.junit.jupiter.engine.execution.InvocationInterceptorChain.proceed(InvocationInterceptorChain.java:64)
KTv	at org.junit.jupiter.engine.execution.InvocationInterceptorChain.chainAndInvoke(InvocationInterceptorChain.java:45)
KTn	at org.junit.jupiter.engine.execution.InvocationInterceptorChain.invoke(InvocationInterceptorChain.java:37)
KTt	at org.junit.jupiter.engine.execution.InterceptingExecutableInvoker.invoke(InterceptingExecutableInvoker.java:92)
KTt	at org.junit.jupiter.engine.execution.InterceptingExecutableInvoker.invoke(InterceptingExecutableInvoker.java:86)
KT	at org.junit.jupiter.engine.descriptor.TestMethodTestDescriptor.lambda$invokeTestMethod$7(TestMethodTestDescriptor.java:218)
KTk	at org.junit.platform.engine.support.hierarchical.ThrowableCollector.execute(ThrowableCollector.java:73)
KTv	at org.junit.jupiter.engine.descriptor.TestMethodTestDescriptor.invokeTestMethod(TestMethodTestDescriptor.java:214)
KTm	at org.junit.jupiter.engine.descriptor.TestMethodTestDescriptor.execute(TestMethodTestDescriptor.java:139)
KTl	at org.junit.jupiter.engine.descriptor.TestMethodTestDescriptor.execute(TestMethodTestDescriptor.java:69)
KTt	at org.junit.platform.engine.support.hierarchical.NodeTestTask.lambda$executeRecursively$6(NodeTestTask.java:151)
KTk	at org.junit.platform.engine.support.hierarchical.ThrowableCollector.execute(ThrowableCollector.java:73)
KTt	at org.junit.platform.engine.support.hierarchical.NodeTestTask.lambda$executeRecursively$8(NodeTestTask.java:141)
KTO	at org.junit.platform.engine.support.hierarchical.Node.around(Node.java:137)
KTt	at org.junit.platform.engine.support.hierarchical.NodeTestTask.lambda$executeRecursively$9(NodeTestTask.java:139)
KTk	at org.junit.platform.engine.support.hierarchical.ThrowableCollector.execute(ThrowableCollector.java:73)
KTk	at org.junit.platform.engine.support.hierarchical.NodeTestTask.executeRecursively(NodeTestTask.java:138)
KT_	at org.junit.platform.engine.support.hierarchical.NodeTestTask.execute(NodeTestTask.java:95)
KT@	at java.base/java.util.ArrayList.forEach(ArrayList.java:1511)
KT›	at org.junit.platform.engine.support.hierarchical.SameThreadHierarchicalTestExecutorService.invokeAll(SameThreadHierarchicalTestExecutorService.java:41)
KTt	at org.junit.platform.engine.support.hierarchical.NodeTestTask.lambda$executeRecursively$6(NodeTestTask.java:155)
KTk	at org.junit.platform.engine.support.hierarchical.ThrowableCollector.execute(ThrowableCollector.java:73)
KTt	at org.junit.platform.engine.support.hierarchical.NodeTestTask.lambda$executeRecursively$8(NodeTestTask.java:141)
KTO	at org.junit.platform.engine.support.hierarchical.Node.around(Node.java:137)
KTt	at org.junit.platform.engine.support.hierarchical.NodeTestTask.lambda$executeRecursively$9(NodeTestTask.java:139)
KTk	at org.junit.platform.engine.support.hierarchical.ThrowableCollector.execute(ThrowableCollector.java:73)
KTk	at org.junit.platform.engine.support.hierarchical.NodeTestTask.executeRecursively(NodeTestTask.java:138)
KT_	at org.junit.platform.engine.support.hierarchical.NodeTestTask.execute(NodeTestTask.java:95)
KT@	at java.base/java.util.ArrayList.forEach(ArrayList.java:1511)
KT›	at org.junit.platform.engine.support.hierarchical.SameThreadHierarchicalTestExecutorService.invokeAll(SameThreadHierarchicalTestExecutorService.java:41)
KTt	at org.junit.platform.engine.support.hierarchical.NodeTestTask.lambda$executeRecursively$6(NodeTestTask.java:155)
KTk	at org.junit.platform.engine.support.hierarchical.ThrowableCollector.execute(ThrowableCollector.java:73)
KTt	at org.junit.platform.engine.support.hierarchical.NodeTestTask.lambda$executeRecursively$8(NodeTestTask.java:141)
KTO	at org.junit.platform.engine.support.hierarchical.Node.around(Node.java:137)
KTt	at org.junit.platform.engine.support.hierarchical.NodeTestTask.lambda$executeRecursively$9(NodeTestTask.java:139)
KTk	at org.junit.platform.engine.support.hierarchical.ThrowableCollector.execute(ThrowableCollector.java:73)
KTk	at org.junit.platform.engine.support.hierarchical.NodeTestTask.executeRecursively(NodeTestTask.java:138)
KT_	at org.junit.platform.engine.support.hierarchical.NodeTestTask.execute(NodeTestTask.java:95)
KT˜	at org.junit.platform.engine.support.hierarchical.SameThreadHierarchicalTestExecutorService.submit(SameThreadHierarchicalTestExecutorService.java:35)
KTw	at org.junit.platform.engine.support.hierarchical.HierarchicalTestExecutor.execute(HierarchicalTestExecutor.java:57)
KTs	at org.junit.platform.engine.support.hierarchical.HierarchicalTestEngine.execute(HierarchicalTestEngine.java:54)
KTp	at org.junit.platform.launcher.core.EngineExecutionOrchestrator.execute(EngineExecutionOrchestrator.java:107)
KTo	at org.junit.platform.launcher.core.EngineExecutionOrchestrator.execute(EngineExecutionOrchestrator.java:88)
KTx	at org.junit.platform.launcher.core.EngineExecutionOrchestrator.lambda$execute$0(EngineExecutionOrchestrator.java:54)
KT~	at org.junit.platform.launcher.core.EngineExecutionOrchestrator.withInterceptedStreams(EngineExecutionOrchestrator.java:67)
KTo	at org.junit.platform.launcher.core.EngineExecutionOrchestrator.execute(EngineExecutionOrchestrator.java:52)
KTX	at org.junit.platform.launcher.core.DefaultLauncher.execute(DefaultLauncher.java:114)
KTW	at org.junit.platform.launcher.core.DefaultLauncher.execute(DefaultLauncher.java:86)
KTx	at org.junit.platform.launcher.core.DefaultLauncherSession$DelegatingLauncher.execute(DefaultLauncherSession.java:86)
KT·	at org.gradle.api.internal.tasks.testing.junitplatform.JUnitPlatformTestClassProcessor$CollectAllTestClassesExecutor.processAllTestClasses(JUnitPlatformTestClassProcessor.java:119)
KT«	at org.gradle.api.internal.tasks.testing.junitplatform.JUnitPlatformTestClassProcessor$CollectAllTestClassesExecutor.access$000(JUnitPlatformTestClassProcessor.java:94)
KT‡	at org.gradle.api.internal.tasks.testing.junitplatform.JUnitPlatformTestClassProcessor.stop(JUnitPlatformTestClassProcessor.java:89)
KTi	at org.gradle.api.internal.tasks.testing.SuiteTestClassProcessor.stop(SuiteTestClassProcessor.java:62)
KTT	at java.base/jdk.internal.reflect.NativeMethodAccessorImpl.invoke0(Native Method)
KTf	at java.base/jdk.internal.reflect.NativeMethodAccessorImpl.invoke(NativeMethodAccessorImpl.java:77)
KTn	at java.base/jdk.internal.reflect.DelegatingMethodAccessorImpl.invoke(DelegatingMethodAccessorImpl.java:43)
KT@	at java.base/java.lang.reflect.Method.invoke(Method.java:569)
KTZ	at org.gradle.internal.dispatch.ReflectionDispatch.dispatch(ReflectionDispatch.java:36)
KTZ	at org.gradle.internal.dispatch.ReflectionDispatch.dispatch(ReflectionDispatch.java:24)
KTj	at org.gradle.internal.dispatch.ContextClassLoaderDispatch.dispatch(ContextClassLoaderDispatch.java:33)
KTy	at org.gradle.internal.dispatch.ProxyDispatchAdapter$DispatchingInvocationHandler.invoke(ProxyDispatchAdapter.java:94)
KT8	at jdk.proxy2/jdk.proxy2.$Proxy5.stop(Unknown Source)
KTX	at org.gradle.api.internal.tasks.testing.worker.TestWorker$3.run(TestWorker.java:193)
KTo	at org.gradle.api.internal.tasks.testing.worker.TestWorker.executeAndMaintainThreadName(TestWorker.java:129)
KTZ	at org.gradle.api.internal.tasks.testing.worker.TestWorker.execute(TestWorker.java:100)
KTY	at org.gradle.api.internal.tasks.testing.worker.TestWorker.execute(TestWorker.java:60)
KTk	at org.gradle.process.internal.worker.child.ActionExecutionWorker.execute(ActionExecutionWorker.java:56)
KTƒ	at org.gradle.process.internal.worker.child.SystemApplicationClassLoaderWorker.call(SystemApplicationClassLoaderWorker.java:113)
KT‚	at org.gradle.process.internal.worker.child.SystemApplicationClassLoaderWorker.call(SystemApplicationClassLoaderWorker.java:65)
KT^	at worker.org.gradle.process.internal.worker.GradleWorkerMain.run(GradleWorkerMain.java:69)
KT_	at worker.org.gradle.process.internal.worker.GradleWorkerMain.main(GradleWorkerMain.java:74)
KVu15:17:20.738 [Test worker] ERROR fontys.s3.uplifted.business.impl.UserServiceImpl -- Error fetching user with ID: 1
KV&java.lang.RuntimeException: DB error
KV[	at fontys.s3.uplifted.business.impl.UserServiceImpl.getUserById(UserServiceImpl.java:46)
KVz	at fontys.s3.uplifted.business.UserServiceImplTest.lambda$testGetUserByIdThrowsException$1(UserServiceImplTest.java:84)
KVK	at org.junit.jupiter.api.AssertThrows.assertThrows(AssertThrows.java:53)
KVK	at org.junit.jupiter.api.AssertThrows.assertThrows(AssertThrows.java:35)
KVI	at org.junit.jupiter.api.Assertions.assertThrows(Assertions.java:3115)
KVq	at fontys.s3.uplifted.business.UserServiceImplTest.testGetUserByIdThrowsException(UserServiceImplTest.java:84)
KVT	at java.base/jdk.internal.reflect.NativeMethodAccessorImpl.invoke0(Native Method)
KVf	at java.base/jdk.internal.reflect.NativeMethodAccessorImpl.invoke(NativeMethodAccessorImpl.java:77)
KVn	at java.base/jdk.internal.reflect.DelegatingMethodAccessorImpl.invoke(DelegatingMethodAccessorImpl.java:43)
KV@	at java.base/java.lang.reflect.Method.invoke(Method.java:569)
KV\	at org.junit.platform.commons.util.ReflectionUtils.invokeMethod(ReflectionUtils.java:728)
KV[	at org.junit.jupiter.engine.execution.MethodInvocation.proceed(MethodInvocation.java:60)
KV…	at org.junit.jupiter.engine.execution.InvocationInterceptorChain$ValidatingInvocation.proceed(InvocationInterceptorChain.java:131)
KV^	at org.junit.jupiter.engine.extension.TimeoutExtension.intercept(TimeoutExtension.java:156)
KVl	at org.junit.jupiter.engine.extension.TimeoutExtension.interceptTestableMethod(TimeoutExtension.java:147)
KVg	at org.junit.jupiter.engine.extension.TimeoutExtension.interceptTestMethod(TimeoutExtension.java:86)
KVž	at org.junit.jupiter.engine.execution.InterceptingExecutableInvoker$ReflectiveInterceptorCall.lambda$ofVoidMethod$0(InterceptingExecutableInvoker.java:103)
KV}	at org.junit.jupiter.engine.execution.InterceptingExecutableInvoker.lambda$invoke$0(InterceptingExecutableInvoker.java:93)
KV†	at org.junit.jupiter.engine.execution.InvocationInterceptorChain$InterceptedInvocation.proceed(InvocationInterceptorChain.java:106)
KVo	at org.junit.jupiter.engine.execution.InvocationInterceptorChain.proceed(InvocationInterceptorChain.java:64)
KVv	at org.junit.jupiter.engine.execution.InvocationInterceptorChain.chainAndInvoke(InvocationInterceptorChain.java:45)
KVn	at org.junit.jupiter.engine.execution.InvocationInterceptorChain.invoke(InvocationInterceptorChain.java:37)
KVt	at org.junit.jupiter.engine.execution.InterceptingExecutableInvoker.invoke(InterceptingExecutableInvoker.java:92)
KVt	at org.junit.jupiter.engine.execution.InterceptingExecutableInvoker.invoke(InterceptingExecutableInvoker.java:86)
KV	at org.junit.jupiter.engine.descriptor.TestMethodTestDescriptor.lambda$invokeTestMethod$7(TestMethodTestDescriptor.java:218)
KVk	at org.junit.platform.engine.support.hierarchical.ThrowableCollector.execute(ThrowableCollector.java:73)
KVv	at org.junit.jupiter.engine.descriptor.TestMethodTestDescriptor.invokeTestMethod(TestMethodTestDescriptor.java:214)
KVm	at org.junit.jupiter.engine.descriptor.TestMethodTestDescriptor.execute(TestMethodTestDescriptor.java:139)
KVl	at org.junit.jupiter.engine.descriptor.TestMethodTestDescriptor.execute(TestMethodTestDescriptor.java:69)
KVt	at org.junit.platform.engine.support.hierarchical.NodeTestTask.lambda$executeRecursively$6(NodeTestTask.java:151)
KVk	at org.junit.platform.engine.support.hierarchical.ThrowableCollector.execute(ThrowableCollector.java:73)
KVt	at org.junit.platform.engine.support.hierarchical.NodeTestTask.lambda$executeRecursively$8(NodeTestTask.java:141)
KVO	at org.junit.platform.engine.support.hierarchical.Node.around(Node.java:137)
KVt	at org.junit.platform.engine.support.hierarchical.NodeTestTask.lambda$executeRecursively$9(NodeTestTask.java:139)
KVk	at org.junit.platform.engine.support.hierarchical.ThrowableCollector.execute(ThrowableCollector.java:73)
KVk	at org.junit.platform.engine.support.hierarchical.NodeTestTask.executeRecursively(NodeTestTask.java:138)
KV_	at org.junit.platform.engine.support.hierarchical.NodeTestTask.execute(NodeTestTask.java:95)
KV@	at java.base/java.util.ArrayList.forEach(ArrayList.java:1511)
KV›	at org.junit.platform.engine.support.hierarchical.SameThreadHierarchicalTestExecutorService.invokeAll(SameThreadHierarchicalTestExecutorService.java:41)
KVt	at org.junit.platform.engine.support.hierarchical.NodeTestTask.lambda$executeRecursively$6(NodeTestTask.java:155)
KVk	at org.junit.platform.engine.support.hierarchical.ThrowableCollector.execute(ThrowableCollector.java:73)
KVt	at org.junit.platform.engine.support.hierarchical.NodeTestTask.lambda$executeRecursively$8(NodeTestTask.java:141)
KVO	at org.junit.platform.engine.support.hierarchical.Node.around(Node.java:137)
KVt	at org.junit.platform.engine.support.hierarchical.NodeTestTask.lambda$executeRecursively$9(NodeTestTask.java:139)
KVk	at org.junit.platform.engine.support.hierarchical.ThrowableCollector.execute(ThrowableCollector.java:73)
KVk	at org.junit.platform.engine.support.hierarchical.NodeTestTask.executeRecursively(NodeTestTask.java:138)
KV_	at org.junit.platform.engine.support.hierarchical.NodeTestTask.execute(NodeTestTask.java:95)
KV@	at java.base/java.util.ArrayList.forEach(ArrayList.java:1511)
KV›	at org.junit.platform.engine.support.hierarchical.SameThreadHierarchicalTestExecutorService.invokeAll(SameThreadHierarchicalTestExecutorService.java:41)
KVt	at org.junit.platform.engine.support.hierarchical.NodeTestTask.lambda$executeRecursively$6(NodeTestTask.java:155)
KVk	at org.junit.platform.engine.support.hierarchical.ThrowableCollector.execute(ThrowableCollector.java:73)
KVt	at org.junit.platform.engine.support.hierarchical.NodeTestTask.lambda$executeRecursively$8(NodeTestTask.java:141)
KVO	at org.junit.platform.engine.support.hierarchical.Node.around(Node.java:137)
KVt	at org.junit.platform.engine.support.hierarchical.NodeTestTask.lambda$executeRecursively$9(NodeTestTask.java:139)
KVk	at org.junit.platform.engine.support.hierarchical.ThrowableCollector.execute(ThrowableCollector.java:73)
KVk	at org.junit.platform.engine.support.hierarchical.NodeTestTask.executeRecursively(NodeTestTask.java:138)
KV_	at org.junit.platform.engine.support.hierarchical.NodeTestTask.execute(NodeTestTask.java:95)
KV˜	at org.junit.platform.engine.support.hierarchical.SameThreadHierarchicalTestExecutorService.submit(SameThreadHierarchicalTestExecutorService.java:35)
KVw	at org.junit.platform.engine.support.hierarchical.HierarchicalTestExecutor.execute(HierarchicalTestExecutor.java:57)
KVs	at org.junit.platform.engine.support.hierarchical.HierarchicalTestEngine.execute(HierarchicalTestEngine.java:54)
KVp	at org.junit.platform.launcher.core.EngineExecutionOrchestrator.execute(EngineExecutionOrchestrator.java:107)
KVo	at org.junit.platform.launcher.core.EngineExecutionOrchestrator.execute(EngineExecutionOrchestrator.java:88)
KVx	at org.junit.platform.launcher.core.EngineExecutionOrchestrator.lambda$execute$0(EngineExecutionOrchestrator.java:54)
KV~	at org.junit.platform.launcher.core.EngineExecutionOrchestrator.withInterceptedStreams(EngineExecutionOrchestrator.java:67)
KVo	at org.junit.platform.launcher.core.EngineExecutionOrchestrator.execute(EngineExecutionOrchestrator.java:52)
KVX	at org.junit.platform.launcher.core.DefaultLauncher.execute(DefaultLauncher.java:114)
KVW	at org.junit.platform.launcher.core.DefaultLauncher.execute(DefaultLauncher.java:86)
KVx	at org.junit.platform.launcher.core.DefaultLauncherSession$DelegatingLauncher.execute(DefaultLauncherSession.java:86)
KV·	at org.gradle.api.internal.tasks.testing.junitplatform.JUnitPlatformTestClassProcessor$CollectAllTestClassesExecutor.processAllTestClasses(JUnitPlatformTestClassProcessor.java:119)
KV«	at org.gradle.api.internal.tasks.testing.junitplatform.JUnitPlatformTestClassProcessor$CollectAllTestClassesExecutor.access$000(JUnitPlatformTestClassProcessor.java:94)
KV‡	at org.gradle.api.internal.tasks.testing.junitplatform.JUnitPlatformTestClassProcessor.stop(JUnitPlatformTestClassProcessor.java:89)
KVi	at org.gradle.api.internal.tasks.testing.SuiteTestClassProcessor.stop(SuiteTestClassProcessor.java:62)
KVT	at java.base/jdk.internal.reflect.NativeMethodAccessorImpl.invoke0(Native Method)
KVf	at java.base/jdk.internal.reflect.NativeMethodAccessorImpl.invoke(NativeMethodAccessorImpl.java:77)
KVn	at java.base/jdk.internal.reflect.DelegatingMethodAccessorImpl.invoke(DelegatingMethodAccessorImpl.java:43)
KV@	at java.base/java.lang.reflect.Method.invoke(Method.java:569)
KVZ	at org.gradle.internal.dispatch.ReflectionDispatch.dispatch(ReflectionDispatch.java:36)
KVZ	at org.gradle.internal.dispatch.ReflectionDispatch.dispatch(ReflectionDispatch.java:24)
KVj	at org.gradle.internal.dispatch.ContextClassLoaderDispatch.dispatch(ContextClassLoaderDispatch.java:33)
KVy	at org.gradle.internal.dispatch.ProxyDispatchAdapter$DispatchingInvocationHandler.invoke(ProxyDispatchAdapter.java:94)
KV8	at jdk.proxy2/jdk.proxy2.$Proxy5.stop(Unknown Source)
KVX	at org.gradle.api.internal.tasks.testing.worker.TestWorker$3.run(TestWorker.java:193)
KVo	at org.gradle.api.internal.tasks.testing.worker.TestWorker.executeAndMaintainThreadName(TestWorker.java:129)
KVZ	at org.gradle.api.internal.tasks.testing.worker.TestWorker.execute(TestWorker.java:100)
KVY	at org.gradle.api.internal.tasks.testing.worker.TestWorker.execute(TestWorker.java:60)
KVk	at org.gradle.process.internal.worker.child.ActionExecutionWorker.execute(ActionExecutionWorker.java:56)
KVƒ	at org.gradle.process.internal.worker.child.SystemApplicationClassLoaderWorker.call(SystemApplicationClassLoaderWorker.java:113)
KV‚	at org.gradle.process.internal.worker.child.SystemApplicationClassLoaderWorker.call(SystemApplicationClassLoaderWorker.java:65)
KV^	at worker.org.gradle.process.internal.worker.GradleWorkerMain.run(GradleWorkerMain.java:69)
KV_	at worker.org.gradle.process.internal.worker.GradleWorkerMain.main(GradleWorkerMain.java:74)
KWw15:17:20.744 [Test worker] WARN fontys.s3.uplifted.business.impl.UserServiceImpl -- No user found with ID 2 to delete
YXx15:17:21.079 [Test worker] INFO fontys.s3.uplifted.controller.AuthController -- Attempting login for: test@example.com
YXj15:17:21.084 [Test worker] ERROR fontys.s3.uplifted.controller.AuthController -- Token generation failed
YX)java.lang.RuntimeException: JWT failure
YXO	at fontys.s3.uplifted.config.security.JwtUtil.generateToken(JwtUtil.java:19)
YXP	at fontys.s3.uplifted.controller.AuthController.login(AuthController.java:59)
YXs	at fontys.s3.uplifted.controller.AuthControllerTest.shouldLoginTokenFailsInternally(AuthControllerTest.java:137)
YXT	at java.base/jdk.internal.reflect.NativeMethodAccessorImpl.invoke0(Native Method)
YXf	at java.base/jdk.internal.reflect.NativeMethodAccessorImpl.invoke(NativeMethodAccessorImpl.java:77)
YXn	at java.base/jdk.internal.reflect.DelegatingMethodAccessorImpl.invoke(DelegatingMethodAccessorImpl.java:43)
YX@	at java.base/java.lang.reflect.Method.invoke(Method.java:569)
YX\	at org.junit.platform.commons.util.ReflectionUtils.invokeMethod(ReflectionUtils.java:728)
YX[	at org.junit.jupiter.engine.execution.MethodInvocation.proceed(MethodInvocation.java:60)
YX…	at org.junit.jupiter.engine.execution.InvocationInterceptorChain$ValidatingInvocation.proceed(InvocationInterceptorChain.java:131)
YX^	at org.junit.jupiter.engine.extension.TimeoutExtension.intercept(TimeoutExtension.java:156)
YXl	at org.junit.jupiter.engine.extension.TimeoutExtension.interceptTestableMethod(TimeoutExtension.java:147)
YXg	at org.junit.jupiter.engine.extension.TimeoutExtension.interceptTestMethod(TimeoutExtension.java:86)
YXž	at org.junit.jupiter.engine.execution.InterceptingExecutableInvoker$ReflectiveInterceptorCall.lambda$ofVoidMethod$0(InterceptingExecutableInvoker.java:103)
YX}	at org.junit.jupiter.engine.execution.InterceptingExecutableInvoker.lambda$invoke$0(InterceptingExecutableInvoker.java:93)
YX†	at org.junit.jupiter.engine.execution.InvocationInterceptorChain$InterceptedInvocation.proceed(InvocationInterceptorChain.java:106)
YXo	at org.junit.jupiter.engine.execution.InvocationInterceptorChain.proceed(InvocationInterceptorChain.java:64)
YXv	at org.junit.jupiter.engine.execution.InvocationInterceptorChain.chainAndInvoke(InvocationInterceptorChain.java:45)
YXn	at org.junit.jupiter.engine.execution.InvocationInterceptorChain.invoke(InvocationInterceptorChain.java:37)
YXt	at org.junit.jupiter.engine.execution.InterceptingExecutableInvoker.invoke(InterceptingExecutableInvoker.java:92)
YXt	at org.junit.jupiter.engine.execution.InterceptingExecutableInvoker.invoke(InterceptingExecutableInvoker.java:86)
YX	at org.junit.jupiter.engine.descriptor.TestMethodTestDescriptor.lambda$invokeTestMethod$7(TestMethodTestDescriptor.java:218)
YXk	at org.junit.platform.engine.support.hierarchical.ThrowableCollector.execute(ThrowableCollector.java:73)
YXv	at org.junit.jupiter.engine.descriptor.TestMethodTestDescriptor.invokeTestMethod(TestMethodTestDescriptor.java:214)
YXm	at org.junit.jupiter.engine.descriptor.TestMethodTestDescriptor.execute(TestMethodTestDescriptor.java:139)
YXl	at org.junit.jupiter.engine.descriptor.TestMethodTestDescriptor.execute(TestMethodTestDescriptor.java:69)
YXt	at org.junit.platform.engine.support.hierarchical.NodeTestTask.lambda$executeRecursively$6(NodeTestTask.java:151)
YXk	at org.junit.platform.engine.support.hierarchical.ThrowableCollector.execute(ThrowableCollector.java:73)
YXt	at org.junit.platform.engine.support.hierarchical.NodeTestTask.lambda$executeRecursively$8(NodeTestTask.java:141)
YXO	at org.junit.platform.engine.support.hierarchical.Node.around(Node.java:137)
YXt	at org.junit.platform.engine.support.hierarchical.NodeTestTask.lambda$executeRecursively$9(NodeTestTask.java:139)
YXk	at org.junit.platform.engine.support.hierarchical.ThrowableCollector.execute(ThrowableCollector.java:73)
YXk	at org.junit.platform.engine.support.hierarchical.NodeTestTask.executeRecursively(NodeTestTask.java:138)
YX_	at org.junit.platform.engine.support.hierarchical.NodeTestTask.execute(NodeTestTask.java:95)
YX@	at java.base/java.util.ArrayList.forEach(ArrayList.java:1511)
YX›	at org.junit.platform.engine.support.hierarchical.SameThreadHierarchicalTestExecutorService.invokeAll(SameThreadHierarchicalTestExecutorService.java:41)
YXt	at org.junit.platform.engine.support.hierarchical.NodeTestTask.lambda$executeRecursively$6(NodeTestTask.java:155)
YXk	at org.junit.platform.engine.support.hierarchical.ThrowableCollector.execute(ThrowableCollector.java:73)
YXt	at org.junit.platform.engine.support.hierarchical.NodeTestTask.lambda$executeRecursively$8(NodeTestTask.java:141)
YXO	at org.junit.platform.engine.support.hierarchical.Node.around(Node.java:137)
YXt	at org.junit.platform.engine.support.hierarchical.NodeTestTask.lambda$executeRecursively$9(NodeTestTask.java:139)
YXk	at org.junit.platform.engine.support.hierarchical.ThrowableCollector.execute(ThrowableCollector.java:73)
YXk	at org.junit.platform.engine.support.hierarchical.NodeTestTask.executeRecursively(NodeTestTask.java:138)
YX_	at org.junit.platform.engine.support.hierarchical.NodeTestTask.execute(NodeTestTask.java:95)
YX@	at java.base/java.util.ArrayList.forEach(ArrayList.java:1511)
YX›	at org.junit.platform.engine.support.hierarchical.SameThreadHierarchicalTestExecutorService.invokeAll(SameThreadHierarchicalTestExecutorService.java:41)
YXt	at org.junit.platform.engine.support.hierarchical.NodeTestTask.lambda$executeRecursively$6(NodeTestTask.java:155)
YXk	at org.junit.platform.engine.support.hierarchical.ThrowableCollector.execute(ThrowableCollector.java:73)
YXt	at org.junit.platform.engine.support.hierarchical.NodeTestTask.lambda$executeRecursively$8(NodeTestTask.java:141)
YXO	at org.junit.platform.engine.support.hierarchical.Node.around(Node.java:137)
YXt	at org.junit.platform.engine.support.hierarchical.NodeTestTask.lambda$executeRecursively$9(NodeTestTask.java:139)
YXk	at org.junit.platform.engine.support.hierarchical.ThrowableCollector.execute(ThrowableCollector.java:73)
YXk	at org.junit.platform.engine.support.hierarchical.NodeTestTask.executeRecursively(NodeTestTask.java:138)
YX_	at org.junit.platform.engine.support.hierarchical.NodeTestTask.execute(NodeTestTask.java:95)
YX˜	at org.junit.platform.engine.support.hierarchical.SameThreadHierarchicalTestExecutorService.submit(SameThreadHierarchicalTestExecutorService.java:35)
YXw	at org.junit.platform.engine.support.hierarchical.HierarchicalTestExecutor.execute(HierarchicalTestExecutor.java:57)
YXs	at org.junit.platform.engine.support.hierarchical.HierarchicalTestEngine.execute(HierarchicalTestEngine.java:54)
YXp	at org.junit.platform.launcher.core.EngineExecutionOrchestrator.execute(EngineExecutionOrchestrator.java:107)
YXo	at org.junit.platform.launcher.core.EngineExecutionOrchestrator.execute(EngineExecutionOrchestrator.java:88)
YXx	at org.junit.platform.launcher.core.EngineExecutionOrchestrator.lambda$execute$0(EngineExecutionOrchestrator.java:54)
YX~	at org.junit.platform.launcher.core.EngineExecutionOrchestrator.withInterceptedStreams(EngineExecutionOrchestrator.java:67)
YXo	at org.junit.platform.launcher.core.EngineExecutionOrchestrator.execute(EngineExecutionOrchestrator.java:52)
YXX	at org.junit.platform.launcher.core.DefaultLauncher.execute(DefaultLauncher.java:114)
YXW	at org.junit.platform.launcher.core.DefaultLauncher.execute(DefaultLauncher.java:86)
YXx	at org.junit.platform.launcher.core.DefaultLauncherSession$DelegatingLauncher.execute(DefaultLauncherSession.java:86)
YX·	at org.gradle.api.internal.tasks.testing.junitplatform.JUnitPlatformTestClassProcessor$CollectAllTestClassesExecutor.processAllTestClasses(JUnitPlatformTestClassProcessor.java:119)
YX«	at org.gradle.api.internal.tasks.testing.junitplatform.JUnitPlatformTestClassProcessor$CollectAllTestClassesExecutor.access$000(JUnitPlatformTestClassProcessor.java:94)
YX‡	at org.gradle.api.internal.tasks.testing.junitplatform.JUnitPlatformTestClassProcessor.stop(JUnitPlatformTestClassProcessor.java:89)
YXi	at org.gradle.api.internal.tasks.testing.SuiteTestClassProcessor.stop(SuiteTestClassProcessor.java:62)
YXT	at java.base/jdk.internal.reflect.NativeMethodAccessorImpl.invoke0(Native Method)
YXf	at java.base/jdk.internal.reflect.NativeMethodAccessorImpl.invoke(NativeMethodAccessorImpl.java:77)
YXn	at java.base/jdk.internal.reflect.DelegatingMethodAccessorImpl.invoke(DelegatingMethodAccessorImpl.java:43)
YX@	at java.base/java.lang.reflect.Method.invoke(Method.java:569)
YXZ	at org.gradle.internal.dispatch.ReflectionDispatch.dispatch(ReflectionDispatch.java:36)
YXZ	at org.gradle.internal.dispatch.ReflectionDispatch.dispatch(ReflectionDispatch.java:24)
YXj	at org.gradle.internal.dispatch.ContextClassLoaderDispatch.dispatch(ContextClassLoaderDispatch.java:33)
YXy	at org.gradle.internal.dispatch.ProxyDispatchAdapter$DispatchingInvocationHandler.invoke(ProxyDispatchAdapter.java:94)
YX8	at jdk.proxy2/jdk.proxy2.$Proxy5.stop(Unknown Source)
YXX	at org.gradle.api.internal.tasks.testing.worker.TestWorker$3.run(TestWorker.java:193)
YXo	at org.gradle.api.internal.tasks.testing.worker.TestWorker.executeAndMaintainThreadName(TestWorker.java:129)
YXZ	at org.gradle.api.internal.tasks.testing.worker.TestWorker.execute(TestWorker.java:100)
YXY	at org.gradle.api.internal.tasks.testing.worker.TestWorker.execute(TestWorker.java:60)
YXk	at org.gradle.process.internal.worker.child.ActionExecutionWorker.execute(ActionExecutionWorker.java:56)
YXƒ	at org.gradle.process.internal.worker.child.SystemApplicationClassLoaderWorker.call(SystemApplicationClassLoaderWorker.java:113)
YX‚	at org.gradle.process.internal.worker.child.SystemApplicationClassLoaderWorker.call(SystemApplicationClassLoaderWorker.java:65)
YX^	at worker.org.gradle.process.internal.worker.GradleWorkerMain.run(GradleWorkerMain.java:69)
YX_	at worker.org.gradle.process.internal.worker.GradleWorkerMain.main(GradleWorkerMain.java:74)
YZx15:17:21.246 [Test worker] INFO fontys.s3.uplifted.controller.AuthController -- Attempting login for: test@example.com
Y[x15:17:21.264 [Test worker] INFO fontys.s3.uplifted.controller.AuthController -- Attempting login for: test@example.com
Y\|15:17:21.271 [Test worker] INFO fontys.s3.uplifted.controller.AuthController -- Attempting login for: notfound@example.com
Y\v15:17:21.271 [Test worker] WARN fontys.s3.uplifted.controller.AuthController -- User not found: notfound@example.com
Y^x15:17:21.286 [Test worker] INFO fontys.s3.uplifted.controller.AuthController -- Attempting login for: test@example.com
Y_v15:17:21.294 [Test worker] WARN fontys.s3.uplifted.controller.AuthController -- Registration failed: duplicate email
` Ý15:17:21.899 [Test worker] INFO org.springframework.test.context.support.AnnotationConfigContextLoaderUtils -- Could not detect default configuration classes for test class [fontys.s3.uplifted.persistence.CourseRepositoryTest]: CourseRepositoryTest does not declare any static, non-private, non-final, nested classes annotated with @Configuration.
` õ15:17:22.565 [Test worker] INFO org.springframework.boot.test.context.SpringBootTestContextBootstrapper -- Found @SpringBootConfiguration fontys.s3.uplifted.UpliftEdApplication for test class fontys.s3.uplifted.persistence.CourseRepositoryTest
` 
` )  .   ____          _            __ _ _
` * /\\ / ___'_ __ _ _(_)_ __  __ _ \ \ \ \
` +( ( )\___ | '_ | '_| | '_ \/ _` | \ \ \ \
` , \\/  ___)| |_)| | | | | || (_| |  ) ) ) )
` +  '  |____| .__|_| |_|_| |_\__, | / / / /
` * =========|_|==============|___/=/_/_/_/
` , :: Spring Boot ::                (v3.2.5)
` 
` é2025-06-20T15:17:24.776+02:00  INFO 31256 --- [    Test worker] f.s.u.persistence.CourseRepositoryTest   : Starting CourseRepositoryTest using Java 17.0.14 with PID 31256 (started by gugus in C:\Projects\uplifted-learning-platform)
` °2025-06-20T15:17:24.782+02:00  INFO 31256 --- [    Test worker] f.s.u.persistence.CourseRepositoryTest   : No active profile set, falling back to 1 default profile: "default"
` ¨2025-06-20T15:17:26.468+02:00  INFO 31256 --- [    Test worker] .s.d.r.c.RepositoryConfigurationDelegate : Bootstrapping Spring Data JPA repositories in DEFAULT mode.
` Ä2025-06-20T15:17:26.889+02:00  INFO 31256 --- [    Test worker] .s.d.r.c.RepositoryConfigurationDelegate : Finished Spring Data repository scanning in 365 ms. Found 12 JPA repository interfaces.
` ©2025-06-20T15:17:27.127+02:00  INFO 31256 --- [    Test worker] beddedDataSourceBeanFactoryPostProcessor : Replacing 'dataSource' DataSource bean with embedded version
` ÷2025-06-20T15:17:27.896+02:00  INFO 31256 --- [    Test worker] o.s.j.d.e.EmbeddedDatabaseFactory        : Starting embedded database: url='jdbc:h2:mem:84287ded-6eef-410f-841d-e20412cc3d55;DB_CLOSE_DELAY=-1;DB_CLOSE_ON_EXIT=false', username='sa'
` ¦2025-06-20T15:17:29.281+02:00  INFO 31256 --- [    Test worker] o.hibernate.jpa.internal.util.LogHelper  : HHH000204: Processing PersistenceUnitInfo [name: default]
` ž2025-06-20T15:17:29.582+02:00  INFO 31256 --- [    Test worker] org.hibernate.Version                    : HHH000412: Hibernate ORM core version 6.4.4.Final
` “2025-06-20T15:17:29.747+02:00  INFO 31256 --- [    Test worker] o.h.c.internal.RegionFactoryInitiator    : HHH000026: Second-level cache disabled
` ¤2025-06-20T15:17:30.301+02:00  INFO 31256 --- [    Test worker] o.s.o.j.p.SpringPersistenceUnitInfo      : No LoadTimeWeaver setup: ignoring JPA class transformer
` ‡2025-06-20T15:17:30.504+02:00  WARN 31256 --- [    Test worker] org.hibernate.orm.deprecation            : HHH90000025: H2Dialect does not need to be specified explicitly using 'hibernate.dialect' (remove the property setting and it will be selected by default)
` ß2025-06-20T15:17:34.339+02:00  INFO 31256 --- [    Test worker] o.h.e.t.j.p.i.JtaPlatformInitiator       : HHH000489: No JTA platform available (set 'hibernate.transaction.jta.platform' to enable JTA platform integration)
` 1Hibernate: drop table if exists answer cascade 
` 1Hibernate: drop table if exists course cascade 
` =Hibernate: drop table if exists course_enrollments cascade 
` 6Hibernate: drop table if exists course_part cascade 
` >Hibernate: drop table if exists course_part_content cascade 
` /Hibernate: drop table if exists file cascade 
` 3Hibernate: drop table if exists progress cascade 
` 3Hibernate: drop table if exists question cascade 
` /Hibernate: drop table if exists quiz cascade 
` 6Hibernate: drop table if exists quiz_result cascade 
` 1Hibernate: drop table if exists review cascade 
` 9Hibernate: drop table if exists student_answer cascade 
` 1Hibernate: drop table if exists "user" cascade 
` 8Hibernate: drop table if exists user_interest cascade 
` ÃHibernate: create table answer (correct boolean not null, id bigint generated by default as identity, question_id bigint not null, explanation varchar(255), text varchar(255), primary key (id))
` ÌHibernate: create table course (enrollment_limit integer not null, number_of_reviews integer not null, published boolean not null, rating float(53) not null, id bigint generated by default as identity, instructor_id bigint not null, category varchar(255) not null check (category in ('TECHNOLOGY','BUSINESS','DESIGN','PROGRAMMING','DATA_SCIENCE','HEALTH','MUSIC','ART','EDUCATION','LANGUAGE','SCIENCE','MATH','HISTORY','FINANCE','TRAVEL','SPORTS','PSYCHOLOGY','MARKETING','GAMING','OTHER')), description TEXT not null, title varchar(255) not null, image_data LONGBLOB, primary key (id))
` ƒHibernate: create table course_enrollments (course_id bigint not null, user_id bigint not null, primary key (course_id, user_id))
` ÃHibernate: create table course_part (sequence integer, week_number integer, course_id bigint not null, id bigint generated by default as identity, title varchar(255) not null, primary key (id))
` Hibernate: create table course_part_content (content_id bigint, id bigint generated by default as identity, part_id bigint not null, content_type varchar(255) not null check (content_type in ('FILE','QUIZ','VIDEO','LINK')), title varchar(255) not null, primary key (id))
` ØHibernate: create table file (upload_date date, course_id bigint not null, id bigint generated by default as identity, uploader_id bigint not null, name varchar(255), type varchar(255), data blob, primary key (id))
` ½Hibernate: create table progress (progress_percentage float(53) not null, course_id bigint not null, id bigint generated by default as identity, user_id bigint not null, primary key (id))
` ¬Hibernate: create table question (marks integer, requires_review boolean not null, id bigint generated by default as identity, quiz_id bigint not null, correct_answer varchar(255), text varchar(255), type varchar(255) check (type in ('MULTIPLE_CHOICE','TRUE_FALSE','OPEN_ENDED')), primary key (id))
` ‰Hibernate: create table quiz (passing_marks integer not null, total_marks integer not null, course_id bigint, creator_id bigint not null, id bigint generated by default as identity, description varchar(255) not null, title varchar(255) not null, primary key (id))
` ÐHibernate: create table quiz_result (passed boolean not null, score integer not null, id bigint generated by default as identity, quiz_id bigint, submitted_at timestamp(6), user_id bigint, primary key (id))
` ÑHibernate: create table review (rating float(53) not null, course_id bigint not null, id bigint generated by default as identity, user_id bigint not null, review_text varchar(255) not null, primary key (id))
` Hibernate: create table student_answer (awarded_marks integer, reviewed boolean not null, id bigint generated by default as identity, question_id bigint not null, quiz_id bigint not null, user_id bigint not null, mentor_feedback varchar(255), submitted_answer TEXT, primary key (id))
`  Hibernate: create table "user" (date_of_birth date, is_active boolean not null, joined_date date, id bigint generated by default as identity, bio TEXT, email varchar(255) not null unique, first_name varchar(255), last_name varchar(255), password varchar(255) not null, role varchar(255) check (role in ('ADMIN','STUDENT','TEACHER')), username varchar(255) not null unique, profile_image LONGBLOB, primary key (id))
` ‚Hibernate: create table user_interest (id bigint generated by default as identity, user_id bigint not null, category varchar(255) not null check (category in ('TECHNOLOGY','BUSINESS','DESIGN','PROGRAMMING','DATA_SCIENCE','HEALTH','MUSIC','ART','EDUCATION','LANGUAGE','SCIENCE','MATH','HISTORY','FINANCE','TRAVEL','SPORTS','PSYCHOLOGY','MARKETING','GAMING','OTHER')), primary key (id))
` ‚Hibernate: alter table if exists answer add constraint FK8frr4bcabmmeyyu60qt7iiblo foreign key (question_id) references question
` ‚Hibernate: alter table if exists course add constraint FKgf932mhq82ns36fmq0wesiheb foreign key (instructor_id) references "user"
` ŠHibernate: alter table if exists course_enrollments add constraint FKrk0d1a7wqlqao0ypno720c0sb foreign key (course_id) references course
` ˆHibernate: alter table if exists course_enrollments add constraint FK9ya21atlsjnalls1dejd9pt0y foreign key (user_id) references "user"
` ƒHibernate: alter table if exists course_part add constraint FKqvdkr7786uyjmnu1qiho5umsu foreign key (course_id) references course
` ŽHibernate: alter table if exists course_part_content add constraint FKpbno30bpetkj0r1xb9rmkm4j8 foreign key (part_id) references course_part
` |Hibernate: alter table if exists file add constraint FKpvl0xogfua0e0quju1hy346xy foreign key (course_id) references course
` ~Hibernate: alter table if exists file add constraint FKjfwraubhpf51ft5mytta92ujm foreign key (uploader_id) references "user"
` €Hibernate: alter table if exists progress add constraint FKsyhehp7u3ky9phqokro91ih4v foreign key (course_id) references course
` ~Hibernate: alter table if exists progress add constraint FKfyqupnlfosaj1kyy67accfdyn foreign key (user_id) references "user"
` |Hibernate: alter table if exists question add constraint FKb0yh0c1qaxfwlcnwo9dms2txf foreign key (quiz_id) references quiz
` |Hibernate: alter table if exists quiz add constraint FKce16mrsgeokucc022mpyev7xk foreign key (course_id) references course
` }Hibernate: alter table if exists quiz add constraint FKgud1x8wtgdwb3y830s1k6dajl foreign key (creator_id) references "user"
` Hibernate: alter table if exists quiz_result add constraint FKd49de4d3rwgtndq0n51w1isbx foreign key (quiz_id) references quiz
` Hibernate: alter table if exists quiz_result add constraint FKbs172b6od5rt9olde0sp4cfqs foreign key (user_id) references "user"
` }Hibernate: alter table if exists review add constraint FKprox8elgnr8u5wrq1983degk foreign key (course_id) references course
` |Hibernate: alter table if exists review add constraint FKj8m0asijw8lfl4jxhcps8tf4y foreign key (user_id) references "user"
` ƒHibernate: alter table if exists user_interest add constraint FKjavxua3565xa4gtonnf9nai51 foreign key (user_id) references "user"
` °2025-06-20T15:17:34.660+02:00  INFO 31256 --- [    Test worker] j.LocalContainerEntityManagerFactoryBean : Initialized JPA EntityManagerFactory for persistence unit 'default'
` ¯2025-06-20T15:17:36.107+02:00  INFO 31256 --- [    Test worker] o.s.d.j.r.query.QueryEnhancerFactory     : Hibernate is in classpath; If applicable, HQL parser will be used.
` ¸2025-06-20T15:17:37.916+02:00  INFO 31256 --- [    Test worker] f.s.u.persistence.CourseRepositoryTest   : Started CourseRepositoryTest in 14.996 seconds (process running for 28.396)
`a³Hibernate: insert into "user" (bio,date_of_birth,email,first_name,is_active,joined_date,last_name,password,profile_image,role,username,id) values (?,?,?,?,?,?,?,?,?,?,?,default)
`aéHibernate: select ue1_0.id,ue1_0.bio,ue1_0.date_of_birth,ue1_0.email,ue1_0.first_name,ue1_0.is_active,ue1_0.joined_date,ue1_0.last_name,ue1_0.password,ue1_0.profile_image,ue1_0.role,ue1_0.username from "user" ue1_0 where ue1_0.id=?
`a¯Hibernate: insert into course (category,description,enrollment_limit,image_data,instructor_id,number_of_reviews,published,rating,title,id) values (?,?,?,?,?,?,?,?,?,default)
`a‘Hibernate: select ce1_0.id,ce1_0.category,ce1_0.description,ce1_0.enrollment_limit,ce1_0.image_data,ce1_0.instructor_id,ce1_0.number_of_reviews,ce1_0.published,ce1_0.rating,ce1_0.title from course ce1_0 left join "user" i1_0 on i1_0.id=ce1_0.instructor_id where i1_0.id=?
b Õ2025-06-20T15:17:38.820+02:00  INFO 31256 --- [    Test worker] t.c.s.AnnotationConfigContextLoaderUtils : Could not detect default configuration classes for test class [fontys.s3.uplifted.persistence.QuizRepositoryTest]: QuizRepositoryTest does not declare any static, non-private, non-final, nested classes annotated with @Configuration.
b ó2025-06-20T15:17:38.855+02:00  INFO 31256 --- [    Test worker] .b.t.c.SpringBootTestContextBootstrapper : Found @SpringBootConfiguration fontys.s3.uplifted.UpliftEdApplication for test class fontys.s3.uplifted.persistence.QuizRepositoryTest
bc³Hibernate: insert into "user" (bio,date_of_birth,email,first_name,is_active,joined_date,last_name,password,profile_image,role,username,id) values (?,?,?,?,?,?,?,?,?,?,?,default)
bc¯Hibernate: insert into course (category,description,enrollment_limit,image_data,instructor_id,number_of_reviews,published,rating,title,id) values (?,?,?,?,?,?,?,?,?,default)
bc€Hibernate: insert into quiz (course_id,creator_id,description,passing_marks,title,total_marks,id) values (?,?,?,?,?,?,default)
bcÒHibernate: select qe1_0.id,qe1_0.course_id,qe1_0.creator_id,qe1_0.description,qe1_0.passing_marks,qe1_0.title,qe1_0.total_marks from quiz qe1_0 left join course c1_0 on c1_0.id=qe1_0.course_id where c1_0.id=?
d Õ2025-06-20T15:17:38.928+02:00  INFO 31256 --- [    Test worker] t.c.s.AnnotationConfigContextLoaderUtils : Could not detect default configuration classes for test class [fontys.s3.uplifted.persistence.UserRepositoryTest]: UserRepositoryTest does not declare any static, non-private, non-final, nested classes annotated with @Configuration.
d ó2025-06-20T15:17:38.962+02:00  INFO 31256 --- [    Test worker] .b.t.c.SpringBootTestContextBootstrapper : Found @SpringBootConfiguration fontys.s3.uplifted.UpliftEdApplication for test class fontys.s3.uplifted.persistence.UserRepositoryTest
de³Hibernate: insert into "user" (bio,date_of_birth,email,first_name,is_active,joined_date,last_name,password,profile_image,role,username,id) values (?,?,?,?,?,?,?,?,?,?,?,default)
deïHibernate: select ue1_0.id,ue1_0.bio,ue1_0.date_of_birth,ue1_0.email,ue1_0.first_name,ue1_0.is_active,ue1_0.joined_date,ue1_0.last_name,ue1_0.password,ue1_0.profile_image,ue1_0.role,ue1_0.username from "user" ue1_0 where ue1_0.username=?
df³Hibernate: insert into "user" (bio,date_of_birth,email,first_name,is_active,joined_date,last_name,password,profile_image,role,username,id) values (?,?,?,?,?,?,?,?,?,?,?,default)
dfìHibernate: select ue1_0.id,ue1_0.bio,ue1_0.date_of_birth,ue1_0.email,ue1_0.first_name,ue1_0.is_active,ue1_0.joined_date,ue1_0.last_name,ue1_0.password,ue1_0.profile_image,ue1_0.role,ue1_0.username from "user" ue1_0 where ue1_0.email=?
