<?xml version="1.0" encoding="UTF-8"?>
<testsuite name="fontys.s3.uplifted.business.StudentAnswerServiceImplTest" tests="5" skipped="0" failures="0" errors="0" timestamp="2025-06-20T13:17:20" hostname="LAPTOP-RHFQ3ARB" time="0.141">
  <properties/>
  <testcase name="getPendingReviews()" classname="fontys.s3.uplifted.business.StudentAnswerServiceImplTest" time="0.106"/>
  <testcase name="getAnswersByUser()" classname="fontys.s3.uplifted.business.StudentAnswerServiceImplTest" time="0.004"/>
  <testcase name="reviewAnswerNotFound()" classname="fontys.s3.uplifted.business.StudentAnswerServiceImplTest" time="0.005"/>
  <testcase name="submitAnswer()" classname="fontys.s3.uplifted.business.StudentAnswerServiceImplTest" time="0.018"/>
  <testcase name="reviewAnswerSuccess()" classname="fontys.s3.uplifted.business.StudentAnswerServiceImplTest" time="0.002"/>
  <system-out><![CDATA[]]></system-out>
  <system-err><![CDATA[]]></system-err>
</testsuite>
