<?xml version="1.0" encoding="UTF-8"?>
<testsuite name="fontys.s3.uplifted.persistence.QuizRepositoryTest" tests="1" skipped="0" failures="0" errors="0" timestamp="2025-06-20T13:17:38" hostname="LAPTOP-RHFQ3ARB" time="0.061">
  <properties/>
  <testcase name="Save and find quiz by course ID" classname="fontys.s3.uplifted.persistence.QuizRepositoryTest" time="0.061"/>
  <system-out><![CDATA[2025-06-20T15:17:38.820+02:00  INFO 31256 --- [    Test worker] t.c.s.AnnotationConfigContextLoaderUtils : Could not detect default configuration classes for test class [fontys.s3.uplifted.persistence.QuizRepositoryTest]: QuizRepositoryTest does not declare any static, non-private, non-final, nested classes annotated with @Configuration.
2025-06-20T15:17:38.855+02:00  INFO 31256 --- [    Test worker] .b.t.c.SpringBootTestContextBootstrapper : Found @SpringBootConfiguration fontys.s3.uplifted.UpliftEdApplication for test class fontys.s3.uplifted.persistence.QuizRepositoryTest
Hibernate: insert into "user" (bio,date_of_birth,email,first_name,is_active,joined_date,last_name,password,profile_image,role,username,id) values (?,?,?,?,?,?,?,?,?,?,?,default)
Hibernate: insert into course (category,description,enrollment_limit,image_data,instructor_id,number_of_reviews,published,rating,title,id) values (?,?,?,?,?,?,?,?,?,default)
Hibernate: insert into quiz (course_id,creator_id,description,passing_marks,title,total_marks,id) values (?,?,?,?,?,?,default)
Hibernate: select qe1_0.id,qe1_0.course_id,qe1_0.creator_id,qe1_0.description,qe1_0.passing_marks,qe1_0.title,qe1_0.total_marks from quiz qe1_0 left join course c1_0 on c1_0.id=qe1_0.course_id where c1_0.id=?
]]></system-out>
  <system-err><![CDATA[]]></system-err>
</testsuite>
