<?xml version="1.0" encoding="UTF-8"?>
<testsuite name="fontys.s3.uplifted.controller.FileControllerTest" tests="6" skipped="0" failures="0" errors="0" timestamp="2025-05-08T18:51:41" hostname="LAPTOP-RHFQ3ARB" time="0.129">
  <properties/>
  <testcase name="testUploadFileUnexpectedException()" classname="fontys.s3.uplifted.controller.FileControllerTest" time="0.046"/>
  <testcase name="testUploadFileSuccess()" classname="fontys.s3.uplifted.controller.FileControllerTest" time="0.007"/>
  <testcase name="testGetFileByIdNotFound()" classname="fontys.s3.uplifted.controller.FileControllerTest" time="0.019"/>
  <testcase name="testGetAllFilesSuccess()" classname="fontys.s3.uplifted.controller.FileControllerTest" time="0.03"/>
  <testcase name="testGetFileByIdFound()" classname="fontys.s3.uplifted.controller.FileControllerTest" time="0.009"/>
  <testcase name="testUploadFileIOException()" classname="fontys.s3.uplifted.controller.FileControllerTest" time="0.008"/>
  <system-out><![CDATA[2025-05-08T20:51:40.856+02:00  INFO 17808 --- [    Test worker] t.c.s.AnnotationConfigContextLoaderUtils : Could not detect default configuration classes for test class [fontys.s3.uplifted.controller.FileControllerTest]: FileControllerTest does not declare any static, non-private, non-final, nested classes annotated with @Configuration.
2025-05-08T20:51:40.873+02:00  INFO 17808 --- [    Test worker] .b.t.c.SpringBootTestContextBootstrapper : Found @SpringBootConfiguration fontys.s3.uplifted.UpliftEdApplication for test class fontys.s3.uplifted.controller.FileControllerTest

  .   ____          _            __ _ _
 /\\ / ___'_ __ _ _(_)_ __  __ _ \ \ \ \
( ( )\___ | '_ | '_| | '_ \/ _` | \ \ \ \
 \\/  ___)| |_)| | | | | || (_| |  ) ) ) )
  '  |____| .__|_| |_|_| |_\__, | / / / /
 =========|_|==============|___/=/_/_/_/
 :: Spring Boot ::                (v3.2.5)

2025-05-08T20:51:40.926+02:00  INFO 17808 --- [    Test worker] f.s.u.controller.FileControllerTest      : Starting FileControllerTest using Java 17.0.14 with PID 17808 (started by gugus in C:\Projects\uplifted-learning-platform)
2025-05-08T20:51:40.926+02:00  INFO 17808 --- [    Test worker] f.s.u.controller.FileControllerTest      : No active profile set, falling back to 1 default profile: "default"
2025-05-08T20:51:41.388+02:00  WARN 17808 --- [    Test worker] .s.s.UserDetailsServiceAutoConfiguration : 

Using generated security password: 9820d119-cb19-495f-afbf-5b0b8bb66eda

This generated password is for development use only. Your security configuration must be updated before running your application in production.

2025-05-08T20:51:41.472+02:00  INFO 17808 --- [    Test worker] o.s.s.web.DefaultSecurityFilterChain     : Will secure any request with [org.springframework.security.web.session.DisableEncodeUrlFilter@2e4752cc, org.springframework.security.web.context.request.async.WebAsyncManagerIntegrationFilter@7fa9b7f4, org.springframework.security.web.context.SecurityContextHolderFilter@7882a4d8, org.springframework.security.web.header.HeaderWriterFilter@45e38356, org.springframework.web.filter.CorsFilter@5ef1fe1b, org.springframework.security.web.authentication.logout.LogoutFilter@2c890ee3, org.springframework.security.web.savedrequest.RequestCacheAwareFilter@24ed4582, org.springframework.security.web.servletapi.SecurityContextHolderAwareRequestFilter@18601f1e, org.springframework.security.web.authentication.AnonymousAuthenticationFilter@52baae51, org.springframework.security.web.access.ExceptionTranslationFilter@484e9fee, org.springframework.security.web.access.intercept.AuthorizationFilter@36a74c18]
2025-05-08T20:51:41.546+02:00  INFO 17808 --- [    Test worker] o.s.b.t.m.w.SpringBootMockServletContext : Initializing Spring TestDispatcherServlet ''
2025-05-08T20:51:41.546+02:00  INFO 17808 --- [    Test worker] o.s.t.web.servlet.TestDispatcherServlet  : Initializing Servlet ''
2025-05-08T20:51:41.547+02:00  INFO 17808 --- [    Test worker] o.s.t.web.servlet.TestDispatcherServlet  : Completed initialization in 1 ms
2025-05-08T20:51:41.558+02:00  INFO 17808 --- [    Test worker] f.s.u.controller.FileControllerTest      : Started FileControllerTest in 0.677 seconds (process running for 13.923)
]]></system-out>
  <system-err><![CDATA[]]></system-err>
</testsuite>
