<?xml version="1.0" encoding="UTF-8"?>
<testsuite name="fontys.s3.uplifted.controller.MentorReviewControllerTest" tests="3" skipped="0" failures="0" errors="0" timestamp="2025-05-08T18:51:42" hostname="LAPTOP-RHFQ3ARB" time="0.058">
  <properties/>
  <testcase name="testReviewAnswerSuccess()" classname="fontys.s3.uplifted.controller.MentorReviewControllerTest" time="0.021"/>
  <testcase name="testReviewAnswerThrowsException()" classname="fontys.s3.uplifted.controller.MentorReviewControllerTest" time="0.016"/>
  <testcase name="testGetPendingReviewsSuccess()" classname="fontys.s3.uplifted.controller.MentorReviewControllerTest" time="0.017"/>
  <system-out><![CDATA[2025-05-08T20:51:41.699+02:00  INFO 17808 --- [    Test worker] t.c.s.AnnotationConfigContextLoaderUtils : Could not detect default configuration classes for test class [fontys.s3.uplifted.controller.MentorReviewControllerTest]: MentorReviewControllerTest does not declare any static, non-private, non-final, nested classes annotated with @Configuration.
2025-05-08T20:51:41.712+02:00  INFO 17808 --- [    Test worker] .b.t.c.SpringBootTestContextBootstrapper : Found @SpringBootConfiguration fontys.s3.uplifted.UpliftEdApplication for test class fontys.s3.uplifted.controller.MentorReviewControllerTest

  .   ____          _            __ _ _
 /\\ / ___'_ __ _ _(_)_ __  __ _ \ \ \ \
( ( )\___ | '_ | '_| | '_ \/ _` | \ \ \ \
 \\/  ___)| |_)| | | | | || (_| |  ) ) ) )
  '  |____| .__|_| |_|_| |_\__, | / / / /
 =========|_|==============|___/=/_/_/_/
 :: Spring Boot ::                (v3.2.5)

2025-05-08T20:51:41.761+02:00  INFO 17808 --- [    Test worker] f.s.u.c.MentorReviewControllerTest       : Starting MentorReviewControllerTest using Java 17.0.14 with PID 17808 (started by gugus in C:\Projects\uplifted-learning-platform)
2025-05-08T20:51:41.762+02:00  INFO 17808 --- [    Test worker] f.s.u.c.MentorReviewControllerTest       : No active profile set, falling back to 1 default profile: "default"
2025-05-08T20:51:42.197+02:00  WARN 17808 --- [    Test worker] .s.s.UserDetailsServiceAutoConfiguration : 

Using generated security password: c4685842-c43d-4230-9109-9e6cfa077d4c

This generated password is for development use only. Your security configuration must be updated before running your application in production.

2025-05-08T20:51:42.293+02:00  INFO 17808 --- [    Test worker] o.s.s.web.DefaultSecurityFilterChain     : Will secure any request with [org.springframework.security.web.session.DisableEncodeUrlFilter@f4352c6, org.springframework.security.web.context.request.async.WebAsyncManagerIntegrationFilter@2b60acb3, org.springframework.security.web.context.SecurityContextHolderFilter@2f930be7, org.springframework.security.web.header.HeaderWriterFilter@21f0508, org.springframework.web.filter.CorsFilter@a99f50e, org.springframework.security.web.authentication.logout.LogoutFilter@29296e7, org.springframework.security.web.savedrequest.RequestCacheAwareFilter@cfc9c4f, org.springframework.security.web.servletapi.SecurityContextHolderAwareRequestFilter@4f241437, org.springframework.security.web.authentication.AnonymousAuthenticationFilter@18211894, org.springframework.security.web.access.ExceptionTranslationFilter@22cc2ae5, org.springframework.security.web.access.intercept.AuthorizationFilter@435a2e1f]
2025-05-08T20:51:42.346+02:00  INFO 17808 --- [    Test worker] o.s.b.t.m.w.SpringBootMockServletContext : Initializing Spring TestDispatcherServlet ''
2025-05-08T20:51:42.347+02:00  INFO 17808 --- [    Test worker] o.s.t.web.servlet.TestDispatcherServlet  : Initializing Servlet ''
2025-05-08T20:51:42.348+02:00  INFO 17808 --- [    Test worker] o.s.t.web.servlet.TestDispatcherServlet  : Completed initialization in 1 ms
2025-05-08T20:51:42.359+02:00  INFO 17808 --- [    Test worker] f.s.u.c.MentorReviewControllerTest       : Started MentorReviewControllerTest in 0.641 seconds (process running for 14.725)
]]></system-out>
  <system-err><![CDATA[]]></system-err>
</testsuite>
