<?xml version="1.0" encoding="UTF-8"?>
<testsuite name="fontys.s3.uplifted.business.StatisticsServiceImplTest" tests="2" skipped="0" failures="0" errors="0" timestamp="2025-06-20T13:17:20" hostname="LAPTOP-RHFQ3ARB" time="0.068">
  <properties/>
  <testcase name="getCoursesPerCategory_returnsList()" classname="fontys.s3.uplifted.business.StatisticsServiceImplTest" time="0.065"/>
  <testcase name="getStudentsPerCourse_returnsList()" classname="fontys.s3.uplifted.business.StatisticsServiceImplTest" time="0.002"/>
  <system-out><![CDATA[]]></system-out>
  <system-err><![CDATA[]]></system-err>
</testsuite>
