<?xml version="1.0" encoding="UTF-8"?>
<testsuite name="fontys.s3.uplifted.controller.AuthControllerTest" tests="5" skipped="0" failures="0" errors="0" timestamp="2025-05-08T18:51:39" hostname="LAPTOP-RHFQ3ARB" time="0.79">
  <properties/>
  <testcase name="testRegisterFailure()" classname="fontys.s3.uplifted.controller.AuthControllerTest" time="0.576"/>
  <testcase name="testLoginSuccess()" classname="fontys.s3.uplifted.controller.AuthControllerTest" time="0.167"/>
  <testcase name="testLoginUserNotFound()" classname="fontys.s3.uplifted.controller.AuthControllerTest" time="0.012"/>
  <testcase name="testLoginInvalidPassword()" classname="fontys.s3.uplifted.controller.AuthControllerTest" time="0.01"/>
  <testcase name="testRegisterSuccess()" classname="fontys.s3.uplifted.controller.AuthControllerTest" time="0.015"/>
  <system-out><![CDATA[20:51:33.851 [Test worker] INFO org.springframework.test.context.support.AnnotationConfigContextLoaderUtils -- Could not detect default configuration classes for test class [fontys.s3.uplifted.controller.AuthControllerTest]: AuthControllerTest does not declare any static, non-private, non-final, nested classes annotated with @Configuration.
20:51:34.297 [Test worker] INFO org.springframework.boot.test.context.SpringBootTestContextBootstrapper -- Found @SpringBootConfiguration fontys.s3.uplifted.UpliftEdApplication for test class fontys.s3.uplifted.controller.AuthControllerTest

  .   ____          _            __ _ _
 /\\ / ___'_ __ _ _(_)_ __  __ _ \ \ \ \
( ( )\___ | '_ | '_| | '_ \/ _` | \ \ \ \
 \\/  ___)| |_)| | | | | || (_| |  ) ) ) )
  '  |____| .__|_| |_|_| |_\__, | / / / /
 =========|_|==============|___/=/_/_/_/
 :: Spring Boot ::                (v3.2.5)

2025-05-08T20:51:35.681+02:00  INFO 17808 --- [    Test worker] f.s.u.controller.AuthControllerTest      : Starting AuthControllerTest using Java 17.0.14 with PID 17808 (started by gugus in C:\Projects\uplifted-learning-platform)
2025-05-08T20:51:35.684+02:00  INFO 17808 --- [    Test worker] f.s.u.controller.AuthControllerTest      : No active profile set, falling back to 1 default profile: "default"
2025-05-08T20:51:38.059+02:00  WARN 17808 --- [    Test worker] .s.s.UserDetailsServiceAutoConfiguration : 

Using generated security password: 46629f31-3160-4537-8cfe-cbc03e9f68f4

This generated password is for development use only. Your security configuration must be updated before running your application in production.

2025-05-08T20:51:39.163+02:00  INFO 17808 --- [    Test worker] o.s.s.web.DefaultSecurityFilterChain     : Will secure any request with [org.springframework.security.web.session.DisableEncodeUrlFilter@6e0d7be4, org.springframework.security.web.context.request.async.WebAsyncManagerIntegrationFilter@9504a58, org.springframework.security.web.context.SecurityContextHolderFilter@5c452eb5, org.springframework.security.web.header.HeaderWriterFilter@37846cc2, org.springframework.web.filter.CorsFilter@c360f40, org.springframework.security.web.authentication.logout.LogoutFilter@268215b3, org.springframework.security.web.savedrequest.RequestCacheAwareFilter@1a2bcce1, org.springframework.security.web.servletapi.SecurityContextHolderAwareRequestFilter@d4594a8, org.springframework.security.web.authentication.AnonymousAuthenticationFilter@badf24b, org.springframework.security.web.access.ExceptionTranslationFilter@ad7cc49, org.springframework.security.web.access.intercept.AuthorizationFilter@9cdceeb]
2025-05-08T20:51:39.844+02:00  INFO 17808 --- [    Test worker] o.s.b.t.m.w.SpringBootMockServletContext : Initializing Spring TestDispatcherServlet ''
2025-05-08T20:51:39.845+02:00  INFO 17808 --- [    Test worker] o.s.t.web.servlet.TestDispatcherServlet  : Initializing Servlet ''
2025-05-08T20:51:39.848+02:00  INFO 17808 --- [    Test worker] o.s.t.web.servlet.TestDispatcherServlet  : Completed initialization in 2 ms
2025-05-08T20:51:39.932+02:00  INFO 17808 --- [    Test worker] f.s.u.controller.AuthControllerTest      : Started AuthControllerTest in 5.367 seconds (process running for 12.297)
]]></system-out>
  <system-err><![CDATA[]]></system-err>
</testsuite>
