<?xml version="1.0" encoding="UTF-8"?>
<testsuite name="fontys.s3.uplifted.business.ReviewServiceImplTest" tests="5" skipped="0" failures="0" errors="0" timestamp="2025-05-08T18:51:33" hostname="LAPTOP-RHFQ3ARB" time="0.226">
  <properties/>
  <testcase name="testDeleteReview_Success()" classname="fontys.s3.uplifted.business.ReviewServiceImplTest" time="0.183"/>
  <testcase name="testCreateReview()" classname="fontys.s3.uplifted.business.ReviewServiceImplTest" time="0.014"/>
  <testcase name="testGetAllReviews()" classname="fontys.s3.uplifted.business.ReviewServiceImplTest" time="0.007"/>
  <testcase name="testGetReviewById_Found()" classname="fontys.s3.uplifted.business.ReviewServiceImplTest" time="0.004"/>
  <testcase name="testUpdateReview_Success()" classname="fontys.s3.uplifted.business.ReviewServiceImplTest" time="0.01"/>
  <system-out><![CDATA[20:51:33.386 [Test worker] INFO fontys.s3.uplifted.business.impl.ReviewServiceImpl -- Review with ID 1 deleted successfully
20:51:33.398 [Test worker] INFO fontys.s3.uplifted.business.impl.ReviewServiceImpl -- Review created for course ID: 1, user ID: 1
]]></system-out>
  <system-err><![CDATA[]]></system-err>
</testsuite>
