<?xml version="1.0" encoding="UTF-8"?>
<testsuite name="fontys.s3.uplifted.controller.ReviewControllerTest" tests="8" skipped="0" failures="0" errors="0" timestamp="2025-05-08T18:51:44" hostname="LAPTOP-RHFQ3ARB" time="0.086">
  <properties/>
  <testcase name="testCreateReview()" classname="fontys.s3.uplifted.controller.ReviewControllerTest" time="0.016"/>
  <testcase name="testDeleteReview_NotFound()" classname="fontys.s3.uplifted.controller.ReviewControllerTest" time="0.01"/>
  <testcase name="testGetAllReviews()" classname="fontys.s3.uplifted.controller.ReviewControllerTest" time="0.008"/>
  <testcase name="testGetReviewById_NotFound()" classname="fontys.s3.uplifted.controller.ReviewControllerTest" time="0.007"/>
  <testcase name="testDeleteReview_Found()" classname="fontys.s3.uplifted.controller.ReviewControllerTest" time="0.005"/>
  <testcase name="testUpdateReview_NotFound()" classname="fontys.s3.uplifted.controller.ReviewControllerTest" time="0.009"/>
  <testcase name="testUpdateReview_Found()" classname="fontys.s3.uplifted.controller.ReviewControllerTest" time="0.007"/>
  <testcase name="testGetReviewById_Found()" classname="fontys.s3.uplifted.controller.ReviewControllerTest" time="0.014"/>
  <system-out><![CDATA[2025-05-08T20:51:43.766+02:00  INFO 17808 --- [    Test worker] t.c.s.AnnotationConfigContextLoaderUtils : Could not detect default configuration classes for test class [fontys.s3.uplifted.controller.ReviewControllerTest]: ReviewControllerTest does not declare any static, non-private, non-final, nested classes annotated with @Configuration.
2025-05-08T20:51:43.778+02:00  INFO 17808 --- [    Test worker] .b.t.c.SpringBootTestContextBootstrapper : Found @SpringBootConfiguration fontys.s3.uplifted.UpliftEdApplication for test class fontys.s3.uplifted.controller.ReviewControllerTest

  .   ____          _            __ _ _
 /\\ / ___'_ __ _ _(_)_ __  __ _ \ \ \ \
( ( )\___ | '_ | '_| | '_ \/ _` | \ \ \ \
 \\/  ___)| |_)| | | | | || (_| |  ) ) ) )
  '  |____| .__|_| |_|_| |_\__, | / / / /
 =========|_|==============|___/=/_/_/_/
 :: Spring Boot ::                (v3.2.5)

2025-05-08T20:51:43.822+02:00  INFO 17808 --- [    Test worker] f.s.u.controller.ReviewControllerTest    : Starting ReviewControllerTest using Java 17.0.14 with PID 17808 (started by gugus in C:\Projects\uplifted-learning-platform)
2025-05-08T20:51:43.822+02:00  INFO 17808 --- [    Test worker] f.s.u.controller.ReviewControllerTest    : No active profile set, falling back to 1 default profile: "default"
2025-05-08T20:51:44.164+02:00  WARN 17808 --- [    Test worker] .s.s.UserDetailsServiceAutoConfiguration : 

Using generated security password: 4caaec73-4a1a-41d8-86e7-a1fd4553b271

This generated password is for development use only. Your security configuration must be updated before running your application in production.

2025-05-08T20:51:44.222+02:00  INFO 17808 --- [    Test worker] o.s.s.web.DefaultSecurityFilterChain     : Will secure any request with [org.springframework.security.web.session.DisableEncodeUrlFilter@2ab3744a, org.springframework.security.web.context.request.async.WebAsyncManagerIntegrationFilter@6cc9bbea, org.springframework.security.web.context.SecurityContextHolderFilter@23f7ed9d, org.springframework.security.web.header.HeaderWriterFilter@280c955c, org.springframework.web.filter.CorsFilter@432005ce, org.springframework.security.web.authentication.logout.LogoutFilter@40ea0f55, org.springframework.security.web.savedrequest.RequestCacheAwareFilter@1e9d611a, org.springframework.security.web.servletapi.SecurityContextHolderAwareRequestFilter@10874b79, org.springframework.security.web.authentication.AnonymousAuthenticationFilter@2957c30c, org.springframework.security.web.access.ExceptionTranslationFilter@683cd50d, org.springframework.security.web.access.intercept.AuthorizationFilter@79c26be5]
2025-05-08T20:51:44.268+02:00  INFO 17808 --- [    Test worker] o.s.b.t.m.w.SpringBootMockServletContext : Initializing Spring TestDispatcherServlet ''
2025-05-08T20:51:44.269+02:00  INFO 17808 --- [    Test worker] o.s.t.web.servlet.TestDispatcherServlet  : Initializing Servlet ''
2025-05-08T20:51:44.270+02:00  INFO 17808 --- [    Test worker] o.s.t.web.servlet.TestDispatcherServlet  : Completed initialization in 1 ms
2025-05-08T20:51:44.276+02:00  INFO 17808 --- [    Test worker] f.s.u.controller.ReviewControllerTest    : Started ReviewControllerTest in 0.494 seconds (process running for 16.642)
2025-05-08T20:51:44.301+02:00  WARN 17808 --- [    Test worker] f.s.u.controller.ReviewController        : Review with ID 99 not found for deletion
2025-05-08T20:51:44.322+02:00  WARN 17808 --- [    Test worker] f.s.u.controller.ReviewController        : Review with ID 99 not found
2025-05-08T20:51:44.329+02:00  INFO 17808 --- [    Test worker] f.s.u.controller.ReviewController        : Review with ID 1 deleted successfully
2025-05-08T20:51:44.340+02:00  WARN 17808 --- [    Test worker] f.s.u.controller.ReviewController        : Review with ID 99 not found for update
]]></system-out>
  <system-err><![CDATA[]]></system-err>
</testsuite>
