<?xml version="1.0" encoding="UTF-8"?>
<testsuite name="fontys.s3.uplifted.business.ProgressServiceImplTest" tests="9" skipped="0" failures="0" errors="0" timestamp="2025-06-20T13:17:19" hostname="LAPTOP-RHFQ3ARB" time="0.293">
  <properties/>
  <testcase name="updateProgressSuccess()" classname="fontys.s3.uplifted.business.ProgressServiceImplTest" time="0.243"/>
  <testcase name="deleteProgressNotFound()" classname="fontys.s3.uplifted.business.ProgressServiceImplTest" time="0.007"/>
  <testcase name="getByIdFound()" classname="fontys.s3.uplifted.business.ProgressServiceImplTest" time="0.006"/>
  <testcase name="getByIdNotFound()" classname="fontys.s3.uplifted.business.ProgressServiceImplTest" time="0.004"/>
  <testcase name="getAllProgress()" classname="fontys.s3.uplifted.business.ProgressServiceImplTest" time="0.005"/>
  <testcase name="createProgressMissingCourse()" classname="fontys.s3.uplifted.business.ProgressServiceImplTest" time="0.006"/>
  <testcase name="createProgressSuccess()" classname="fontys.s3.uplifted.business.ProgressServiceImplTest" time="0.005"/>
  <testcase name="deleteProgress()" classname="fontys.s3.uplifted.business.ProgressServiceImplTest" time="0.003"/>
  <testcase name="updateProgressNotFoundId()" classname="fontys.s3.uplifted.business.ProgressServiceImplTest" time="0.004"/>
  <system-out><![CDATA[]]></system-out>
  <system-err><![CDATA[]]></system-err>
</testsuite>
