<?xml version="1.0" encoding="UTF-8"?>
<testsuite name="fontys.s3.uplifted.controller.CourseControllerTest" tests="8" skipped="0" failures="0" errors="0" timestamp="2025-05-08T18:51:40" hostname="LAPTOP-RHFQ3ARB" time="0.08">
  <properties/>
  <testcase name="shouldReturnCourseByIdIfExists()" classname="fontys.s3.uplifted.controller.CourseControllerTest" time="0.055"/>
  <testcase name="shouldUpdateExistingCourseWithImage()" classname="fontys.s3.uplifted.controller.CourseControllerTest" time="0.003"/>
  <testcase name="shouldReturnNotFoundIfCourseToDeleteDoesNotExist()" classname="fontys.s3.uplifted.controller.CourseControllerTest" time="0.003"/>
  <testcase name="shouldReturnAllCourses()" classname="fontys.s3.uplifted.controller.CourseControllerTest" time="0.004"/>
  <testcase name="shouldReturnNotFoundIfCourseDoesNotExist()" classname="fontys.s3.uplifted.controller.CourseControllerTest" time="0.003"/>
  <testcase name="shouldDeleteCourseIfExists()" classname="fontys.s3.uplifted.controller.CourseControllerTest" time="0.002"/>
  <testcase name="shouldCreateNewCourseWithImage()" classname="fontys.s3.uplifted.controller.CourseControllerTest" time="0.002"/>
  <testcase name="shouldReturnNotFoundWhenUpdatingNonExistingCourse()" classname="fontys.s3.uplifted.controller.CourseControllerTest" time="0.002"/>
  <system-out><![CDATA[]]></system-out>
  <system-err><![CDATA[]]></system-err>
</testsuite>
