<?xml version="1.0" encoding="UTF-8"?>
<testsuite name="fontys.s3.uplifted.business.CourseServiceImplAdditionalBranchesTest" tests="4" skipped="0" failures="0" errors="0" timestamp="2025-06-20T13:17:13" hostname="LAPTOP-RHFQ3ARB" time="6.214">
  <properties/>
  <testcase name="createCourse_skipsAttachFiles_whenUploadedFilesNull()" classname="fontys.s3.uplifted.business.CourseServiceImplAdditionalBranchesTest" time="6.111"/>
  <testcase name="updateCourse_skipsPartsWhenDtoPartsEmpty()" classname="fontys.s3.uplifted.business.CourseServiceImplAdditionalBranchesTest" time="0.021"/>
  <testcase name="createCourse_skipsAttachFiles_whenPartsNull()" classname="fontys.s3.uplifted.business.CourseServiceImplAdditionalBranchesTest" time="0.019"/>
  <testcase name="getFilteredCourses_withTitleAndCategory_defaultSort_spec()" classname="fontys.s3.uplifted.business.CourseServiceImplAdditionalBranchesTest" time="0.056"/>
  <system-out><![CDATA[15:17:17.738 [Test worker] WARN fontys.s3.uplifted.business.impl.CourseServiceImpl -- Course has no parts or no uploaded files, skipping file attachment.
15:17:19.176 [Test worker] WARN fontys.s3.uplifted.business.impl.CourseServiceImpl -- Course has no parts or no uploaded files, skipping file attachment.
15:17:19.207 [Test worker] WARN fontys.s3.uplifted.business.impl.CourseServiceImpl -- Course has no parts or no uploaded files, skipping file attachment.
]]></system-out>
  <system-err><![CDATA[]]></system-err>
</testsuite>
