<?xml version="1.0" encoding="UTF-8"?>
<testsuite name="fontys.s3.uplifted.business.CourseServiceImplAdditionalBranchesTest" tests="4" skipped="0" failures="0" errors="0" timestamp="2025-06-20T09:58:49" hostname="LAPTOP-RHFQ3ARB" time="6.472">
  <properties/>
  <testcase name="createCourse_skipsAttachFiles_whenUploadedFilesNull()" classname="fontys.s3.uplifted.business.CourseServiceImplAdditionalBranchesTest" time="6.355"/>
  <testcase name="updateCourse_skipsPartsWhenDtoPartsEmpty()" classname="fontys.s3.uplifted.business.CourseServiceImplAdditionalBranchesTest" time="0.021"/>
  <testcase name="createCourse_skipsAttachFiles_whenPartsNull()" classname="fontys.s3.uplifted.business.CourseServiceImplAdditionalBranchesTest" time="0.026"/>
  <testcase name="getFilteredCourses_withTitleAndCategory_defaultSort_spec()" classname="fontys.s3.uplifted.business.CourseServiceImplAdditionalBranchesTest" time="0.061"/>
  <system-out><![CDATA[11:58:54.365 [Test worker] WARN fontys.s3.uplifted.business.impl.CourseServiceImpl -- Course has no parts or no uploaded files, skipping file attachment.
11:58:55.965 [Test worker] WARN fontys.s3.uplifted.business.impl.CourseServiceImpl -- Course has no parts or no uploaded files, skipping file attachment.
11:58:56.004 [Test worker] WARN fontys.s3.uplifted.business.impl.CourseServiceImpl -- Course has no parts or no uploaded files, skipping file attachment.
]]></system-out>
  <system-err><![CDATA[]]></system-err>
</testsuite>
